[ 2017-10-28T01:29:39+08:00 ] 58.211.2.108 /
INFO: [ app_init ] --START--
INFO: Run Behavior\BuildLiteBehavior [ RunTime:0.000017s ]
INFO: [ app_init ] --END-- [ RunTime:0.000370s ]
INFO: [ app_begin ] --START--
INFO: Run Behavior\ReadHtmlCacheBehavior [ RunTime:0.000443s ]
INFO: [ app_begin ] --END-- [ RunTime:0.000495s ]
SQL: SHOW COLUMNS FROM `think_article` [ RunTime:0.0008s ]
SQL: SELECT COUNT(*) AS tp_count FROM `think_article` LIMIT 1   [ RunTime:0.0001s ]
SQL: SELECT * FROM `think_article` ORDER BY id desc LIMIT 0,15   [ RunTime:0.0005s ]
SQL: SHOW COLUMNS FROM `think_banner` [ RunTime:0.0004s ]
SQL: SELECT * FROM `think_banner`  [ RunTime:0.0001s ]
INFO: [ view_parse ] --START--
INFO: [ template_filter ] --START--
INFO: Run Behavior\ContentReplaceBehavior [ RunTime:0.000096s ]
INFO: [ template_filter ] --END-- [ RunTime:0.000165s ]
SQL: SHOW COLUMNS FROM `think_type` [ RunTime:0.0006s ]
SQL: SELECT * FROM `think_type` WHERE `pid` = 0  [ RunTime:0.0001s ]
INFO: [ view_parse ] --START--
INFO: [ template_filter ] --START--
INFO: Run Behavior\ContentReplaceBehavior [ RunTime:0.000047s ]
INFO: [ template_filter ] --END-- [ RunTime:-0.007318s ]
SQL: SHOW COLUMNS FROM `think_type` [ RunTime:0.0005s ]
SQL: SELECT * FROM `think_type` WHERE `pid` = '1'  [ RunTime:0.0001s ]
SQL: SELECT * FROM `think_type` WHERE `pid` = '1'  [ RunTime:0.0001s ]
SQL: SELECT * FROM `think_type` WHERE `pid` = '1'  [ RunTime:0.0001s ]
SQL: SELECT * FROM `think_type` WHERE `pid` = '4'  [ RunTime:0.0001s ]
SQL: SELECT * FROM `think_type` WHERE `pid` = '4'  [ RunTime:0.0001s ]
SQL: SELECT * FROM `think_type` WHERE `pid` = '4'  [ RunTime:0.0000s ]
SQL: SELECT * FROM `think_type` WHERE `pid` = '5'  [ RunTime:0.0001s ]
SQL: SELECT * FROM `think_type` WHERE `pid` = '5'  [ RunTime:0.0000s ]
SQL: SELECT * FROM `think_type` WHERE `pid` = '5'  [ RunTime:0.0001s ]
SQL: SELECT * FROM `think_type` WHERE `pid` = '6'  [ RunTime:0.0001s ]
SQL: SELECT * FROM `think_type` WHERE `pid` = '6'  [ RunTime:0.0000s ]
SQL: SELECT * FROM `think_type` WHERE `pid` = '6'  [ RunTime:0.0000s ]
SQL: SELECT * FROM `think_type` WHERE `pid` = '7'  [ RunTime:0.0001s ]
SQL: SELECT * FROM `think_type` WHERE `pid` = '7'  [ RunTime:0.0001s ]
SQL: SELECT * FROM `think_type` WHERE `pid` = '7'  [ RunTime:0.0001s ]
INFO: Run Behavior\ParseTemplateBehavior [ RunTime:0.008143s ]
INFO: [ view_parse ] --END-- [ RunTime:0.008188s ]
INFO: [ view_filter ] --START--
INFO: Run Behavior\WriteHtmlCacheBehavior [ RunTime:0.000188s ]
INFO: [ view_filter ] --END-- [ RunTime:0.000226s ]
SQL: SHOW COLUMNS FROM `think_article` [ RunTime:0.0006s ]
SQL: SELECT * FROM `think_article` WHERE ( style=1 ) ORDER BY id desc LIMIT 4   [ RunTime:0.0003s ]
SQL: SELECT * FROM `think_article`  [ RunTime:0.0007s ]
SQL: SHOW COLUMNS FROM `think_person` [ RunTime:0.0005s ]
SQL: SELECT * FROM `think_person`  [ RunTime:0.0002s ]
SQL: SELECT * FROM `think_article` WHERE ( style=2 ) ORDER BY id desc LIMIT 4   [ RunTime:0.0003s ]
SQL: SELECT * FROM `think_article` ORDER BY click desc LIMIT 5   [ RunTime:0.0003s ]
INFO: Run Behavior\ParseTemplateBehavior [ RunTime:0.015318s ]
INFO: [ view_parse ] --END-- [ RunTime:0.008188s ]
INFO: [ view_filter ] --START--
INFO: Run Behavior\WriteHtmlCacheBehavior [ RunTime:0.000013s ]
INFO: [ view_filter ] --END-- [ RunTime:-0.006952s ]
INFO: [ app_end ] --START--
INFO: Run Behavior\ShowPageTraceBehavior [ RunTime:0.000615s ]
INFO: [ app_end ] --END-- [ RunTime:0.000665s ]

[ 2017-10-28T01:30:05+08:00 ] 58.211.2.108 /index.php?s=/Home/Article/lst/id/1.html
INFO: [ app_init ] --START--
INFO: Run Behavior\BuildLiteBehavior [ RunTime:0.000012s ]
INFO: [ app_init ] --END-- [ RunTime:0.000245s ]
INFO: [ app_begin ] --START--
INFO: Run Behavior\ReadHtmlCacheBehavior [ RunTime:0.000337s ]
INFO: [ app_begin ] --END-- [ RunTime:0.000374s ]
SQL: SHOW COLUMNS FROM `think_article` [ RunTime:0.0005s ]
SQL: SELECT COUNT(*) AS tp_count FROM `think_article` WHERE `type` = '1' LIMIT 1   [ RunTime:0.0003s ]
SQL: SELECT * FROM `think_article` WHERE `type` = '1' ORDER BY id desc LIMIT 0,5   [ RunTime:0.0002s ]
SQL: SHOW COLUMNS FROM `think_type` [ RunTime:0.0003s ]
SQL: SELECT * FROM `think_type`  [ RunTime:0.0001s ]
INFO: [ view_parse ] --START--
INFO: [ template_filter ] --START--
INFO: Run Behavior\ContentReplaceBehavior [ RunTime:0.000052s ]
INFO: [ template_filter ] --END-- [ RunTime:0.000087s ]
SQL: SHOW COLUMNS FROM `think_type` [ RunTime:0.0004s ]
SQL: SELECT * FROM `think_type` WHERE `pid` = 0  [ RunTime:0.0000s ]
INFO: [ view_parse ] --START--
INFO: [ template_filter ] --START--
INFO: Run Behavior\ContentReplaceBehavior [ RunTime:0.000028s ]
INFO: [ template_filter ] --END-- [ RunTime:-0.003559s ]
SQL: SELECT * FROM `think_type` WHERE `pid` = '1'  [ RunTime:0.0001s ]
SQL: SELECT * FROM `think_type` WHERE `pid` = '1'  [ RunTime:0.0000s ]
SQL: SELECT * FROM `think_type` WHERE `pid` = '1'  [ RunTime:0.0000s ]
SQL: SELECT * FROM `think_type` WHERE `pid` = '4'  [ RunTime:0.0000s ]
SQL: SELECT * FROM `think_type` WHERE `pid` = '4'  [ RunTime:0.0000s ]
SQL: SELECT * FROM `think_type` WHERE `pid` = '4'  [ RunTime:0.0000s ]
SQL: SELECT * FROM `think_type` WHERE `pid` = '5'  [ RunTime:0.0000s ]
SQL: SELECT * FROM `think_type` WHERE `pid` = '5'  [ RunTime:0.0000s ]
SQL: SELECT * FROM `think_type` WHERE `pid` = '5'  [ RunTime:0.0000s ]
SQL: SELECT * FROM `think_type` WHERE `pid` = '6'  [ RunTime:0.0000s ]
SQL: SELECT * FROM `think_type` WHERE `pid` = '6'  [ RunTime:0.0000s ]
SQL: SELECT * FROM `think_type` WHERE `pid` = '6'  [ RunTime:0.0000s ]
SQL: SELECT * FROM `think_type` WHERE `pid` = '7'  [ RunTime:0.0000s ]
SQL: SELECT * FROM `think_type` WHERE `pid` = '7'  [ RunTime:0.0000s ]
SQL: SELECT * FROM `think_type` WHERE `pid` = '7'  [ RunTime:0.0000s ]
INFO: Run Behavior\ParseTemplateBehavior [ RunTime:0.004696s ]
INFO: [ view_parse ] --END-- [ RunTime:0.004725s ]
INFO: [ view_filter ] --START--
INFO: Run Behavior\WriteHtmlCacheBehavior [ RunTime:0.000117s ]
INFO: [ view_filter ] --END-- [ RunTime:0.000142s ]
SQL: SHOW COLUMNS FROM `think_article` [ RunTime:0.0004s ]
SQL: SELECT * FROM `think_article`  [ RunTime:0.0002s ]
SQL: SHOW COLUMNS FROM `think_person` [ RunTime:0.0003s ]
SQL: SELECT * FROM `think_person`  [ RunTime:0.0001s ]
SQL: SELECT * FROM `think_article` WHERE ( style=2 ) ORDER BY id desc LIMIT 4   [ RunTime:0.0001s ]
SQL: SELECT * FROM `think_article` ORDER BY click desc LIMIT 5   [ RunTime:0.0001s ]
INFO: Run Behavior\ParseTemplateBehavior [ RunTime:0.007705s ]
INFO: [ view_parse ] --END-- [ RunTime:0.004725s ]
INFO: [ view_filter ] --START--
INFO: Run Behavior\WriteHtmlCacheBehavior [ RunTime:0.000007s ]
INFO: [ view_filter ] --END-- [ RunTime:-0.002865s ]
INFO: [ app_end ] --START--
INFO: Run Behavior\ShowPageTraceBehavior [ RunTime:0.000407s ]
INFO: [ app_end ] --END-- [ RunTime:0.000440s ]

[ 2017-10-28T09:17:06+08:00 ] 125.39.239.60 /index.php
INFO: [ app_init ] --START--
INFO: Run Behavior\BuildLiteBehavior [ RunTime:0.000011s ]
INFO: [ app_init ] --END-- [ RunTime:0.000233s ]
INFO: [ app_begin ] --START--
INFO: Run Behavior\ReadHtmlCacheBehavior [ RunTime:0.000292s ]
INFO: [ app_begin ] --END-- [ RunTime:0.000329s ]
SQL: SHOW COLUMNS FROM `think_article` [ RunTime:0.0005s ]
SQL: SELECT COUNT(*) AS tp_count FROM `think_article` LIMIT 1   [ RunTime:0.0001s ]
SQL: SELECT * FROM `think_article` ORDER BY id desc LIMIT 0,15   [ RunTime:0.0003s ]
SQL: SHOW COLUMNS FROM `think_banner` [ RunTime:0.0003s ]
SQL: SELECT * FROM `think_banner`  [ RunTime:0.0000s ]
INFO: [ view_parse ] --START--
INFO: [ template_filter ] --START--
INFO: Run Behavior\ContentReplaceBehavior [ RunTime:0.000061s ]
INFO: [ template_filter ] --END-- [ RunTime:0.000095s ]
SQL: SHOW COLUMNS FROM `think_type` [ RunTime:0.0012s ]
SQL: SELECT * FROM `think_type` WHERE `pid` = 0  [ RunTime:0.0000s ]
INFO: [ view_parse ] --START--
INFO: [ template_filter ] --START--
INFO: Run Behavior\ContentReplaceBehavior [ RunTime:0.000028s ]
INFO: [ template_filter ] --END-- [ RunTime:-0.004971s ]
SQL: SHOW COLUMNS FROM `think_type` [ RunTime:0.0003s ]
SQL: SELECT * FROM `think_type` WHERE `pid` = '1'  [ RunTime:0.0000s ]
SQL: SELECT * FROM `think_type` WHERE `pid` = '1'  [ RunTime:0.0000s ]
SQL: SELECT * FROM `think_type` WHERE `pid` = '1'  [ RunTime:0.0001s ]
SQL: SELECT * FROM `think_type` WHERE `pid` = '4'  [ RunTime:0.0000s ]
SQL: SELECT * FROM `think_type` WHERE `pid` = '4'  [ RunTime:0.0000s ]
SQL: SELECT * FROM `think_type` WHERE `pid` = '4'  [ RunTime:0.0000s ]
SQL: SELECT * FROM `think_type` WHERE `pid` = '5'  [ RunTime:0.0000s ]
SQL: SELECT * FROM `think_type` WHERE `pid` = '5'  [ RunTime:0.0000s ]
SQL: SELECT * FROM `think_type` WHERE `pid` = '5'  [ RunTime:0.0000s ]
SQL: SELECT * FROM `think_type` WHERE `pid` = '6'  [ RunTime:0.0001s ]
SQL: SELECT * FROM `think_type` WHERE `pid` = '6'  [ RunTime:0.0000s ]
SQL: SELECT * FROM `think_type` WHERE `pid` = '6'  [ RunTime:0.0000s ]
SQL: SELECT * FROM `think_type` WHERE `pid` = '7'  [ RunTime:0.0000s ]
SQL: SELECT * FROM `think_type` WHERE `pid` = '7'  [ RunTime:0.0000s ]
SQL: SELECT * FROM `think_type` WHERE `pid` = '7'  [ RunTime:0.0000s ]
INFO: Run Behavior\ParseTemplateBehavior [ RunTime:0.005135s ]
INFO: [ view_parse ] --END-- [ RunTime:0.005164s ]
INFO: [ view_filter ] --START--
INFO: Run Behavior\WriteHtmlCacheBehavior [ RunTime:0.000131s ]
INFO: [ view_filter ] --END-- [ RunTime:0.000164s ]
SQL: SHOW COLUMNS FROM `think_article` [ RunTime:0.0004s ]
SQL: SELECT * FROM `think_article` WHERE ( style=1 ) ORDER BY id desc LIMIT 4   [ RunTime:0.0002s ]
SQL: SELECT * FROM `think_article`  [ RunTime:0.0005s ]
SQL: SHOW COLUMNS FROM `think_person` [ RunTime:0.0003s ]
SQL: SELECT * FROM `think_person`  [ RunTime:0.0002s ]
SQL: SELECT * FROM `think_article` WHERE ( style=2 ) ORDER BY id desc LIMIT 4   [ RunTime:0.0002s ]
SQL: SELECT * FROM `think_article` ORDER BY click desc LIMIT 5   [ RunTime:0.0003s ]
INFO: Run Behavior\ParseTemplateBehavior [ RunTime:0.009724s ]
INFO: [ view_parse ] --END-- [ RunTime:0.005164s ]
INFO: [ view_filter ] --START--
INFO: Run Behavior\WriteHtmlCacheBehavior [ RunTime:0.000007s ]
INFO: [ view_filter ] --END-- [ RunTime:-0.004425s ]
INFO: [ app_end ] --START--
INFO: Run Behavior\ShowPageTraceBehavior [ RunTime:0.000363s ]
INFO: [ app_end ] --END-- [ RunTime:0.000394s ]

[ 2017-10-28T12:23:27+08:00 ] 108.162.215.150 /index.php
INFO: [ app_init ] --START--
INFO: Run Behavior\BuildLiteBehavior [ RunTime:0.000012s ]
INFO: [ app_init ] --END-- [ RunTime:0.000251s ]
INFO: [ app_begin ] --START--
INFO: Run Behavior\ReadHtmlCacheBehavior [ RunTime:0.000301s ]
INFO: [ app_begin ] --END-- [ RunTime:0.000342s ]
SQL: SHOW COLUMNS FROM `think_article` [ RunTime:0.0005s ]
SQL: SELECT COUNT(*) AS tp_count FROM `think_article` LIMIT 1   [ RunTime:0.0001s ]
SQL: SELECT * FROM `think_article` ORDER BY id desc LIMIT 0,15   [ RunTime:0.0003s ]
SQL: SHOW COLUMNS FROM `think_banner` [ RunTime:0.0003s ]
SQL: SELECT * FROM `think_banner`  [ RunTime:0.0000s ]
INFO: [ view_parse ] --START--
INFO: [ template_filter ] --START--
INFO: Run Behavior\ContentReplaceBehavior [ RunTime:0.000059s ]
INFO: [ template_filter ] --END-- [ RunTime:0.000099s ]
SQL: SHOW COLUMNS FROM `think_type` [ RunTime:0.0004s ]
SQL: SELECT * FROM `think_type` WHERE `pid` = 0  [ RunTime:0.0001s ]
INFO: [ view_parse ] --START--
INFO: [ template_filter ] --START--
INFO: Run Behavior\ContentReplaceBehavior [ RunTime:0.000028s ]
INFO: [ template_filter ] --END-- [ RunTime:-0.004062s ]
SQL: SHOW COLUMNS FROM `think_type` [ RunTime:0.0003s ]
SQL: SELECT * FROM `think_type` WHERE `pid` = '1'  [ RunTime:0.0001s ]
SQL: SELECT * FROM `think_type` WHERE `pid` = '1'  [ RunTime:0.0000s ]
SQL: SELECT * FROM `think_type` WHERE `pid` = '1'  [ RunTime:0.0001s ]
SQL: SELECT * FROM `think_type` WHERE `pid` = '4'  [ RunTime:0.0000s ]
SQL: SELECT * FROM `think_type` WHERE `pid` = '4'  [ RunTime:0.0000s ]
SQL: SELECT * FROM `think_type` WHERE `pid` = '4'  [ RunTime:0.0000s ]
SQL: SELECT * FROM `think_type` WHERE `pid` = '5'  [ RunTime:0.0000s ]
SQL: SELECT * FROM `think_type` WHERE `pid` = '5'  [ RunTime:0.0000s ]
SQL: SELECT * FROM `think_type` WHERE `pid` = '5'  [ RunTime:0.0000s ]
SQL: SELECT * FROM `think_type` WHERE `pid` = '6'  [ RunTime:0.0000s ]
SQL: SELECT * FROM `think_type` WHERE `pid` = '6'  [ RunTime:0.0000s ]
SQL: SELECT * FROM `think_type` WHERE `pid` = '6'  [ RunTime:0.0000s ]
SQL: SELECT * FROM `think_type` WHERE `pid` = '7'  [ RunTime:0.0000s ]
SQL: SELECT * FROM `think_type` WHERE `pid` = '7'  [ RunTime:0.0000s ]
SQL: SELECT * FROM `think_type` WHERE `pid` = '7'  [ RunTime:0.0000s ]
INFO: Run Behavior\ParseTemplateBehavior [ RunTime:0.005037s ]
INFO: [ view_parse ] --END-- [ RunTime:0.005067s ]
INFO: [ view_filter ] --START--
INFO: Run Behavior\WriteHtmlCacheBehavior [ RunTime:0.000139s ]
INFO: [ view_filter ] --END-- [ RunTime:0.000166s ]
SQL: SHOW COLUMNS FROM `think_article` [ RunTime:0.0004s ]
SQL: SELECT * FROM `think_article` WHERE ( style=1 ) ORDER BY id desc LIMIT 4   [ RunTime:0.0002s ]
SQL: SELECT * FROM `think_article`  [ RunTime:0.0005s ]
SQL: SHOW COLUMNS FROM `think_person` [ RunTime:0.0003s ]
SQL: SELECT * FROM `think_person`  [ RunTime:0.0001s ]
SQL: SELECT * FROM `think_article` WHERE ( style=2 ) ORDER BY id desc LIMIT 4   [ RunTime:0.0002s ]
SQL: SELECT * FROM `think_article` ORDER BY click desc LIMIT 5   [ RunTime:0.0002s ]
INFO: Run Behavior\ParseTemplateBehavior [ RunTime:0.009598s ]
INFO: [ view_parse ] --END-- [ RunTime:0.005067s ]
INFO: [ view_filter ] --START--
INFO: Run Behavior\WriteHtmlCacheBehavior [ RunTime:0.000008s ]
INFO: [ view_filter ] --END-- [ RunTime:-0.004406s ]
INFO: [ app_end ] --START--
INFO: Run Behavior\ShowPageTraceBehavior [ RunTime:0.000362s ]
INFO: [ app_end ] --END-- [ RunTime:0.000395s ]

[ 2017-10-28T12:24:44+08:00 ] 125.39.239.18 /index.php
INFO: [ app_init ] --START--
INFO: Run Behavior\BuildLiteBehavior [ RunTime:0.000011s ]
INFO: [ app_init ] --END-- [ RunTime:0.000272s ]
INFO: [ app_begin ] --START--
INFO: Run Behavior\ReadHtmlCacheBehavior [ RunTime:0.000340s ]
INFO: [ app_begin ] --END-- [ RunTime:0.000376s ]
SQL: SHOW COLUMNS FROM `think_article` [ RunTime:0.0005s ]
SQL: SELECT COUNT(*) AS tp_count FROM `think_article` LIMIT 1   [ RunTime:0.0000s ]
SQL: SELECT * FROM `think_article` ORDER BY id desc LIMIT 0,15   [ RunTime:0.0001s ]
SQL: SHOW COLUMNS FROM `think_banner` [ RunTime:0.0003s ]
SQL: SELECT * FROM `think_banner`  [ RunTime:0.0001s ]
INFO: [ view_parse ] --START--
INFO: [ template_filter ] --START--
INFO: Run Behavior\ContentReplaceBehavior [ RunTime:0.000055s ]
INFO: [ template_filter ] --END-- [ RunTime:0.000089s ]
SQL: SHOW COLUMNS FROM `think_type` [ RunTime:0.0003s ]
SQL: SELECT * FROM `think_type` WHERE `pid` = 0  [ RunTime:0.0000s ]
INFO: [ view_parse ] --START--
INFO: [ template_filter ] --START--
INFO: Run Behavior\ContentReplaceBehavior [ RunTime:0.000026s ]
INFO: [ template_filter ] --END-- [ RunTime:-0.003855s ]
SQL: SHOW COLUMNS FROM `think_type` [ RunTime:0.0003s ]
SQL: SELECT * FROM `think_type` WHERE `pid` = '1'  [ RunTime:0.0000s ]
SQL: SELECT * FROM `think_type` WHERE `pid` = '1'  [ RunTime:0.0000s ]
SQL: SELECT * FROM `think_type` WHERE `pid` = '1'  [ RunTime:0.0000s ]
SQL: SELECT * FROM `think_type` WHERE `pid` = '4'  [ RunTime:0.0001s ]
SQL: SELECT * FROM `think_type` WHERE `pid` = '4'  [ RunTime:0.0000s ]
SQL: SELECT * FROM `think_type` WHERE `pid` = '4'  [ RunTime:0.0000s ]
SQL: SELECT * FROM `think_type` WHERE `pid` = '5'  [ RunTime:0.0000s ]
SQL: SELECT * FROM `think_type` WHERE `pid` = '5'  [ RunTime:0.0000s ]
SQL: SELECT * FROM `think_type` WHERE `pid` = '5'  [ RunTime:0.0000s ]
SQL: SELECT * FROM `think_type` WHERE `pid` = '6'  [ RunTime:0.0000s ]
SQL: SELECT * FROM `think_type` WHERE `pid` = '6'  [ RunTime:0.0000s ]
SQL: SELECT * FROM `think_type` WHERE `pid` = '6'  [ RunTime:0.0001s ]
SQL: SELECT * FROM `think_type` WHERE `pid` = '7'  [ RunTime:0.0000s ]
SQL: SELECT * FROM `think_type` WHERE `pid` = '7'  [ RunTime:0.0000s ]
SQL: SELECT * FROM `think_type` WHERE `pid` = '7'  [ RunTime:0.0000s ]
INFO: Run Behavior\ParseTemplateBehavior [ RunTime:0.005047s ]
INFO: [ view_parse ] --END-- [ RunTime:0.005074s ]
INFO: [ view_filter ] --START--
INFO: Run Behavior\WriteHtmlCacheBehavior [ RunTime:0.000110s ]
INFO: [ view_filter ] --END-- [ RunTime:0.000135s ]
SQL: SHOW COLUMNS FROM `think_article` [ RunTime:0.0004s ]
SQL: SELECT * FROM `think_article` WHERE ( style=1 ) ORDER BY id desc LIMIT 4   [ RunTime:0.0001s ]
SQL: SELECT * FROM `think_article`  [ RunTime:0.0002s ]
SQL: SHOW COLUMNS FROM `think_person` [ RunTime:0.0004s ]
SQL: SELECT * FROM `think_person`  [ RunTime:0.0001s ]
SQL: SELECT * FROM `think_article` WHERE ( style=2 ) ORDER BY id desc LIMIT 4   [ RunTime:0.0001s ]
SQL: SELECT * FROM `think_article` ORDER BY click desc LIMIT 5   [ RunTime:0.0001s ]
INFO: Run Behavior\ParseTemplateBehavior [ RunTime:0.008703s ]
INFO: [ view_parse ] --END-- [ RunTime:0.005074s ]
INFO: [ view_filter ] --START--
INFO: Run Behavior\WriteHtmlCacheBehavior [ RunTime:0.000007s ]
INFO: [ view_filter ] --END-- [ RunTime:-0.003523s ]
INFO: [ app_end ] --START--
INFO: Run Behavior\ShowPageTraceBehavior [ RunTime:0.000317s ]
INFO: [ app_end ] --END-- [ RunTime:0.000346s ]

[ 2017-10-28T20:00:41+08:00 ] 113.207.101.12 /
INFO: [ app_init ] --START--
INFO: Run Behavior\BuildLiteBehavior [ RunTime:0.000015s ]
INFO: [ app_init ] --END-- [ RunTime:0.000362s ]
INFO: [ app_begin ] --START--
INFO: Run Behavior\ReadHtmlCacheBehavior [ RunTime:0.000388s ]
INFO: [ app_begin ] --END-- [ RunTime:0.000430s ]
SQL: SHOW COLUMNS FROM `think_article` [ RunTime:0.0005s ]
SQL: SELECT COUNT(*) AS tp_count FROM `think_article` LIMIT 1   [ RunTime:0.0001s ]
SQL: SELECT * FROM `think_article` ORDER BY id desc LIMIT 0,15   [ RunTime:0.0004s ]
SQL: SHOW COLUMNS FROM `think_banner` [ RunTime:0.0003s ]
SQL: SELECT * FROM `think_banner`  [ RunTime:0.0000s ]
INFO: [ view_parse ] --START--
INFO: [ template_filter ] --START--
INFO: Run Behavior\ContentReplaceBehavior [ RunTime:0.000078s ]
INFO: [ template_filter ] --END-- [ RunTime:0.000141s ]
SQL: SHOW COLUMNS FROM `think_type` [ RunTime:0.0006s ]
SQL: SELECT * FROM `think_type` WHERE `pid` = 0  [ RunTime:0.0001s ]
INFO: [ view_parse ] --START--
INFO: [ template_filter ] --START--
INFO: Run Behavior\ContentReplaceBehavior [ RunTime:0.000043s ]
INFO: [ template_filter ] --END-- [ RunTime:-0.004996s ]
SQL: SHOW COLUMNS FROM `think_type` [ RunTime:0.0003s ]
SQL: SELECT * FROM `think_type` WHERE `pid` = '1'  [ RunTime:0.0000s ]
SQL: SELECT * FROM `think_type` WHERE `pid` = '1'  [ RunTime:0.0000s ]
SQL: SELECT * FROM `think_type` WHERE `pid` = '1'  [ RunTime:0.0000s ]
SQL: SELECT * FROM `think_type` WHERE `pid` = '4'  [ RunTime:0.0000s ]
SQL: SELECT * FROM `think_type` WHERE `pid` = '4'  [ RunTime:0.0000s ]
SQL: SELECT * FROM `think_type` WHERE `pid` = '4'  [ RunTime:0.0000s ]
SQL: SELECT * FROM `think_type` WHERE `pid` = '5'  [ RunTime:0.0000s ]
SQL: SELECT * FROM `think_type` WHERE `pid` = '5'  [ RunTime:0.0000s ]
SQL: SELECT * FROM `think_type` WHERE `pid` = '5'  [ RunTime:0.0000s ]
SQL: SELECT * FROM `think_type` WHERE `pid` = '6'  [ RunTime:0.0000s ]
SQL: SELECT * FROM `think_type` WHERE `pid` = '6'  [ RunTime:0.0001s ]
SQL: SELECT * FROM `think_type` WHERE `pid` = '6'  [ RunTime:0.0000s ]
SQL: SELECT * FROM `think_type` WHERE `pid` = '7'  [ RunTime:0.0000s ]
SQL: SELECT * FROM `think_type` WHERE `pid` = '7'  [ RunTime:0.0000s ]
SQL: SELECT * FROM `think_type` WHERE `pid` = '7'  [ RunTime:0.0000s ]
INFO: Run Behavior\ParseTemplateBehavior [ RunTime:0.005699s ]
INFO: [ view_parse ] --END-- [ RunTime:0.005737s ]
INFO: [ view_filter ] --START--
INFO: Run Behavior\WriteHtmlCacheBehavior [ RunTime:0.000170s ]
INFO: [ view_filter ] --END-- [ RunTime:0.000200s ]
SQL: SHOW COLUMNS FROM `think_article` [ RunTime:0.0004s ]
SQL: SELECT * FROM `think_article` WHERE ( style=1 ) ORDER BY id desc LIMIT 4   [ RunTime:0.0002s ]
SQL: SELECT * FROM `think_article`  [ RunTime:0.0005s ]
SQL: SHOW COLUMNS FROM `think_person` [ RunTime:0.0003s ]
SQL: SELECT * FROM `think_person`  [ RunTime:0.0001s ]
SQL: SELECT * FROM `think_article` WHERE ( style=2 ) ORDER BY id desc LIMIT 4   [ RunTime:0.0003s ]
SQL: SELECT * FROM `think_article` ORDER BY click desc LIMIT 5   [ RunTime:0.0002s ]
INFO: Run Behavior\ParseTemplateBehavior [ RunTime:0.011119s ]
INFO: [ view_parse ] --END-- [ RunTime:0.005737s ]
INFO: [ view_filter ] --START--
INFO: Run Behavior\WriteHtmlCacheBehavior [ RunTime:0.000008s ]
INFO: [ view_filter ] --END-- [ RunTime:-0.005206s ]
INFO: [ app_end ] --START--
INFO: Run Behavior\ShowPageTraceBehavior [ RunTime:0.000395s ]
INFO: [ app_end ] --END-- [ RunTime:0.000429s ]

[ 2017-10-28T20:00:47+08:00 ] 101.71.55.80 /
INFO: [ app_init ] --START--
INFO: Run Behavior\BuildLiteBehavior [ RunTime:0.000013s ]
INFO: [ app_init ] --END-- [ RunTime:0.000278s ]
INFO: [ app_begin ] --START--
INFO: Run Behavior\ReadHtmlCacheBehavior [ RunTime:0.000351s ]
INFO: [ app_begin ] --END-- [ RunTime:0.000394s ]
SQL: SHOW COLUMNS FROM `think_article` [ RunTime:0.0006s ]
SQL: SELECT COUNT(*) AS tp_count FROM `think_article` LIMIT 1   [ RunTime:0.0001s ]
SQL: SELECT * FROM `think_article` ORDER BY id desc LIMIT 0,15   [ RunTime:0.0002s ]
SQL: SHOW COLUMNS FROM `think_banner` [ RunTime:0.0003s ]
SQL: SELECT * FROM `think_banner`  [ RunTime:0.0000s ]
INFO: [ view_parse ] --START--
INFO: [ template_filter ] --START--
INFO: Run Behavior\ContentReplaceBehavior [ RunTime:0.000062s ]
INFO: [ template_filter ] --END-- [ RunTime:0.000109s ]
SQL: SHOW COLUMNS FROM `think_type` [ RunTime:0.0005s ]
SQL: SELECT * FROM `think_type` WHERE `pid` = 0  [ RunTime:0.0001s ]
INFO: [ view_parse ] --START--
INFO: [ template_filter ] --START--
INFO: Run Behavior\ContentReplaceBehavior [ RunTime:0.000034s ]
INFO: [ template_filter ] --END-- [ RunTime:-0.004524s ]
SQL: SHOW COLUMNS FROM `think_type` [ RunTime:0.0004s ]
SQL: SELECT * FROM `think_type` WHERE `pid` = '1'  [ RunTime:0.0001s ]
SQL: SELECT * FROM `think_type` WHERE `pid` = '1'  [ RunTime:0.0000s ]
SQL: SELECT * FROM `think_type` WHERE `pid` = '1'  [ RunTime:0.0000s ]
SQL: SELECT * FROM `think_type` WHERE `pid` = '4'  [ RunTime:0.0000s ]
SQL: SELECT * FROM `think_type` WHERE `pid` = '4'  [ RunTime:0.0000s ]
SQL: SELECT * FROM `think_type` WHERE `pid` = '4'  [ RunTime:0.0001s ]
SQL: SELECT * FROM `think_type` WHERE `pid` = '5'  [ RunTime:0.0000s ]
SQL: SELECT * FROM `think_type` WHERE `pid` = '5'  [ RunTime:0.0000s ]
SQL: SELECT * FROM `think_type` WHERE `pid` = '5'  [ RunTime:0.0000s ]
SQL: SELECT * FROM `think_type` WHERE `pid` = '6'  [ RunTime:0.0000s ]
SQL: SELECT * FROM `think_type` WHERE `pid` = '6'  [ RunTime:0.0000s ]
SQL: SELECT * FROM `think_type` WHERE `pid` = '6'  [ RunTime:0.0001s ]
SQL: SELECT * FROM `think_type` WHERE `pid` = '7'  [ RunTime:0.0000s ]
SQL: SELECT * FROM `think_type` WHERE `pid` = '7'  [ RunTime:0.0001s ]
SQL: SELECT * FROM `think_type` WHERE `pid` = '7'  [ RunTime:0.0000s ]
INFO: Run Behavior\ParseTemplateBehavior [ RunTime:0.005589s ]
INFO: [ view_parse ] --END-- [ RunTime:0.005621s ]
INFO: [ view_filter ] --START--
INFO: Run Behavior\WriteHtmlCacheBehavior [ RunTime:0.000138s ]
INFO: [ view_filter ] --END-- [ RunTime:0.000165s ]
SQL: SHOW COLUMNS FROM `think_article` [ RunTime:0.0004s ]
SQL: SELECT * FROM `think_article` WHERE ( style=1 ) ORDER BY id desc LIMIT 4   [ RunTime:0.0001s ]
SQL: SELECT * FROM `think_article`  [ RunTime:0.0002s ]
SQL: SHOW COLUMNS FROM `think_person` [ RunTime:0.0004s ]
SQL: SELECT * FROM `think_person`  [ RunTime:0.0001s ]
SQL: SELECT * FROM `think_article` WHERE ( style=2 ) ORDER BY id desc LIMIT 4   [ RunTime:0.0001s ]
SQL: SELECT * FROM `think_article` ORDER BY click desc LIMIT 5   [ RunTime:0.0001s ]
INFO: Run Behavior\ParseTemplateBehavior [ RunTime:0.009757s ]
INFO: [ view_parse ] --END-- [ RunTime:0.005621s ]
INFO: [ view_filter ] --START--
INFO: Run Behavior\WriteHtmlCacheBehavior [ RunTime:0.000007s ]
INFO: [ view_filter ] --END-- [ RunTime:-0.004001s ]
INFO: [ app_end ] --START--
INFO: Run Behavior\ShowPageTraceBehavior [ RunTime:0.000435s ]
INFO: [ app_end ] --END-- [ RunTime:0.000468s ]

