[ 2017-10-21T20:46:17+08:00 ] 117.34.13.60 /
INFO: [ app_init ] --START--
INFO: Run Behavior\BuildLiteBehavior [ RunTime:0.000027s ]
INFO: [ app_init ] --END-- [ RunTime:0.000261s ]
INFO: [ app_begin ] --START--
INFO: Run Behavior\ReadHtmlCacheBehavior [ RunTime:0.000298s ]
INFO: [ app_begin ] --END-- [ RunTime:0.000334s ]
SQL: SHOW COLUMNS FROM `think_article` [ RunTime:0.0005s ]
SQL: SELECT COUNT(*) AS tp_count FROM `think_article` LIMIT 1   [ RunTime:0.0001s ]
SQL: SELECT * FROM `think_article` ORDER BY id desc LIMIT 0,15   [ RunTime:0.0003s ]
SQL: SHOW COLUMNS FROM `think_banner` [ RunTime:0.0003s ]
SQL: SELECT * FROM `think_banner`  [ RunTime:0.0000s ]
INFO: [ view_parse ] --START--
INFO: [ template_filter ] --START--
INFO: Run Behavior\ContentReplaceBehavior [ RunTime:0.000073s ]
INFO: [ template_filter ] --END-- [ RunTime:0.000113s ]
SQL: SHOW COLUMNS FROM `think_type` [ RunTime:0.0004s ]
SQL: SELECT * FROM `think_type` WHERE `pid` = 0  [ RunTime:0.0001s ]
INFO: [ view_parse ] --START--
INFO: [ template_filter ] --START--
INFO: Run Behavior\ContentReplaceBehavior [ RunTime:0.000028s ]
INFO: [ template_filter ] --END-- [ RunTime:-0.003882s ]
SQL: SHOW COLUMNS FROM `think_type` [ RunTime:0.0003s ]
SQL: SELECT * FROM `think_type` WHERE `pid` = '1'  [ RunTime:0.0001s ]
SQL: SELECT * FROM `think_type` WHERE `pid` = '1'  [ RunTime:0.0001s ]
SQL: SELECT * FROM `think_type` WHERE `pid` = '1'  [ RunTime:0.0000s ]
SQL: SELECT * FROM `think_type` WHERE `pid` = '4'  [ RunTime:0.0000s ]
SQL: SELECT * FROM `think_type` WHERE `pid` = '4'  [ RunTime:0.0000s ]
SQL: SELECT * FROM `think_type` WHERE `pid` = '4'  [ RunTime:0.0000s ]
SQL: SELECT * FROM `think_type` WHERE `pid` = '5'  [ RunTime:0.0000s ]
SQL: SELECT * FROM `think_type` WHERE `pid` = '5'  [ RunTime:0.0000s ]
SQL: SELECT * FROM `think_type` WHERE `pid` = '5'  [ RunTime:0.0001s ]
SQL: SELECT * FROM `think_type` WHERE `pid` = '6'  [ RunTime:0.0000s ]
SQL: SELECT * FROM `think_type` WHERE `pid` = '6'  [ RunTime:0.0000s ]
SQL: SELECT * FROM `think_type` WHERE `pid` = '6'  [ RunTime:0.0000s ]
SQL: SELECT * FROM `think_type` WHERE `pid` = '7'  [ RunTime:0.0000s ]
SQL: SELECT * FROM `think_type` WHERE `pid` = '7'  [ RunTime:0.0000s ]
SQL: SELECT * FROM `think_type` WHERE `pid` = '7'  [ RunTime:0.0001s ]
INFO: Run Behavior\ParseTemplateBehavior [ RunTime:0.004957s ]
INFO: [ view_parse ] --END-- [ RunTime:0.004996s ]
INFO: [ view_filter ] --START--
INFO: Run Behavior\WriteHtmlCacheBehavior [ RunTime:0.000126s ]
INFO: [ view_filter ] --END-- [ RunTime:0.000152s ]
SQL: SHOW COLUMNS FROM `think_article` [ RunTime:0.0004s ]
SQL: SELECT * FROM `think_article` WHERE ( style=1 ) ORDER BY id desc LIMIT 4   [ RunTime:0.0003s ]
SQL: SELECT * FROM `think_article`  [ RunTime:0.0005s ]
SQL: SHOW COLUMNS FROM `think_person` [ RunTime:0.0004s ]
SQL: SELECT * FROM `think_person`  [ RunTime:0.0001s ]
SQL: SELECT * FROM `think_article` WHERE ( style=2 ) ORDER BY id desc LIMIT 4   [ RunTime:0.0002s ]
SQL: SELECT * FROM `think_article` ORDER BY click desc LIMIT 5   [ RunTime:0.0002s ]
INFO: Run Behavior\ParseTemplateBehavior [ RunTime:0.009604s ]
INFO: [ view_parse ] --END-- [ RunTime:0.004996s ]
INFO: [ view_filter ] --START--
INFO: Run Behavior\WriteHtmlCacheBehavior [ RunTime:0.000008s ]
INFO: [ view_filter ] --END-- [ RunTime:-0.004487s ]
INFO: [ app_end ] --START--
INFO: Run Behavior\ShowPageTraceBehavior [ RunTime:0.000404s ]
INFO: [ app_end ] --END-- [ RunTime:0.000438s ]

[ 2017-10-21T20:46:17+08:00 ] 115.231.186.78 /
INFO: [ app_init ] --START--
INFO: Run Behavior\BuildLiteBehavior [ RunTime:0.000011s ]
INFO: [ app_init ] --END-- [ RunTime:0.000242s ]
INFO: [ app_begin ] --START--
INFO: Run Behavior\ReadHtmlCacheBehavior [ RunTime:0.000296s ]
INFO: [ app_begin ] --END-- [ RunTime:0.000334s ]
SQL: SHOW COLUMNS FROM `think_article` [ RunTime:0.0005s ]
SQL: SELECT COUNT(*) AS tp_count FROM `think_article` LIMIT 1   [ RunTime:0.0001s ]
SQL: SELECT * FROM `think_article` ORDER BY id desc LIMIT 0,15   [ RunTime:0.0001s ]
SQL: SHOW COLUMNS FROM `think_banner` [ RunTime:0.0003s ]
SQL: SELECT * FROM `think_banner`  [ RunTime:0.0000s ]
INFO: [ view_parse ] --START--
INFO: [ template_filter ] --START--
INFO: Run Behavior\ContentReplaceBehavior [ RunTime:0.000061s ]
INFO: [ template_filter ] --END-- [ RunTime:0.000102s ]
SQL: SHOW COLUMNS FROM `think_type` [ RunTime:0.0004s ]
SQL: SELECT * FROM `think_type` WHERE `pid` = 0  [ RunTime:0.0001s ]
INFO: [ view_parse ] --START--
INFO: [ template_filter ] --START--
INFO: Run Behavior\ContentReplaceBehavior [ RunTime:0.000039s ]
INFO: [ template_filter ] --END-- [ RunTime:-0.004162s ]
SQL: SHOW COLUMNS FROM `think_type` [ RunTime:0.0004s ]
SQL: SELECT * FROM `think_type` WHERE `pid` = '1'  [ RunTime:0.0001s ]
SQL: SELECT * FROM `think_type` WHERE `pid` = '1'  [ RunTime:0.0001s ]
SQL: SELECT * FROM `think_type` WHERE `pid` = '1'  [ RunTime:0.0000s ]
SQL: SELECT * FROM `think_type` WHERE `pid` = '4'  [ RunTime:0.0000s ]
SQL: SELECT * FROM `think_type` WHERE `pid` = '4'  [ RunTime:0.0000s ]
SQL: SELECT * FROM `think_type` WHERE `pid` = '4'  [ RunTime:0.0001s ]
SQL: SELECT * FROM `think_type` WHERE `pid` = '5'  [ RunTime:0.0000s ]
SQL: SELECT * FROM `think_type` WHERE `pid` = '5'  [ RunTime:0.0000s ]
SQL: SELECT * FROM `think_type` WHERE `pid` = '5'  [ RunTime:0.0000s ]
SQL: SELECT * FROM `think_type` WHERE `pid` = '6'  [ RunTime:0.0000s ]
SQL: SELECT * FROM `think_type` WHERE `pid` = '6'  [ RunTime:0.0000s ]
SQL: SELECT * FROM `think_type` WHERE `pid` = '6'  [ RunTime:0.0000s ]
SQL: SELECT * FROM `think_type` WHERE `pid` = '7'  [ RunTime:0.0001s ]
SQL: SELECT * FROM `think_type` WHERE `pid` = '7'  [ RunTime:0.0001s ]
SQL: SELECT * FROM `think_type` WHERE `pid` = '7'  [ RunTime:0.0000s ]
INFO: Run Behavior\ParseTemplateBehavior [ RunTime:0.005490s ]
INFO: [ view_parse ] --END-- [ RunTime:0.005519s ]
INFO: [ view_filter ] --START--
INFO: Run Behavior\WriteHtmlCacheBehavior [ RunTime:0.000123s ]
INFO: [ view_filter ] --END-- [ RunTime:0.000148s ]
SQL: SHOW COLUMNS FROM `think_article` [ RunTime:0.0004s ]
SQL: SELECT * FROM `think_article` WHERE ( style=1 ) ORDER BY id desc LIMIT 4   [ RunTime:0.0001s ]
SQL: SELECT * FROM `think_article`  [ RunTime:0.0002s ]
SQL: SHOW COLUMNS FROM `think_person` [ RunTime:0.0004s ]
SQL: SELECT * FROM `think_person`  [ RunTime:0.0001s ]
SQL: SELECT * FROM `think_article` WHERE ( style=2 ) ORDER BY id desc LIMIT 4   [ RunTime:0.0001s ]
SQL: SELECT * FROM `think_article` ORDER BY click desc LIMIT 5   [ RunTime:0.0001s ]
INFO: Run Behavior\ParseTemplateBehavior [ RunTime:0.009454s ]
INFO: [ view_parse ] --END-- [ RunTime:0.005519s ]
INFO: [ view_filter ] --START--
INFO: Run Behavior\WriteHtmlCacheBehavior [ RunTime:0.000007s ]
INFO: [ view_filter ] --END-- [ RunTime:-0.003816s ]
INFO: [ app_end ] --START--
INFO: Run Behavior\ShowPageTraceBehavior [ RunTime:0.000349s ]
INFO: [ app_end ] --END-- [ RunTime:0.000384s ]

[ 2017-10-21T20:46:22+08:00 ] 115.231.186.78 /
INFO: [ app_init ] --START--
INFO: Run Behavior\BuildLiteBehavior [ RunTime:0.000011s ]
INFO: [ app_init ] --END-- [ RunTime:0.000251s ]
INFO: [ app_begin ] --START--
INFO: Run Behavior\ReadHtmlCacheBehavior [ RunTime:0.000376s ]
INFO: [ app_begin ] --END-- [ RunTime:0.000418s ]
SQL: SHOW COLUMNS FROM `think_article` [ RunTime:0.0005s ]
SQL: SELECT COUNT(*) AS tp_count FROM `think_article` LIMIT 1   [ RunTime:0.0000s ]
SQL: SELECT * FROM `think_article` ORDER BY id desc LIMIT 0,15   [ RunTime:0.0002s ]
SQL: SHOW COLUMNS FROM `think_banner` [ RunTime:0.0003s ]
SQL: SELECT * FROM `think_banner`  [ RunTime:0.0001s ]
INFO: [ view_parse ] --START--
INFO: [ template_filter ] --START--
INFO: Run Behavior\ContentReplaceBehavior [ RunTime:0.000099s ]
INFO: [ template_filter ] --END-- [ RunTime:0.000142s ]
SQL: SHOW COLUMNS FROM `think_type` [ RunTime:0.0006s ]
SQL: SELECT * FROM `think_type` WHERE `pid` = 0  [ RunTime:0.0001s ]
INFO: [ view_parse ] --START--
INFO: [ template_filter ] --START--
INFO: Run Behavior\ContentReplaceBehavior [ RunTime:0.000028s ]
INFO: [ template_filter ] --END-- [ RunTime:-0.004591s ]
SQL: SHOW COLUMNS FROM `think_type` [ RunTime:0.0003s ]
SQL: SELECT * FROM `think_type` WHERE `pid` = '1'  [ RunTime:0.0001s ]
SQL: SELECT * FROM `think_type` WHERE `pid` = '1'  [ RunTime:0.0000s ]
SQL: SELECT * FROM `think_type` WHERE `pid` = '1'  [ RunTime:0.0000s ]
SQL: SELECT * FROM `think_type` WHERE `pid` = '4'  [ RunTime:0.0000s ]
SQL: SELECT * FROM `think_type` WHERE `pid` = '4'  [ RunTime:0.0001s ]
SQL: SELECT * FROM `think_type` WHERE `pid` = '4'  [ RunTime:0.0000s ]
SQL: SELECT * FROM `think_type` WHERE `pid` = '5'  [ RunTime:0.0000s ]
SQL: SELECT * FROM `think_type` WHERE `pid` = '5'  [ RunTime:0.0000s ]
SQL: SELECT * FROM `think_type` WHERE `pid` = '5'  [ RunTime:0.0000s ]
SQL: SELECT * FROM `think_type` WHERE `pid` = '6'  [ RunTime:0.0000s ]
SQL: SELECT * FROM `think_type` WHERE `pid` = '6'  [ RunTime:0.0000s ]
SQL: SELECT * FROM `think_type` WHERE `pid` = '6'  [ RunTime:0.0001s ]
SQL: SELECT * FROM `think_type` WHERE `pid` = '7'  [ RunTime:0.0001s ]
SQL: SELECT * FROM `think_type` WHERE `pid` = '7'  [ RunTime:0.0000s ]
SQL: SELECT * FROM `think_type` WHERE `pid` = '7'  [ RunTime:0.0000s ]
INFO: Run Behavior\ParseTemplateBehavior [ RunTime:0.005276s ]
INFO: [ view_parse ] --END-- [ RunTime:0.005306s ]
INFO: [ view_filter ] --START--
INFO: Run Behavior\WriteHtmlCacheBehavior [ RunTime:0.000120s ]
INFO: [ view_filter ] --END-- [ RunTime:0.000145s ]
SQL: SHOW COLUMNS FROM `think_article` [ RunTime:0.0004s ]
SQL: SELECT * FROM `think_article` WHERE ( style=1 ) ORDER BY id desc LIMIT 4   [ RunTime:0.0001s ]
SQL: SELECT * FROM `think_article`  [ RunTime:0.0002s ]
SQL: SHOW COLUMNS FROM `think_person` [ RunTime:0.0003s ]
SQL: SELECT * FROM `think_person`  [ RunTime:0.0002s ]
SQL: SELECT * FROM `think_article` WHERE ( style=2 ) ORDER BY id desc LIMIT 4   [ RunTime:0.0001s ]
SQL: SELECT * FROM `think_article` ORDER BY click desc LIMIT 5   [ RunTime:0.0001s ]
INFO: Run Behavior\ParseTemplateBehavior [ RunTime:0.009467s ]
INFO: [ view_parse ] --END-- [ RunTime:0.005306s ]
INFO: [ view_filter ] --START--
INFO: Run Behavior\WriteHtmlCacheBehavior [ RunTime:0.000007s ]
INFO: [ view_filter ] --END-- [ RunTime:-0.004047s ]
INFO: [ app_end ] --START--
INFO: Run Behavior\ShowPageTraceBehavior [ RunTime:0.000439s ]
INFO: [ app_end ] --END-- [ RunTime:0.000473s ]

