[ 2017-10-22T21:31:12+08:00 ] 58.211.2.6 /
INFO: [ app_init ] --START--
INFO: Run Behavior\BuildLiteBehavior [ RunTime:0.000012s ]
INFO: [ app_init ] --END-- [ RunTime:0.000269s ]
INFO: [ app_begin ] --START--
INFO: Run Behavior\ReadHtmlCacheBehavior [ RunTime:0.000309s ]
INFO: [ app_begin ] --END-- [ RunTime:0.000346s ]
SQL: SHOW COLUMNS FROM `think_article` [ RunTime:0.0005s ]
SQL: SELECT COUNT(*) AS tp_count FROM `think_article` LIMIT 1   [ RunTime:0.0001s ]
SQL: SELECT * FROM `think_article` ORDER BY id desc LIMIT 0,15   [ RunTime:0.0003s ]
SQL: SHOW COLUMNS FROM `think_banner` [ RunTime:0.0003s ]
SQL: SELECT * FROM `think_banner`  [ RunTime:0.0001s ]
INFO: [ view_parse ] --START--
INFO: [ template_filter ] --START--
INFO: Run Behavior\ContentReplaceBehavior [ RunTime:0.000060s ]
INFO: [ template_filter ] --END-- [ RunTime:0.000100s ]
SQL: SHOW COLUMNS FROM `think_type` [ RunTime:0.0005s ]
SQL: SELECT * FROM `think_type` WHERE `pid` = 0  [ RunTime:0.0001s ]
INFO: [ view_parse ] --START--
INFO: [ template_filter ] --START--
INFO: Run Behavior\ContentReplaceBehavior [ RunTime:0.000028s ]
INFO: [ template_filter ] --END-- [ RunTime:-0.004010s ]
SQL: SHOW COLUMNS FROM `think_type` [ RunTime:0.0003s ]
SQL: SELECT * FROM `think_type` WHERE `pid` = '1'  [ RunTime:0.0001s ]
SQL: SELECT * FROM `think_type` WHERE `pid` = '1'  [ RunTime:0.0000s ]
SQL: SELECT * FROM `think_type` WHERE `pid` = '1'  [ RunTime:0.0000s ]
SQL: SELECT * FROM `think_type` WHERE `pid` = '4'  [ RunTime:0.0001s ]
SQL: SELECT * FROM `think_type` WHERE `pid` = '4'  [ RunTime:0.0000s ]
SQL: SELECT * FROM `think_type` WHERE `pid` = '4'  [ RunTime:0.0000s ]
SQL: SELECT * FROM `think_type` WHERE `pid` = '5'  [ RunTime:0.0000s ]
SQL: SELECT * FROM `think_type` WHERE `pid` = '5'  [ RunTime:0.0000s ]
SQL: SELECT * FROM `think_type` WHERE `pid` = '5'  [ RunTime:0.0000s ]
SQL: SELECT * FROM `think_type` WHERE `pid` = '6'  [ RunTime:0.0000s ]
SQL: SELECT * FROM `think_type` WHERE `pid` = '6'  [ RunTime:0.0001s ]
SQL: SELECT * FROM `think_type` WHERE `pid` = '6'  [ RunTime:0.0000s ]
SQL: SELECT * FROM `think_type` WHERE `pid` = '7'  [ RunTime:0.0000s ]
SQL: SELECT * FROM `think_type` WHERE `pid` = '7'  [ RunTime:0.0000s ]
SQL: SELECT * FROM `think_type` WHERE `pid` = '7'  [ RunTime:0.0000s ]
INFO: Run Behavior\ParseTemplateBehavior [ RunTime:0.005115s ]
INFO: [ view_parse ] --END-- [ RunTime:0.005146s ]
INFO: [ view_filter ] --START--
INFO: Run Behavior\WriteHtmlCacheBehavior [ RunTime:0.000134s ]
INFO: [ view_filter ] --END-- [ RunTime:0.000168s ]
SQL: SHOW COLUMNS FROM `think_article` [ RunTime:0.0004s ]
SQL: SELECT * FROM `think_article` WHERE ( style=1 ) ORDER BY id desc LIMIT 4   [ RunTime:0.0003s ]
SQL: SELECT * FROM `think_article`  [ RunTime:0.0005s ]
SQL: SHOW COLUMNS FROM `think_person` [ RunTime:0.0003s ]
SQL: SELECT * FROM `think_person`  [ RunTime:0.0001s ]
SQL: SELECT * FROM `think_article` WHERE ( style=2 ) ORDER BY id desc LIMIT 4   [ RunTime:0.0002s ]
SQL: SELECT * FROM `think_article` ORDER BY click desc LIMIT 5   [ RunTime:0.0002s ]
INFO: Run Behavior\ParseTemplateBehavior [ RunTime:0.009725s ]
INFO: [ view_parse ] --END-- [ RunTime:0.005146s ]
INFO: [ view_filter ] --START--
INFO: Run Behavior\WriteHtmlCacheBehavior [ RunTime:0.000007s ]
INFO: [ view_filter ] --END-- [ RunTime:-0.004442s ]
INFO: [ app_end ] --START--
INFO: Run Behavior\ShowPageTraceBehavior [ RunTime:0.000389s ]
INFO: [ app_end ] --END-- [ RunTime:0.000422s ]

[ 2017-10-22T21:32:28+08:00 ] 113.207.101.24 /
INFO: [ app_init ] --START--
INFO: Run Behavior\BuildLiteBehavior [ RunTime:0.000011s ]
INFO: [ app_init ] --END-- [ RunTime:0.000247s ]
INFO: [ app_begin ] --START--
INFO: Run Behavior\ReadHtmlCacheBehavior [ RunTime:0.000443s ]
INFO: [ app_begin ] --END-- [ RunTime:0.000504s ]
SQL: SHOW COLUMNS FROM `think_article` [ RunTime:0.0005s ]
SQL: SELECT COUNT(*) AS tp_count FROM `think_article` LIMIT 1   [ RunTime:0.0001s ]
SQL: SELECT * FROM `think_article` ORDER BY id desc LIMIT 0,15   [ RunTime:0.0001s ]
SQL: SHOW COLUMNS FROM `think_banner` [ RunTime:0.0003s ]
SQL: SELECT * FROM `think_banner`  [ RunTime:0.0001s ]
INFO: [ view_parse ] --START--
INFO: [ template_filter ] --START--
INFO: Run Behavior\ContentReplaceBehavior [ RunTime:0.000056s ]
INFO: [ template_filter ] --END-- [ RunTime:0.000092s ]
SQL: SHOW COLUMNS FROM `think_type` [ RunTime:0.0004s ]
SQL: SELECT * FROM `think_type` WHERE `pid` = 0  [ RunTime:0.0001s ]
INFO: [ view_parse ] --START--
INFO: [ template_filter ] --START--
INFO: Run Behavior\ContentReplaceBehavior [ RunTime:0.000027s ]
INFO: [ template_filter ] --END-- [ RunTime:-0.004015s ]
SQL: SHOW COLUMNS FROM `think_type` [ RunTime:0.0003s ]
SQL: SELECT * FROM `think_type` WHERE `pid` = '1'  [ RunTime:0.0001s ]
SQL: SELECT * FROM `think_type` WHERE `pid` = '1'  [ RunTime:0.0000s ]
SQL: SELECT * FROM `think_type` WHERE `pid` = '1'  [ RunTime:0.0000s ]
SQL: SELECT * FROM `think_type` WHERE `pid` = '4'  [ RunTime:0.0000s ]
SQL: SELECT * FROM `think_type` WHERE `pid` = '4'  [ RunTime:0.0000s ]
SQL: SELECT * FROM `think_type` WHERE `pid` = '4'  [ RunTime:0.0000s ]
SQL: SELECT * FROM `think_type` WHERE `pid` = '5'  [ RunTime:0.0000s ]
SQL: SELECT * FROM `think_type` WHERE `pid` = '5'  [ RunTime:0.0000s ]
SQL: SELECT * FROM `think_type` WHERE `pid` = '5'  [ RunTime:0.0000s ]
SQL: SELECT * FROM `think_type` WHERE `pid` = '6'  [ RunTime:0.0000s ]
SQL: SELECT * FROM `think_type` WHERE `pid` = '6'  [ RunTime:0.0000s ]
SQL: SELECT * FROM `think_type` WHERE `pid` = '6'  [ RunTime:0.0000s ]
SQL: SELECT * FROM `think_type` WHERE `pid` = '7'  [ RunTime:0.0000s ]
SQL: SELECT * FROM `think_type` WHERE `pid` = '7'  [ RunTime:0.0000s ]
SQL: SELECT * FROM `think_type` WHERE `pid` = '7'  [ RunTime:0.0001s ]
INFO: Run Behavior\ParseTemplateBehavior [ RunTime:0.004938s ]
INFO: [ view_parse ] --END-- [ RunTime:0.004967s ]
INFO: [ view_filter ] --START--
INFO: Run Behavior\WriteHtmlCacheBehavior [ RunTime:0.000115s ]
INFO: [ view_filter ] --END-- [ RunTime:0.000141s ]
SQL: SHOW COLUMNS FROM `think_article` [ RunTime:0.0003s ]
SQL: SELECT * FROM `think_article` WHERE ( style=1 ) ORDER BY id desc LIMIT 4   [ RunTime:0.0001s ]
SQL: SELECT * FROM `think_article`  [ RunTime:0.0002s ]
SQL: SHOW COLUMNS FROM `think_person` [ RunTime:0.0003s ]
SQL: SELECT * FROM `think_person`  [ RunTime:0.0001s ]
SQL: SELECT * FROM `think_article` WHERE ( style=2 ) ORDER BY id desc LIMIT 4   [ RunTime:0.0001s ]
SQL: SELECT * FROM `think_article` ORDER BY click desc LIMIT 5   [ RunTime:0.0001s ]
INFO: Run Behavior\ParseTemplateBehavior [ RunTime:0.008588s ]
INFO: [ view_parse ] --END-- [ RunTime:0.004967s ]
INFO: [ view_filter ] --START--
INFO: Run Behavior\WriteHtmlCacheBehavior [ RunTime:0.000008s ]
INFO: [ view_filter ] --END-- [ RunTime:-0.003519s ]
INFO: [ app_end ] --START--
INFO: Run Behavior\ShowPageTraceBehavior [ RunTime:0.000341s ]
INFO: [ app_end ] --END-- [ RunTime:0.000372s ]

[ 2017-10-22T21:32:49+08:00 ] 113.207.101.12 /index.php?s=/Home/Article/index/aid/57.html
INFO: [ app_init ] --START--
INFO: Run Behavior\BuildLiteBehavior [ RunTime:0.000011s ]
INFO: [ app_init ] --END-- [ RunTime:0.000251s ]
INFO: [ app_begin ] --START--
INFO: Run Behavior\ReadHtmlCacheBehavior [ RunTime:0.000347s ]
INFO: [ app_begin ] --END-- [ RunTime:0.000396s ]
SQL: SHOW COLUMNS FROM `think_article` [ RunTime:0.0005s ]
SQL: UPDATE `think_article` SET `click`=click+3 WHERE ( id='57' ) [ RunTime:0.0002s ]
SQL: SELECT * FROM `think_article` WHERE ( id='57' ) LIMIT 1   [ RunTime:0.0001s ]
INFO: [ view_parse ] --START--
INFO: [ template_filter ] --START--
INFO: Run Behavior\ContentReplaceBehavior [ RunTime:0.000057s ]
INFO: [ template_filter ] --END-- [ RunTime:0.000105s ]
SQL: SHOW COLUMNS FROM `think_type` [ RunTime:0.0005s ]
SQL: SELECT * FROM `think_type` WHERE `pid` = 0  [ RunTime:0.0001s ]
INFO: [ view_parse ] --START--
INFO: [ template_filter ] --START--
INFO: Run Behavior\ContentReplaceBehavior [ RunTime:0.000030s ]
INFO: [ template_filter ] --END-- [ RunTime:-0.003763s ]
SQL: SHOW COLUMNS FROM `think_type` [ RunTime:0.0003s ]
SQL: SELECT * FROM `think_type` WHERE `pid` = '1'  [ RunTime:0.0001s ]
SQL: SELECT * FROM `think_type` WHERE `pid` = '1'  [ RunTime:0.0000s ]
SQL: SELECT * FROM `think_type` WHERE `pid` = '1'  [ RunTime:0.0000s ]
SQL: SELECT * FROM `think_type` WHERE `pid` = '4'  [ RunTime:0.0000s ]
SQL: SELECT * FROM `think_type` WHERE `pid` = '4'  [ RunTime:0.0000s ]
SQL: SELECT * FROM `think_type` WHERE `pid` = '4'  [ RunTime:0.0000s ]
SQL: SELECT * FROM `think_type` WHERE `pid` = '5'  [ RunTime:0.0000s ]
SQL: SELECT * FROM `think_type` WHERE `pid` = '5'  [ RunTime:0.0001s ]
SQL: SELECT * FROM `think_type` WHERE `pid` = '5'  [ RunTime:0.0000s ]
SQL: SELECT * FROM `think_type` WHERE `pid` = '6'  [ RunTime:0.0000s ]
SQL: SELECT * FROM `think_type` WHERE `pid` = '6'  [ RunTime:0.0000s ]
SQL: SELECT * FROM `think_type` WHERE `pid` = '6'  [ RunTime:0.0000s ]
SQL: SELECT * FROM `think_type` WHERE `pid` = '7'  [ RunTime:0.0000s ]
SQL: SELECT * FROM `think_type` WHERE `pid` = '7'  [ RunTime:0.0000s ]
SQL: SELECT * FROM `think_type` WHERE `pid` = '7'  [ RunTime:0.0000s ]
INFO: Run Behavior\ParseTemplateBehavior [ RunTime:0.005132s ]
INFO: [ view_parse ] --END-- [ RunTime:0.005162s ]
INFO: [ view_filter ] --START--
INFO: Run Behavior\WriteHtmlCacheBehavior [ RunTime:0.000129s ]
INFO: [ view_filter ] --END-- [ RunTime:0.000154s ]
SQL: SHOW COLUMNS FROM `think_article` [ RunTime:0.0004s ]
SQL: SELECT * FROM `think_article`  [ RunTime:0.0005s ]
SQL: SHOW COLUMNS FROM `think_person` [ RunTime:0.0003s ]
SQL: SELECT * FROM `think_person`  [ RunTime:0.0001s ]
SQL: SELECT * FROM `think_article` WHERE ( style=2 ) ORDER BY id desc LIMIT 4   [ RunTime:0.0003s ]
SQL: SELECT * FROM `think_article` ORDER BY click desc LIMIT 5   [ RunTime:0.0002s ]
INFO: Run Behavior\ParseTemplateBehavior [ RunTime:0.008558s ]
INFO: [ view_parse ] --END-- [ RunTime:0.005162s ]
INFO: [ view_filter ] --START--
INFO: Run Behavior\WriteHtmlCacheBehavior [ RunTime:0.000007s ]
INFO: [ view_filter ] --END-- [ RunTime:-0.003273s ]
INFO: [ app_end ] --START--
INFO: Run Behavior\ShowPageTraceBehavior [ RunTime:0.000393s ]
INFO: [ app_end ] --END-- [ RunTime:0.000426s ]

[ 2017-10-22T21:32:59+08:00 ] 101.71.55.110 /index.php?s=/Home/Article/index/aid/57.html
INFO: [ app_init ] --START--
INFO: Run Behavior\BuildLiteBehavior [ RunTime:0.000013s ]
INFO: [ app_init ] --END-- [ RunTime:0.000289s ]
INFO: [ app_begin ] --START--
INFO: Run Behavior\ReadHtmlCacheBehavior [ RunTime:0.000292s ]
INFO: [ app_begin ] --END-- [ RunTime:0.000328s ]
SQL: SHOW COLUMNS FROM `think_article` [ RunTime:0.0006s ]
SQL: UPDATE `think_article` SET `click`=click+3 WHERE ( id='57' ) [ RunTime:0.0002s ]
SQL: SELECT * FROM `think_article` WHERE ( id='57' ) LIMIT 1   [ RunTime:0.0002s ]
INFO: [ view_parse ] --START--
INFO: [ template_filter ] --START--
INFO: Run Behavior\ContentReplaceBehavior [ RunTime:0.000065s ]
INFO: [ template_filter ] --END-- [ RunTime:0.000102s ]
SQL: SHOW COLUMNS FROM `think_type` [ RunTime:0.0004s ]
SQL: SELECT * FROM `think_type` WHERE `pid` = 0  [ RunTime:0.0001s ]
INFO: [ view_parse ] --START--
INFO: [ template_filter ] --START--
INFO: Run Behavior\ContentReplaceBehavior [ RunTime:0.000032s ]
INFO: [ template_filter ] --END-- [ RunTime:-0.003575s ]
SQL: SHOW COLUMNS FROM `think_type` [ RunTime:0.0003s ]
SQL: SELECT * FROM `think_type` WHERE `pid` = '1'  [ RunTime:0.0001s ]
SQL: SELECT * FROM `think_type` WHERE `pid` = '1'  [ RunTime:0.0001s ]
SQL: SELECT * FROM `think_type` WHERE `pid` = '1'  [ RunTime:0.0000s ]
SQL: SELECT * FROM `think_type` WHERE `pid` = '4'  [ RunTime:0.0000s ]
SQL: SELECT * FROM `think_type` WHERE `pid` = '4'  [ RunTime:0.0001s ]
SQL: SELECT * FROM `think_type` WHERE `pid` = '4'  [ RunTime:0.0000s ]
SQL: SELECT * FROM `think_type` WHERE `pid` = '5'  [ RunTime:0.0000s ]
SQL: SELECT * FROM `think_type` WHERE `pid` = '5'  [ RunTime:0.0000s ]
SQL: SELECT * FROM `think_type` WHERE `pid` = '5'  [ RunTime:0.0001s ]
SQL: SELECT * FROM `think_type` WHERE `pid` = '6'  [ RunTime:0.0000s ]
SQL: SELECT * FROM `think_type` WHERE `pid` = '6'  [ RunTime:0.0000s ]
SQL: SELECT * FROM `think_type` WHERE `pid` = '6'  [ RunTime:0.0000s ]
SQL: SELECT * FROM `think_type` WHERE `pid` = '7'  [ RunTime:0.0000s ]
SQL: SELECT * FROM `think_type` WHERE `pid` = '7'  [ RunTime:0.0000s ]
SQL: SELECT * FROM `think_type` WHERE `pid` = '7'  [ RunTime:0.0000s ]
INFO: Run Behavior\ParseTemplateBehavior [ RunTime:0.005330s ]
INFO: [ view_parse ] --END-- [ RunTime:0.005362s ]
INFO: [ view_filter ] --START--
INFO: Run Behavior\WriteHtmlCacheBehavior [ RunTime:0.000129s ]
INFO: [ view_filter ] --END-- [ RunTime:0.000155s ]
SQL: SHOW COLUMNS FROM `think_article` [ RunTime:0.0004s ]
SQL: SELECT * FROM `think_article`  [ RunTime:0.0006s ]
SQL: SHOW COLUMNS FROM `think_person` [ RunTime:0.0003s ]
SQL: SELECT * FROM `think_person`  [ RunTime:0.0001s ]
SQL: SELECT * FROM `think_article` WHERE ( style=2 ) ORDER BY id desc LIMIT 4   [ RunTime:0.0003s ]
SQL: SELECT * FROM `think_article` ORDER BY click desc LIMIT 5   [ RunTime:0.0002s ]
INFO: Run Behavior\ParseTemplateBehavior [ RunTime:0.008986s ]
INFO: [ view_parse ] --END-- [ RunTime:0.005362s ]
INFO: [ view_filter ] --START--
INFO: Run Behavior\WriteHtmlCacheBehavior [ RunTime:0.000007s ]
INFO: [ view_filter ] --END-- [ RunTime:-0.003501s ]
INFO: [ app_end ] --START--
INFO: Run Behavior\ShowPageTraceBehavior [ RunTime:0.000414s ]
INFO: [ app_end ] --END-- [ RunTime:0.000446s ]

