[ 2017-10-24T13:35:17+08:00 ] 122.190.2.60 /
INFO: [ app_init ] --START--
INFO: Run Behavior\BuildLiteBehavior [ RunTime:0.000014s ]
INFO: [ app_init ] --END-- [ RunTime:0.000283s ]
INFO: [ app_begin ] --START--
INFO: Run Behavior\ReadHtmlCacheBehavior [ RunTime:0.000307s ]
INFO: [ app_begin ] --END-- [ RunTime:0.000345s ]
SQL: SHOW COLUMNS FROM `think_article` [ RunTime:0.0006s ]
SQL: SELECT COUNT(*) AS tp_count FROM `think_article` LIMIT 1   [ RunTime:0.0001s ]
SQL: SELECT * FROM `think_article` ORDER BY id desc LIMIT 0,15   [ RunTime:0.0003s ]
SQL: SHOW COLUMNS FROM `think_banner` [ RunTime:0.0003s ]
SQL: SELECT * FROM `think_banner`  [ RunTime:0.0001s ]
INFO: [ view_parse ] --START--
INFO: [ template_filter ] --START--
INFO: Run Behavior\ContentReplaceBehavior [ RunTime:0.000064s ]
INFO: [ template_filter ] --END-- [ RunTime:0.000113s ]
SQL: SHOW COLUMNS FROM `think_type` [ RunTime:0.0005s ]
SQL: SELECT * FROM `think_type` WHERE `pid` = 0  [ RunTime:0.0001s ]
INFO: [ view_parse ] --START--
INFO: [ template_filter ] --START--
INFO: Run Behavior\ContentReplaceBehavior [ RunTime:0.000033s ]
INFO: [ template_filter ] --END-- [ RunTime:-0.004338s ]
SQL: SHOW COLUMNS FROM `think_type` [ RunTime:0.0003s ]
SQL: SELECT * FROM `think_type` WHERE `pid` = '1'  [ RunTime:0.0001s ]
SQL: SELECT * FROM `think_type` WHERE `pid` = '1'  [ RunTime:0.0001s ]
SQL: SELECT * FROM `think_type` WHERE `pid` = '1'  [ RunTime:0.0000s ]
SQL: SELECT * FROM `think_type` WHERE `pid` = '4'  [ RunTime:0.0000s ]
SQL: SELECT * FROM `think_type` WHERE `pid` = '4'  [ RunTime:0.0000s ]
SQL: SELECT * FROM `think_type` WHERE `pid` = '4'  [ RunTime:0.0000s ]
SQL: SELECT * FROM `think_type` WHERE `pid` = '5'  [ RunTime:0.0000s ]
SQL: SELECT * FROM `think_type` WHERE `pid` = '5'  [ RunTime:0.0000s ]
SQL: SELECT * FROM `think_type` WHERE `pid` = '5'  [ RunTime:0.0001s ]
SQL: SELECT * FROM `think_type` WHERE `pid` = '6'  [ RunTime:0.0000s ]
SQL: SELECT * FROM `think_type` WHERE `pid` = '6'  [ RunTime:0.0000s ]
SQL: SELECT * FROM `think_type` WHERE `pid` = '6'  [ RunTime:0.0000s ]
SQL: SELECT * FROM `think_type` WHERE `pid` = '7'  [ RunTime:0.0000s ]
SQL: SELECT * FROM `think_type` WHERE `pid` = '7'  [ RunTime:0.0001s ]
SQL: SELECT * FROM `think_type` WHERE `pid` = '7'  [ RunTime:0.0001s ]
INFO: Run Behavior\ParseTemplateBehavior [ RunTime:0.005540s ]
INFO: [ view_parse ] --END-- [ RunTime:0.005571s ]
INFO: [ view_filter ] --START--
INFO: Run Behavior\WriteHtmlCacheBehavior [ RunTime:0.000133s ]
INFO: [ view_filter ] --END-- [ RunTime:0.000158s ]
SQL: SHOW COLUMNS FROM `think_article` [ RunTime:0.0004s ]
SQL: SELECT * FROM `think_article` WHERE ( style=1 ) ORDER BY id desc LIMIT 4   [ RunTime:0.0003s ]
SQL: SELECT * FROM `think_article`  [ RunTime:0.0005s ]
SQL: SHOW COLUMNS FROM `think_person` [ RunTime:0.0004s ]
SQL: SELECT * FROM `think_person`  [ RunTime:0.0001s ]
SQL: SELECT * FROM `think_article` WHERE ( style=2 ) ORDER BY id desc LIMIT 4   [ RunTime:0.0003s ]
SQL: SELECT * FROM `think_article` ORDER BY click desc LIMIT 5   [ RunTime:0.0002s ]
INFO: Run Behavior\ParseTemplateBehavior [ RunTime:0.010273s ]
INFO: [ view_parse ] --END-- [ RunTime:0.005571s ]
INFO: [ view_filter ] --START--
INFO: Run Behavior\WriteHtmlCacheBehavior [ RunTime:0.000029s ]
INFO: [ view_filter ] --END-- [ RunTime:-0.004592s ]
INFO: [ app_end ] --START--
INFO: Run Behavior\ShowPageTraceBehavior [ RunTime:0.000419s ]
INFO: [ app_end ] --END-- [ RunTime:0.000454s ]

