[ 2017-10-26T16:22:42+08:00 ] 117.34.13.78 /
INFO: [ app_init ] --START--
INFO: Run Behavior\BuildLiteBehavior [ RunTime:0.000012s ]
INFO: [ app_init ] --END-- [ RunTime:0.000255s ]
INFO: [ app_begin ] --START--
INFO: Run Behavior\ReadHtmlCacheBehavior [ RunTime:0.000326s ]
INFO: [ app_begin ] --END-- [ RunTime:0.000368s ]
SQL: SHOW COLUMNS FROM `think_article` [ RunTime:0.0005s ]
SQL: SELECT COUNT(*) AS tp_count FROM `think_article` LIMIT 1   [ RunTime:0.0001s ]
SQL: SELECT * FROM `think_article` ORDER BY id desc LIMIT 0,15   [ RunTime:0.0004s ]
SQL: SHOW COLUMNS FROM `think_banner` [ RunTime:0.0003s ]
SQL: SELECT * FROM `think_banner`  [ RunTime:0.0000s ]
INFO: [ view_parse ] --START--
INFO: [ template_filter ] --START--
INFO: Run Behavior\ContentReplaceBehavior [ RunTime:0.000065s ]
INFO: [ template_filter ] --END-- [ RunTime:0.000107s ]
SQL: SHOW COLUMNS FROM `think_type` [ RunTime:0.0005s ]
SQL: SELECT * FROM `think_type` WHERE `pid` = 0  [ RunTime:0.0001s ]
INFO: [ view_parse ] --START--
INFO: [ template_filter ] --START--
INFO: Run Behavior\ContentReplaceBehavior [ RunTime:0.000031s ]
INFO: [ template_filter ] --END-- [ RunTime:-0.004308s ]
SQL: SHOW COLUMNS FROM `think_type` [ RunTime:0.0003s ]
SQL: SELECT * FROM `think_type` WHERE `pid` = '1'  [ RunTime:0.0001s ]
SQL: SELECT * FROM `think_type` WHERE `pid` = '1'  [ RunTime:0.0000s ]
SQL: SELECT * FROM `think_type` WHERE `pid` = '1'  [ RunTime:0.0000s ]
SQL: SELECT * FROM `think_type` WHERE `pid` = '4'  [ RunTime:0.0000s ]
SQL: SELECT * FROM `think_type` WHERE `pid` = '4'  [ RunTime:0.0000s ]
SQL: SELECT * FROM `think_type` WHERE `pid` = '4'  [ RunTime:0.0000s ]
SQL: SELECT * FROM `think_type` WHERE `pid` = '5'  [ RunTime:0.0000s ]
SQL: SELECT * FROM `think_type` WHERE `pid` = '5'  [ RunTime:0.0000s ]
SQL: SELECT * FROM `think_type` WHERE `pid` = '5'  [ RunTime:0.0001s ]
SQL: SELECT * FROM `think_type` WHERE `pid` = '6'  [ RunTime:0.0000s ]
SQL: SELECT * FROM `think_type` WHERE `pid` = '6'  [ RunTime:0.0000s ]
SQL: SELECT * FROM `think_type` WHERE `pid` = '6'  [ RunTime:0.0000s ]
SQL: SELECT * FROM `think_type` WHERE `pid` = '7'  [ RunTime:0.0000s ]
SQL: SELECT * FROM `think_type` WHERE `pid` = '7'  [ RunTime:0.0000s ]
SQL: SELECT * FROM `think_type` WHERE `pid` = '7'  [ RunTime:0.0000s ]
INFO: Run Behavior\ParseTemplateBehavior [ RunTime:0.005121s ]
INFO: [ view_parse ] --END-- [ RunTime:0.005162s ]
INFO: [ view_filter ] --START--
INFO: Run Behavior\WriteHtmlCacheBehavior [ RunTime:0.000126s ]
INFO: [ view_filter ] --END-- [ RunTime:0.000152s ]
SQL: SHOW COLUMNS FROM `think_article` [ RunTime:0.0004s ]
SQL: SELECT * FROM `think_article` WHERE ( style=1 ) ORDER BY id desc LIMIT 4   [ RunTime:0.0003s ]
SQL: SELECT * FROM `think_article`  [ RunTime:0.0005s ]
SQL: SHOW COLUMNS FROM `think_person` [ RunTime:0.0003s ]
SQL: SELECT * FROM `think_person`  [ RunTime:0.0003s ]
SQL: SELECT * FROM `think_article` WHERE ( style=2 ) ORDER BY id desc LIMIT 4   [ RunTime:0.0002s ]
SQL: SELECT * FROM `think_article` ORDER BY click desc LIMIT 5   [ RunTime:0.0002s ]
INFO: Run Behavior\ParseTemplateBehavior [ RunTime:0.009899s ]
INFO: [ view_parse ] --END-- [ RunTime:0.005162s ]
INFO: [ view_filter ] --START--
INFO: Run Behavior\WriteHtmlCacheBehavior [ RunTime:0.000008s ]
INFO: [ view_filter ] --END-- [ RunTime:-0.004615s ]
INFO: [ app_end ] --START--
INFO: Run Behavior\ShowPageTraceBehavior [ RunTime:0.000399s ]
INFO: [ app_end ] --END-- [ RunTime:0.000434s ]

[ 2017-10-26T16:22:52+08:00 ] 58.211.2.6 /
INFO: [ app_init ] --START--
INFO: Run Behavior\BuildLiteBehavior [ RunTime:0.000012s ]
INFO: [ app_init ] --END-- [ RunTime:0.000268s ]
INFO: [ app_begin ] --START--
INFO: Run Behavior\ReadHtmlCacheBehavior [ RunTime:0.000375s ]
INFO: [ app_begin ] --END-- [ RunTime:0.000412s ]
SQL: SHOW COLUMNS FROM `think_article` [ RunTime:0.0005s ]
SQL: SELECT COUNT(*) AS tp_count FROM `think_article` LIMIT 1   [ RunTime:0.0001s ]
SQL: SELECT * FROM `think_article` ORDER BY id desc LIMIT 0,15   [ RunTime:0.0001s ]
SQL: SHOW COLUMNS FROM `think_banner` [ RunTime:0.0003s ]
SQL: SELECT * FROM `think_banner`  [ RunTime:0.0000s ]
INFO: [ view_parse ] --START--
INFO: [ template_filter ] --START--
INFO: Run Behavior\ContentReplaceBehavior [ RunTime:0.000061s ]
INFO: [ template_filter ] --END-- [ RunTime:0.000104s ]
SQL: SHOW COLUMNS FROM `think_type` [ RunTime:0.0004s ]
SQL: SELECT * FROM `think_type` WHERE `pid` = 0  [ RunTime:0.0001s ]
INFO: [ view_parse ] --START--
INFO: [ template_filter ] --START--
INFO: Run Behavior\ContentReplaceBehavior [ RunTime:0.000027s ]
INFO: [ template_filter ] --END-- [ RunTime:-0.004031s ]
SQL: SHOW COLUMNS FROM `think_type` [ RunTime:0.0003s ]
SQL: SELECT * FROM `think_type` WHERE `pid` = '1'  [ RunTime:0.0000s ]
SQL: SELECT * FROM `think_type` WHERE `pid` = '1'  [ RunTime:0.0000s ]
SQL: SELECT * FROM `think_type` WHERE `pid` = '1'  [ RunTime:0.0000s ]
SQL: SELECT * FROM `think_type` WHERE `pid` = '4'  [ RunTime:0.0000s ]
SQL: SELECT * FROM `think_type` WHERE `pid` = '4'  [ RunTime:0.0000s ]
SQL: SELECT * FROM `think_type` WHERE `pid` = '4'  [ RunTime:0.0000s ]
SQL: SELECT * FROM `think_type` WHERE `pid` = '5'  [ RunTime:0.0000s ]
SQL: SELECT * FROM `think_type` WHERE `pid` = '5'  [ RunTime:0.0000s ]
SQL: SELECT * FROM `think_type` WHERE `pid` = '5'  [ RunTime:0.0000s ]
SQL: SELECT * FROM `think_type` WHERE `pid` = '6'  [ RunTime:0.0000s ]
SQL: SELECT * FROM `think_type` WHERE `pid` = '6'  [ RunTime:0.0000s ]
SQL: SELECT * FROM `think_type` WHERE `pid` = '6'  [ RunTime:0.0000s ]
SQL: SELECT * FROM `think_type` WHERE `pid` = '7'  [ RunTime:0.0000s ]
SQL: SELECT * FROM `think_type` WHERE `pid` = '7'  [ RunTime:0.0000s ]
SQL: SELECT * FROM `think_type` WHERE `pid` = '7'  [ RunTime:0.0000s ]
INFO: Run Behavior\ParseTemplateBehavior [ RunTime:0.004975s ]
INFO: [ view_parse ] --END-- [ RunTime:0.005004s ]
INFO: [ view_filter ] --START--
INFO: Run Behavior\WriteHtmlCacheBehavior [ RunTime:0.000131s ]
INFO: [ view_filter ] --END-- [ RunTime:0.000157s ]
SQL: SHOW COLUMNS FROM `think_article` [ RunTime:0.0004s ]
SQL: SELECT * FROM `think_article` WHERE ( style=1 ) ORDER BY id desc LIMIT 4   [ RunTime:0.0001s ]
SQL: SELECT * FROM `think_article`  [ RunTime:0.0002s ]
SQL: SHOW COLUMNS FROM `think_person` [ RunTime:0.0003s ]
SQL: SELECT * FROM `think_person`  [ RunTime:0.0001s ]
SQL: SELECT * FROM `think_article` WHERE ( style=2 ) ORDER BY id desc LIMIT 4   [ RunTime:0.0001s ]
SQL: SELECT * FROM `think_article` ORDER BY click desc LIMIT 5   [ RunTime:0.0001s ]
INFO: Run Behavior\ParseTemplateBehavior [ RunTime:0.008705s ]
INFO: [ view_parse ] --END-- [ RunTime:0.005004s ]
INFO: [ view_filter ] --START--
INFO: Run Behavior\WriteHtmlCacheBehavior [ RunTime:0.000007s ]
INFO: [ view_filter ] --END-- [ RunTime:-0.003573s ]
INFO: [ app_end ] --START--
INFO: Run Behavior\ShowPageTraceBehavior [ RunTime:0.000438s ]
INFO: [ app_end ] --END-- [ RunTime:0.000469s ]

[ 2017-10-26T16:22:55+08:00 ] 58.211.2.36 /
INFO: [ app_init ] --START--
INFO: Run Behavior\BuildLiteBehavior [ RunTime:0.000011s ]
INFO: [ app_init ] --END-- [ RunTime:0.000252s ]
INFO: [ app_begin ] --START--
INFO: Run Behavior\ReadHtmlCacheBehavior [ RunTime:0.000418s ]
INFO: [ app_begin ] --END-- [ RunTime:0.000465s ]
SQL: SHOW COLUMNS FROM `think_article` [ RunTime:0.0005s ]
SQL: SELECT COUNT(*) AS tp_count FROM `think_article` LIMIT 1   [ RunTime:0.0000s ]
SQL: SELECT * FROM `think_article` ORDER BY id desc LIMIT 0,15   [ RunTime:0.0001s ]
SQL: SHOW COLUMNS FROM `think_banner` [ RunTime:0.0003s ]
SQL: SELECT * FROM `think_banner`  [ RunTime:0.0000s ]
INFO: [ view_parse ] --START--
INFO: [ template_filter ] --START--
INFO: Run Behavior\ContentReplaceBehavior [ RunTime:0.000069s ]
INFO: [ template_filter ] --END-- [ RunTime:0.000108s ]
SQL: SHOW COLUMNS FROM `think_type` [ RunTime:0.0004s ]
SQL: SELECT * FROM `think_type` WHERE `pid` = 0  [ RunTime:0.0001s ]
INFO: [ view_parse ] --START--
INFO: [ template_filter ] --START--
INFO: Run Behavior\ContentReplaceBehavior [ RunTime:0.000028s ]
INFO: [ template_filter ] --END-- [ RunTime:-0.004144s ]
SQL: SHOW COLUMNS FROM `think_type` [ RunTime:0.0005s ]
SQL: SELECT * FROM `think_type` WHERE `pid` = '1'  [ RunTime:0.0000s ]
SQL: SELECT * FROM `think_type` WHERE `pid` = '1'  [ RunTime:0.0000s ]
SQL: SELECT * FROM `think_type` WHERE `pid` = '1'  [ RunTime:0.0000s ]
SQL: SELECT * FROM `think_type` WHERE `pid` = '4'  [ RunTime:0.0000s ]
SQL: SELECT * FROM `think_type` WHERE `pid` = '4'  [ RunTime:0.0001s ]
SQL: SELECT * FROM `think_type` WHERE `pid` = '4'  [ RunTime:0.0000s ]
SQL: SELECT * FROM `think_type` WHERE `pid` = '5'  [ RunTime:0.0000s ]
SQL: SELECT * FROM `think_type` WHERE `pid` = '5'  [ RunTime:0.0000s ]
SQL: SELECT * FROM `think_type` WHERE `pid` = '5'  [ RunTime:0.0000s ]
SQL: SELECT * FROM `think_type` WHERE `pid` = '6'  [ RunTime:0.0000s ]
SQL: SELECT * FROM `think_type` WHERE `pid` = '6'  [ RunTime:0.0000s ]
SQL: SELECT * FROM `think_type` WHERE `pid` = '6'  [ RunTime:0.0000s ]
SQL: SELECT * FROM `think_type` WHERE `pid` = '7'  [ RunTime:0.0000s ]
SQL: SELECT * FROM `think_type` WHERE `pid` = '7'  [ RunTime:0.0000s ]
SQL: SELECT * FROM `think_type` WHERE `pid` = '7'  [ RunTime:0.0000s ]
INFO: Run Behavior\ParseTemplateBehavior [ RunTime:0.005030s ]
INFO: [ view_parse ] --END-- [ RunTime:0.005058s ]
INFO: [ view_filter ] --START--
INFO: Run Behavior\WriteHtmlCacheBehavior [ RunTime:0.000117s ]
INFO: [ view_filter ] --END-- [ RunTime:0.000141s ]
SQL: SHOW COLUMNS FROM `think_article` [ RunTime:0.0004s ]
SQL: SELECT * FROM `think_article` WHERE ( style=1 ) ORDER BY id desc LIMIT 4   [ RunTime:0.0001s ]
SQL: SELECT * FROM `think_article`  [ RunTime:0.0002s ]
SQL: SHOW COLUMNS FROM `think_person` [ RunTime:0.0003s ]
SQL: SELECT * FROM `think_person`  [ RunTime:0.0001s ]
SQL: SELECT * FROM `think_article` WHERE ( style=2 ) ORDER BY id desc LIMIT 4   [ RunTime:0.0001s ]
SQL: SELECT * FROM `think_article` ORDER BY click desc LIMIT 5   [ RunTime:0.0001s ]
INFO: Run Behavior\ParseTemplateBehavior [ RunTime:0.008578s ]
INFO: [ view_parse ] --END-- [ RunTime:0.005058s ]
INFO: [ view_filter ] --START--
INFO: Run Behavior\WriteHtmlCacheBehavior [ RunTime:0.000006s ]
INFO: [ view_filter ] --END-- [ RunTime:-0.003409s ]
INFO: [ app_end ] --START--
INFO: Run Behavior\ShowPageTraceBehavior [ RunTime:0.000353s ]
INFO: [ app_end ] --END-- [ RunTime:0.000382s ]

[ 2017-10-26T16:22:58+08:00 ] 117.34.13.78 /index.php?s=/Home/Article/index/aid/53.html
INFO: [ app_init ] --START--
INFO: Run Behavior\BuildLiteBehavior [ RunTime:0.000011s ]
INFO: [ app_init ] --END-- [ RunTime:0.000252s ]
INFO: [ app_begin ] --START--
INFO: Run Behavior\ReadHtmlCacheBehavior [ RunTime:0.000286s ]
INFO: [ app_begin ] --END-- [ RunTime:0.000323s ]
SQL: SHOW COLUMNS FROM `think_article` [ RunTime:0.0005s ]
SQL: UPDATE `think_article` SET `click`=click+3 WHERE ( id='53' ) [ RunTime:0.0002s ]
SQL: SELECT * FROM `think_article` WHERE ( id='53' ) LIMIT 1   [ RunTime:0.0002s ]
INFO: [ view_parse ] --START--
INFO: [ template_filter ] --START--
INFO: Run Behavior\ContentReplaceBehavior [ RunTime:0.000053s ]
INFO: [ template_filter ] --END-- [ RunTime:0.000087s ]
SQL: SHOW COLUMNS FROM `think_type` [ RunTime:0.0004s ]
SQL: SELECT * FROM `think_type` WHERE `pid` = 0  [ RunTime:0.0001s ]
INFO: [ view_parse ] --START--
INFO: [ template_filter ] --START--
INFO: Run Behavior\ContentReplaceBehavior [ RunTime:0.000039s ]
INFO: [ template_filter ] --END-- [ RunTime:-0.003399s ]
SQL: SHOW COLUMNS FROM `think_type` [ RunTime:0.0003s ]
SQL: SELECT * FROM `think_type` WHERE `pid` = '1'  [ RunTime:0.0000s ]
SQL: SELECT * FROM `think_type` WHERE `pid` = '1'  [ RunTime:0.0000s ]
SQL: SELECT * FROM `think_type` WHERE `pid` = '1'  [ RunTime:0.0000s ]
SQL: SELECT * FROM `think_type` WHERE `pid` = '4'  [ RunTime:0.0000s ]
SQL: SELECT * FROM `think_type` WHERE `pid` = '4'  [ RunTime:0.0000s ]
SQL: SELECT * FROM `think_type` WHERE `pid` = '4'  [ RunTime:0.0000s ]
SQL: SELECT * FROM `think_type` WHERE `pid` = '5'  [ RunTime:0.0000s ]
SQL: SELECT * FROM `think_type` WHERE `pid` = '5'  [ RunTime:0.0000s ]
SQL: SELECT * FROM `think_type` WHERE `pid` = '5'  [ RunTime:0.0000s ]
SQL: SELECT * FROM `think_type` WHERE `pid` = '6'  [ RunTime:0.0000s ]
SQL: SELECT * FROM `think_type` WHERE `pid` = '6'  [ RunTime:0.0000s ]
SQL: SELECT * FROM `think_type` WHERE `pid` = '6'  [ RunTime:0.0000s ]
SQL: SELECT * FROM `think_type` WHERE `pid` = '7'  [ RunTime:0.0000s ]
SQL: SELECT * FROM `think_type` WHERE `pid` = '7'  [ RunTime:0.0000s ]
SQL: SELECT * FROM `think_type` WHERE `pid` = '7'  [ RunTime:0.0000s ]
INFO: Run Behavior\ParseTemplateBehavior [ RunTime:0.004944s ]
INFO: [ view_parse ] --END-- [ RunTime:0.004972s ]
INFO: [ view_filter ] --START--
INFO: Run Behavior\WriteHtmlCacheBehavior [ RunTime:0.000116s ]
INFO: [ view_filter ] --END-- [ RunTime:0.000141s ]
SQL: SHOW COLUMNS FROM `think_article` [ RunTime:0.0004s ]
SQL: SELECT * FROM `think_article`  [ RunTime:0.0005s ]
SQL: SHOW COLUMNS FROM `think_person` [ RunTime:0.0003s ]
SQL: SELECT * FROM `think_person`  [ RunTime:0.0001s ]
SQL: SELECT * FROM `think_article` WHERE ( style=2 ) ORDER BY id desc LIMIT 4   [ RunTime:0.0002s ]
SQL: SELECT * FROM `think_article` ORDER BY click desc LIMIT 5   [ RunTime:0.0002s ]
INFO: Run Behavior\ParseTemplateBehavior [ RunTime:0.008254s ]
INFO: [ view_parse ] --END-- [ RunTime:0.004972s ]
INFO: [ view_filter ] --START--
INFO: Run Behavior\WriteHtmlCacheBehavior [ RunTime:0.000007s ]
INFO: [ view_filter ] --END-- [ RunTime:-0.003169s ]
INFO: [ app_end ] --START--
INFO: Run Behavior\ShowPageTraceBehavior [ RunTime:0.000356s ]
INFO: [ app_end ] --END-- [ RunTime:0.000397s ]

[ 2017-10-26T16:23:08+08:00 ] 58.211.2.36 /index.php?s=/Home/Article/index/aid/53.html
INFO: [ app_init ] --START--
INFO: Run Behavior\BuildLiteBehavior [ RunTime:0.000011s ]
INFO: [ app_init ] --END-- [ RunTime:0.000263s ]
INFO: [ app_begin ] --START--
INFO: Run Behavior\ReadHtmlCacheBehavior [ RunTime:0.000324s ]
INFO: [ app_begin ] --END-- [ RunTime:0.000375s ]
SQL: SHOW COLUMNS FROM `think_article` [ RunTime:0.0005s ]
SQL: UPDATE `think_article` SET `click`=click+3 WHERE ( id='53' ) [ RunTime:0.0002s ]
SQL: SELECT * FROM `think_article` WHERE ( id='53' ) LIMIT 1   [ RunTime:0.0002s ]
INFO: [ view_parse ] --START--
INFO: [ template_filter ] --START--
INFO: Run Behavior\ContentReplaceBehavior [ RunTime:0.000072s ]
INFO: [ template_filter ] --END-- [ RunTime:0.000109s ]
SQL: SHOW COLUMNS FROM `think_type` [ RunTime:0.0003s ]
SQL: SELECT * FROM `think_type` WHERE `pid` = 0  [ RunTime:0.0001s ]
INFO: [ view_parse ] --START--
INFO: [ template_filter ] --START--
INFO: Run Behavior\ContentReplaceBehavior [ RunTime:0.000028s ]
INFO: [ template_filter ] --END-- [ RunTime:-0.003336s ]
SQL: SHOW COLUMNS FROM `think_type` [ RunTime:0.0003s ]
SQL: SELECT * FROM `think_type` WHERE `pid` = '1'  [ RunTime:0.0001s ]
SQL: SELECT * FROM `think_type` WHERE `pid` = '1'  [ RunTime:0.0000s ]
SQL: SELECT * FROM `think_type` WHERE `pid` = '1'  [ RunTime:0.0000s ]
SQL: SELECT * FROM `think_type` WHERE `pid` = '4'  [ RunTime:0.0000s ]
SQL: SELECT * FROM `think_type` WHERE `pid` = '4'  [ RunTime:0.0000s ]
SQL: SELECT * FROM `think_type` WHERE `pid` = '4'  [ RunTime:0.0000s ]
SQL: SELECT * FROM `think_type` WHERE `pid` = '5'  [ RunTime:0.0001s ]
SQL: SELECT * FROM `think_type` WHERE `pid` = '5'  [ RunTime:0.0001s ]
SQL: SELECT * FROM `think_type` WHERE `pid` = '5'  [ RunTime:0.0000s ]
SQL: SELECT * FROM `think_type` WHERE `pid` = '6'  [ RunTime:0.0000s ]
SQL: SELECT * FROM `think_type` WHERE `pid` = '6'  [ RunTime:0.0000s ]
SQL: SELECT * FROM `think_type` WHERE `pid` = '6'  [ RunTime:0.0000s ]
SQL: SELECT * FROM `think_type` WHERE `pid` = '7'  [ RunTime:0.0000s ]
SQL: SELECT * FROM `think_type` WHERE `pid` = '7'  [ RunTime:0.0003s ]
SQL: SELECT * FROM `think_type` WHERE `pid` = '7'  [ RunTime:0.0000s ]
INFO: Run Behavior\ParseTemplateBehavior [ RunTime:0.005400s ]
INFO: [ view_parse ] --END-- [ RunTime:0.005432s ]
INFO: [ view_filter ] --START--
INFO: Run Behavior\WriteHtmlCacheBehavior [ RunTime:0.000117s ]
INFO: [ view_filter ] --END-- [ RunTime:0.000142s ]
SQL: SHOW COLUMNS FROM `think_article` [ RunTime:0.0004s ]
SQL: SELECT * FROM `think_article`  [ RunTime:0.0005s ]
SQL: SHOW COLUMNS FROM `think_person` [ RunTime:0.0003s ]
SQL: SELECT * FROM `think_person`  [ RunTime:0.0001s ]
SQL: SELECT * FROM `think_article` WHERE ( style=2 ) ORDER BY id desc LIMIT 4   [ RunTime:0.0002s ]
SQL: SELECT * FROM `think_article` ORDER BY click desc LIMIT 5   [ RunTime:0.0002s ]
INFO: Run Behavior\ParseTemplateBehavior [ RunTime:0.008898s ]
INFO: [ view_parse ] --END-- [ RunTime:0.005432s ]
INFO: [ view_filter ] --START--
INFO: Run Behavior\WriteHtmlCacheBehavior [ RunTime:0.000008s ]
INFO: [ view_filter ] --END-- [ RunTime:-0.003360s ]
INFO: [ app_end ] --START--
INFO: Run Behavior\ShowPageTraceBehavior [ RunTime:0.000345s ]
INFO: [ app_end ] --END-- [ RunTime:0.000377s ]

[ 2017-10-26T16:25:28+08:00 ] 58.211.2.36 /index.php?s=/Home/Article/index/aid/53.html
INFO: [ app_init ] --START--
INFO: Run Behavior\BuildLiteBehavior [ RunTime:0.000013s ]
INFO: [ app_init ] --END-- [ RunTime:0.000338s ]
INFO: [ app_begin ] --START--
INFO: Run Behavior\ReadHtmlCacheBehavior [ RunTime:0.000300s ]
INFO: [ app_begin ] --END-- [ RunTime:0.000356s ]
SQL: SHOW COLUMNS FROM `think_article` [ RunTime:0.0005s ]
SQL: UPDATE `think_article` SET `click`=click+3 WHERE ( id='53' ) [ RunTime:0.0002s ]
SQL: SELECT * FROM `think_article` WHERE ( id='53' ) LIMIT 1   [ RunTime:0.0002s ]
INFO: [ view_parse ] --START--
INFO: [ template_filter ] --START--
INFO: Run Behavior\ContentReplaceBehavior [ RunTime:0.000059s ]
INFO: [ template_filter ] --END-- [ RunTime:0.000097s ]
SQL: SHOW COLUMNS FROM `think_type` [ RunTime:0.0004s ]
SQL: SELECT * FROM `think_type` WHERE `pid` = 0  [ RunTime:0.0001s ]
INFO: [ view_parse ] --START--
INFO: [ template_filter ] --START--
INFO: Run Behavior\ContentReplaceBehavior [ RunTime:0.000030s ]
INFO: [ template_filter ] --END-- [ RunTime:-0.003587s ]
SQL: SHOW COLUMNS FROM `think_type` [ RunTime:0.0003s ]
SQL: SELECT * FROM `think_type` WHERE `pid` = '1'  [ RunTime:0.0000s ]
SQL: SELECT * FROM `think_type` WHERE `pid` = '1'  [ RunTime:0.0001s ]
SQL: SELECT * FROM `think_type` WHERE `pid` = '1'  [ RunTime:0.0000s ]
SQL: SELECT * FROM `think_type` WHERE `pid` = '4'  [ RunTime:0.0000s ]
SQL: SELECT * FROM `think_type` WHERE `pid` = '4'  [ RunTime:0.0001s ]
SQL: SELECT * FROM `think_type` WHERE `pid` = '4'  [ RunTime:0.0000s ]
SQL: SELECT * FROM `think_type` WHERE `pid` = '5'  [ RunTime:0.0000s ]
SQL: SELECT * FROM `think_type` WHERE `pid` = '5'  [ RunTime:0.0000s ]
SQL: SELECT * FROM `think_type` WHERE `pid` = '5'  [ RunTime:0.0000s ]
SQL: SELECT * FROM `think_type` WHERE `pid` = '6'  [ RunTime:0.0000s ]
SQL: SELECT * FROM `think_type` WHERE `pid` = '6'  [ RunTime:0.0000s ]
SQL: SELECT * FROM `think_type` WHERE `pid` = '6'  [ RunTime:0.0000s ]
SQL: SELECT * FROM `think_type` WHERE `pid` = '7'  [ RunTime:0.0000s ]
SQL: SELECT * FROM `think_type` WHERE `pid` = '7'  [ RunTime:0.0000s ]
SQL: SELECT * FROM `think_type` WHERE `pid` = '7'  [ RunTime:0.0000s ]
INFO: Run Behavior\ParseTemplateBehavior [ RunTime:0.005309s ]
INFO: [ view_parse ] --END-- [ RunTime:0.005343s ]
INFO: [ view_filter ] --START--
INFO: Run Behavior\WriteHtmlCacheBehavior [ RunTime:0.000136s ]
INFO: [ view_filter ] --END-- [ RunTime:0.000162s ]
SQL: SHOW COLUMNS FROM `think_article` [ RunTime:0.0004s ]
SQL: SELECT * FROM `think_article`  [ RunTime:0.0006s ]
SQL: SHOW COLUMNS FROM `think_person` [ RunTime:0.0003s ]
SQL: SELECT * FROM `think_person`  [ RunTime:0.0001s ]
SQL: SELECT * FROM `think_article` WHERE ( style=2 ) ORDER BY id desc LIMIT 4   [ RunTime:0.0002s ]
SQL: SELECT * FROM `think_article` ORDER BY click desc LIMIT 5   [ RunTime:0.0002s ]
INFO: Run Behavior\ParseTemplateBehavior [ RunTime:0.008831s ]
INFO: [ view_parse ] --END-- [ RunTime:0.005343s ]
INFO: [ view_filter ] --START--
INFO: Run Behavior\WriteHtmlCacheBehavior [ RunTime:0.000008s ]
INFO: [ view_filter ] --END-- [ RunTime:-0.003363s ]
INFO: [ app_end ] --START--
INFO: Run Behavior\ShowPageTraceBehavior [ RunTime:0.000369s ]
INFO: [ app_end ] --END-- [ RunTime:0.000409s ]

[ 2017-10-26T16:26:43+08:00 ] 117.34.13.78 /index.php?s=/Home/Article/lst/id/6.html
INFO: [ app_init ] --START--
INFO: Run Behavior\BuildLiteBehavior [ RunTime:0.000012s ]
INFO: [ app_init ] --END-- [ RunTime:0.000247s ]
INFO: [ app_begin ] --START--
INFO: Run Behavior\ReadHtmlCacheBehavior [ RunTime:0.000298s ]
INFO: [ app_begin ] --END-- [ RunTime:0.000336s ]
SQL: SHOW COLUMNS FROM `think_article` [ RunTime:0.0006s ]
SQL: SELECT COUNT(*) AS tp_count FROM `think_article` WHERE `type` = '6' LIMIT 1   [ RunTime:0.0002s ]
SQL: SELECT * FROM `think_article` WHERE `type` = '6' ORDER BY id desc LIMIT 0,5   [ RunTime:0.0003s ]
SQL: SHOW COLUMNS FROM `think_type` [ RunTime:0.0003s ]
SQL: SELECT * FROM `think_type`  [ RunTime:0.0000s ]
INFO: [ view_parse ] --START--
INFO: [ template_filter ] --START--
INFO: Run Behavior\ContentReplaceBehavior [ RunTime:0.000072s ]
INFO: [ template_filter ] --END-- [ RunTime:0.000115s ]
SQL: SHOW COLUMNS FROM `think_type` [ RunTime:0.0004s ]
SQL: SELECT * FROM `think_type` WHERE `pid` = 0  [ RunTime:0.0001s ]
INFO: [ view_parse ] --START--
INFO: [ template_filter ] --START--
INFO: Run Behavior\ContentReplaceBehavior [ RunTime:0.000029s ]
INFO: [ template_filter ] --END-- [ RunTime:-0.003708s ]
SQL: SELECT * FROM `think_type` WHERE `pid` = '1'  [ RunTime:0.0001s ]
SQL: SELECT * FROM `think_type` WHERE `pid` = '1'  [ RunTime:0.0000s ]
SQL: SELECT * FROM `think_type` WHERE `pid` = '1'  [ RunTime:0.0000s ]
SQL: SELECT * FROM `think_type` WHERE `pid` = '4'  [ RunTime:0.0000s ]
SQL: SELECT * FROM `think_type` WHERE `pid` = '4'  [ RunTime:0.0000s ]
SQL: SELECT * FROM `think_type` WHERE `pid` = '4'  [ RunTime:0.0000s ]
SQL: SELECT * FROM `think_type` WHERE `pid` = '5'  [ RunTime:0.0001s ]
SQL: SELECT * FROM `think_type` WHERE `pid` = '5'  [ RunTime:0.0000s ]
SQL: SELECT * FROM `think_type` WHERE `pid` = '5'  [ RunTime:0.0000s ]
SQL: SELECT * FROM `think_type` WHERE `pid` = '6'  [ RunTime:0.0000s ]
SQL: SELECT * FROM `think_type` WHERE `pid` = '6'  [ RunTime:0.0000s ]
SQL: SELECT * FROM `think_type` WHERE `pid` = '6'  [ RunTime:0.0000s ]
SQL: SELECT * FROM `think_type` WHERE `pid` = '7'  [ RunTime:0.0000s ]
SQL: SELECT * FROM `think_type` WHERE `pid` = '7'  [ RunTime:0.0001s ]
SQL: SELECT * FROM `think_type` WHERE `pid` = '7'  [ RunTime:0.0000s ]
INFO: Run Behavior\ParseTemplateBehavior [ RunTime:0.004683s ]
INFO: [ view_parse ] --END-- [ RunTime:0.004712s ]
INFO: [ view_filter ] --START--
INFO: Run Behavior\WriteHtmlCacheBehavior [ RunTime:0.000131s ]
INFO: [ view_filter ] --END-- [ RunTime:0.000156s ]
SQL: SHOW COLUMNS FROM `think_article` [ RunTime:0.0004s ]
SQL: SELECT * FROM `think_article`  [ RunTime:0.0003s ]
SQL: SHOW COLUMNS FROM `think_person` [ RunTime:0.0003s ]
SQL: SELECT * FROM `think_person`  [ RunTime:0.0001s ]
SQL: SELECT * FROM `think_article` WHERE ( style=2 ) ORDER BY id desc LIMIT 4   [ RunTime:0.0001s ]
SQL: SELECT * FROM `think_article` ORDER BY click desc LIMIT 5   [ RunTime:0.0001s ]
INFO: Run Behavior\ParseTemplateBehavior [ RunTime:0.007566s ]
INFO: [ view_parse ] --END-- [ RunTime:0.004712s ]
INFO: [ view_filter ] --START--
INFO: Run Behavior\WriteHtmlCacheBehavior [ RunTime:0.000009s ]
INFO: [ view_filter ] --END-- [ RunTime:-0.002726s ]
INFO: [ app_end ] --START--
INFO: Run Behavior\ShowPageTraceBehavior [ RunTime:0.000373s ]
INFO: [ app_end ] --END-- [ RunTime:0.000405s ]

[ 2017-10-26T16:26:59+08:00 ] 58.211.2.60 /index.php?s=/Home/Article/lst/id/6.html
INFO: [ app_init ] --START--
INFO: Run Behavior\BuildLiteBehavior [ RunTime:0.000015s ]
INFO: [ app_init ] --END-- [ RunTime:0.000281s ]
INFO: [ app_begin ] --START--
INFO: Run Behavior\ReadHtmlCacheBehavior [ RunTime:0.000319s ]
INFO: [ app_begin ] --END-- [ RunTime:0.000356s ]
SQL: SHOW COLUMNS FROM `think_article` [ RunTime:0.0005s ]
SQL: SELECT COUNT(*) AS tp_count FROM `think_article` WHERE `type` = '6' LIMIT 1   [ RunTime:0.0001s ]
SQL: SELECT * FROM `think_article` WHERE `type` = '6' ORDER BY id desc LIMIT 0,5   [ RunTime:0.0001s ]
SQL: SHOW COLUMNS FROM `think_type` [ RunTime:0.0003s ]
SQL: SELECT * FROM `think_type`  [ RunTime:0.0001s ]
INFO: [ view_parse ] --START--
INFO: [ template_filter ] --START--
INFO: Run Behavior\ContentReplaceBehavior [ RunTime:0.000052s ]
INFO: [ template_filter ] --END-- [ RunTime:0.000091s ]
SQL: SHOW COLUMNS FROM `think_type` [ RunTime:0.0003s ]
SQL: SELECT * FROM `think_type` WHERE `pid` = 0  [ RunTime:0.0001s ]
INFO: [ view_parse ] --START--
INFO: [ template_filter ] --START--
INFO: Run Behavior\ContentReplaceBehavior [ RunTime:0.000038s ]
INFO: [ template_filter ] --END-- [ RunTime:-0.003794s ]
SQL: SELECT * FROM `think_type` WHERE `pid` = '1'  [ RunTime:0.0002s ]
SQL: SELECT * FROM `think_type` WHERE `pid` = '1'  [ RunTime:0.0001s ]
SQL: SELECT * FROM `think_type` WHERE `pid` = '1'  [ RunTime:0.0000s ]
SQL: SELECT * FROM `think_type` WHERE `pid` = '4'  [ RunTime:0.0000s ]
SQL: SELECT * FROM `think_type` WHERE `pid` = '4'  [ RunTime:0.0000s ]
SQL: SELECT * FROM `think_type` WHERE `pid` = '4'  [ RunTime:0.0000s ]
SQL: SELECT * FROM `think_type` WHERE `pid` = '5'  [ RunTime:0.0001s ]
SQL: SELECT * FROM `think_type` WHERE `pid` = '5'  [ RunTime:0.0000s ]
SQL: SELECT * FROM `think_type` WHERE `pid` = '5'  [ RunTime:0.0000s ]
SQL: SELECT * FROM `think_type` WHERE `pid` = '6'  [ RunTime:0.0000s ]
SQL: SELECT * FROM `think_type` WHERE `pid` = '6'  [ RunTime:0.0000s ]
SQL: SELECT * FROM `think_type` WHERE `pid` = '6'  [ RunTime:0.0000s ]
SQL: SELECT * FROM `think_type` WHERE `pid` = '7'  [ RunTime:0.0000s ]
SQL: SELECT * FROM `think_type` WHERE `pid` = '7'  [ RunTime:0.0000s ]
SQL: SELECT * FROM `think_type` WHERE `pid` = '7'  [ RunTime:0.0000s ]
INFO: Run Behavior\ParseTemplateBehavior [ RunTime:0.005106s ]
INFO: [ view_parse ] --END-- [ RunTime:0.005135s ]
INFO: [ view_filter ] --START--
INFO: Run Behavior\WriteHtmlCacheBehavior [ RunTime:0.000131s ]
INFO: [ view_filter ] --END-- [ RunTime:0.000157s ]
SQL: SHOW COLUMNS FROM `think_article` [ RunTime:0.0004s ]
SQL: SELECT * FROM `think_article`  [ RunTime:0.0003s ]
SQL: SHOW COLUMNS FROM `think_person` [ RunTime:0.0004s ]
SQL: SELECT * FROM `think_person`  [ RunTime:0.0001s ]
SQL: SELECT * FROM `think_article` WHERE ( style=2 ) ORDER BY id desc LIMIT 4   [ RunTime:0.0001s ]
SQL: SELECT * FROM `think_article` ORDER BY click desc LIMIT 5   [ RunTime:0.0001s ]
INFO: Run Behavior\ParseTemplateBehavior [ RunTime:0.008095s ]
INFO: [ view_parse ] --END-- [ RunTime:0.005135s ]
INFO: [ view_filter ] --START--
INFO: Run Behavior\WriteHtmlCacheBehavior [ RunTime:0.000008s ]
INFO: [ view_filter ] --END-- [ RunTime:-0.002830s ]
INFO: [ app_end ] --START--
INFO: Run Behavior\ShowPageTraceBehavior [ RunTime:0.000366s ]
INFO: [ app_end ] --END-- [ RunTime:0.000410s ]

[ 2017-10-26T16:58:20+08:00 ] 117.34.13.78 /index.php?s=/Home/Article/lst/id/1.html
INFO: [ app_init ] --START--
INFO: Run Behavior\BuildLiteBehavior [ RunTime:0.000011s ]
INFO: [ app_init ] --END-- [ RunTime:0.000249s ]
INFO: [ app_begin ] --START--
INFO: Run Behavior\ReadHtmlCacheBehavior [ RunTime:0.000289s ]
INFO: [ app_begin ] --END-- [ RunTime:0.000325s ]
SQL: SHOW COLUMNS FROM `think_article` [ RunTime:0.0005s ]
SQL: SELECT COUNT(*) AS tp_count FROM `think_article` WHERE `type` = '1' LIMIT 1   [ RunTime:0.0002s ]
SQL: SELECT * FROM `think_article` WHERE `type` = '1' ORDER BY id desc LIMIT 0,5   [ RunTime:0.0002s ]
SQL: SHOW COLUMNS FROM `think_type` [ RunTime:0.0003s ]
SQL: SELECT * FROM `think_type`  [ RunTime:0.0001s ]
INFO: [ view_parse ] --START--
INFO: [ template_filter ] --START--
INFO: Run Behavior\ContentReplaceBehavior [ RunTime:0.000056s ]
INFO: [ template_filter ] --END-- [ RunTime:0.000093s ]
SQL: SHOW COLUMNS FROM `think_type` [ RunTime:0.0003s ]
SQL: SELECT * FROM `think_type` WHERE `pid` = 0  [ RunTime:0.0001s ]
INFO: [ view_parse ] --START--
INFO: [ template_filter ] --START--
INFO: Run Behavior\ContentReplaceBehavior [ RunTime:0.000028s ]
INFO: [ template_filter ] --END-- [ RunTime:-0.003553s ]
SQL: SELECT * FROM `think_type` WHERE `pid` = '1'  [ RunTime:0.0001s ]
SQL: SELECT * FROM `think_type` WHERE `pid` = '1'  [ RunTime:0.0001s ]
SQL: SELECT * FROM `think_type` WHERE `pid` = '1'  [ RunTime:0.0000s ]
SQL: SELECT * FROM `think_type` WHERE `pid` = '4'  [ RunTime:0.0000s ]
SQL: SELECT * FROM `think_type` WHERE `pid` = '4'  [ RunTime:0.0000s ]
SQL: SELECT * FROM `think_type` WHERE `pid` = '4'  [ RunTime:0.0000s ]
SQL: SELECT * FROM `think_type` WHERE `pid` = '5'  [ RunTime:0.0001s ]
SQL: SELECT * FROM `think_type` WHERE `pid` = '5'  [ RunTime:0.0000s ]
SQL: SELECT * FROM `think_type` WHERE `pid` = '5'  [ RunTime:0.0000s ]
SQL: SELECT * FROM `think_type` WHERE `pid` = '6'  [ RunTime:0.0000s ]
SQL: SELECT * FROM `think_type` WHERE `pid` = '6'  [ RunTime:0.0000s ]
SQL: SELECT * FROM `think_type` WHERE `pid` = '6'  [ RunTime:0.0000s ]
SQL: SELECT * FROM `think_type` WHERE `pid` = '7'  [ RunTime:0.0000s ]
SQL: SELECT * FROM `think_type` WHERE `pid` = '7'  [ RunTime:0.0000s ]
SQL: SELECT * FROM `think_type` WHERE `pid` = '7'  [ RunTime:0.0000s ]
INFO: Run Behavior\ParseTemplateBehavior [ RunTime:0.004588s ]
INFO: [ view_parse ] --END-- [ RunTime:0.004621s ]
INFO: [ view_filter ] --START--
INFO: Run Behavior\WriteHtmlCacheBehavior [ RunTime:0.000121s ]
INFO: [ view_filter ] --END-- [ RunTime:0.000146s ]
SQL: SHOW COLUMNS FROM `think_article` [ RunTime:0.0004s ]
SQL: SELECT * FROM `think_article`  [ RunTime:0.0005s ]
SQL: SHOW COLUMNS FROM `think_person` [ RunTime:0.0003s ]
SQL: SELECT * FROM `think_person`  [ RunTime:0.0001s ]
SQL: SELECT * FROM `think_article` WHERE ( style=2 ) ORDER BY id desc LIMIT 4   [ RunTime:0.0002s ]
SQL: SELECT * FROM `think_article` ORDER BY click desc LIMIT 5   [ RunTime:0.0002s ]
INFO: Run Behavior\ParseTemplateBehavior [ RunTime:0.008192s ]
INFO: [ view_parse ] --END-- [ RunTime:0.004621s ]
INFO: [ view_filter ] --START--
INFO: Run Behavior\WriteHtmlCacheBehavior [ RunTime:0.000007s ]
INFO: [ view_filter ] --END-- [ RunTime:-0.003477s ]
INFO: [ app_end ] --START--
INFO: Run Behavior\ShowPageTraceBehavior [ RunTime:0.000365s ]
INFO: [ app_end ] --END-- [ RunTime:0.000404s ]

[ 2017-10-26T16:58:32+08:00 ] 58.211.2.72 /index.php?s=/Home/Article/lst/id/1.html
INFO: [ app_init ] --START--
INFO: Run Behavior\BuildLiteBehavior [ RunTime:0.000012s ]
INFO: [ app_init ] --END-- [ RunTime:0.000268s ]
INFO: [ app_begin ] --START--
INFO: Run Behavior\ReadHtmlCacheBehavior [ RunTime:0.000305s ]
INFO: [ app_begin ] --END-- [ RunTime:0.000340s ]
SQL: SHOW COLUMNS FROM `think_article` [ RunTime:0.0005s ]
SQL: SELECT COUNT(*) AS tp_count FROM `think_article` WHERE `type` = '1' LIMIT 1   [ RunTime:0.0000s ]
SQL: SELECT * FROM `think_article` WHERE `type` = '1' ORDER BY id desc LIMIT 0,5   [ RunTime:0.0001s ]
SQL: SHOW COLUMNS FROM `think_type` [ RunTime:0.0003s ]
SQL: SELECT * FROM `think_type`  [ RunTime:0.0000s ]
INFO: [ view_parse ] --START--
INFO: [ template_filter ] --START--
INFO: Run Behavior\ContentReplaceBehavior [ RunTime:0.000053s ]
INFO: [ template_filter ] --END-- [ RunTime:0.000088s ]
SQL: SHOW COLUMNS FROM `think_type` [ RunTime:0.0003s ]
SQL: SELECT * FROM `think_type` WHERE `pid` = 0  [ RunTime:0.0000s ]
INFO: [ view_parse ] --START--
INFO: [ template_filter ] --START--
INFO: Run Behavior\ContentReplaceBehavior [ RunTime:0.000028s ]
INFO: [ template_filter ] --END-- [ RunTime:-0.003380s ]
SQL: SELECT * FROM `think_type` WHERE `pid` = '1'  [ RunTime:0.0001s ]
SQL: SELECT * FROM `think_type` WHERE `pid` = '1'  [ RunTime:0.0001s ]
SQL: SELECT * FROM `think_type` WHERE `pid` = '1'  [ RunTime:0.0000s ]
SQL: SELECT * FROM `think_type` WHERE `pid` = '4'  [ RunTime:0.0000s ]
SQL: SELECT * FROM `think_type` WHERE `pid` = '4'  [ RunTime:0.0000s ]
SQL: SELECT * FROM `think_type` WHERE `pid` = '4'  [ RunTime:0.0000s ]
SQL: SELECT * FROM `think_type` WHERE `pid` = '5'  [ RunTime:0.0000s ]
SQL: SELECT * FROM `think_type` WHERE `pid` = '5'  [ RunTime:0.0001s ]
SQL: SELECT * FROM `think_type` WHERE `pid` = '5'  [ RunTime:0.0000s ]
SQL: SELECT * FROM `think_type` WHERE `pid` = '6'  [ RunTime:0.0000s ]
SQL: SELECT * FROM `think_type` WHERE `pid` = '6'  [ RunTime:0.0000s ]
SQL: SELECT * FROM `think_type` WHERE `pid` = '6'  [ RunTime:0.0000s ]
SQL: SELECT * FROM `think_type` WHERE `pid` = '7'  [ RunTime:0.0000s ]
SQL: SELECT * FROM `think_type` WHERE `pid` = '7'  [ RunTime:0.0000s ]
SQL: SELECT * FROM `think_type` WHERE `pid` = '7'  [ RunTime:0.0000s ]
INFO: Run Behavior\ParseTemplateBehavior [ RunTime:0.004444s ]
INFO: [ view_parse ] --END-- [ RunTime:0.004472s ]
INFO: [ view_filter ] --START--
INFO: Run Behavior\WriteHtmlCacheBehavior [ RunTime:0.000126s ]
INFO: [ view_filter ] --END-- [ RunTime:0.000152s ]
SQL: SHOW COLUMNS FROM `think_article` [ RunTime:0.0004s ]
SQL: SELECT * FROM `think_article`  [ RunTime:0.0002s ]
SQL: SHOW COLUMNS FROM `think_person` [ RunTime:0.0003s ]
SQL: SELECT * FROM `think_person`  [ RunTime:0.0001s ]
SQL: SELECT * FROM `think_article` WHERE ( style=2 ) ORDER BY id desc LIMIT 4   [ RunTime:0.0001s ]
SQL: SELECT * FROM `think_article` ORDER BY click desc LIMIT 5   [ RunTime:0.0001s ]
INFO: Run Behavior\ParseTemplateBehavior [ RunTime:0.007284s ]
INFO: [ view_parse ] --END-- [ RunTime:0.004472s ]
INFO: [ view_filter ] --START--
INFO: Run Behavior\WriteHtmlCacheBehavior [ RunTime:0.000006s ]
INFO: [ view_filter ] --END-- [ RunTime:-0.002688s ]
INFO: [ app_end ] --START--
INFO: Run Behavior\ShowPageTraceBehavior [ RunTime:0.000348s ]
INFO: [ app_end ] --END-- [ RunTime:0.000382s ]

[ 2017-10-26T18:22:40+08:00 ] 122.190.2.36 /
INFO: [ app_init ] --START--
INFO: Run Behavior\BuildLiteBehavior [ RunTime:0.000013s ]
INFO: [ app_init ] --END-- [ RunTime:0.000250s ]
INFO: [ app_begin ] --START--
INFO: Run Behavior\ReadHtmlCacheBehavior [ RunTime:0.000366s ]
INFO: [ app_begin ] --END-- [ RunTime:0.000404s ]
SQL: SHOW COLUMNS FROM `think_article` [ RunTime:0.0006s ]
SQL: SELECT COUNT(*) AS tp_count FROM `think_article` LIMIT 1   [ RunTime:0.0001s ]
SQL: SELECT * FROM `think_article` ORDER BY id desc LIMIT 0,15   [ RunTime:0.0003s ]
SQL: SHOW COLUMNS FROM `think_banner` [ RunTime:0.0003s ]
SQL: SELECT * FROM `think_banner`  [ RunTime:0.0001s ]
INFO: [ view_parse ] --START--
INFO: [ template_filter ] --START--
INFO: Run Behavior\ContentReplaceBehavior [ RunTime:0.000064s ]
INFO: [ template_filter ] --END-- [ RunTime:0.000107s ]
SQL: SHOW COLUMNS FROM `think_type` [ RunTime:0.0004s ]
SQL: SELECT * FROM `think_type` WHERE `pid` = 0  [ RunTime:0.0001s ]
INFO: [ view_parse ] --START--
INFO: [ template_filter ] --START--
INFO: Run Behavior\ContentReplaceBehavior [ RunTime:0.000044s ]
INFO: [ template_filter ] --END-- [ RunTime:-0.004198s ]
SQL: SHOW COLUMNS FROM `think_type` [ RunTime:0.0004s ]
SQL: SELECT * FROM `think_type` WHERE `pid` = '1'  [ RunTime:0.0001s ]
SQL: SELECT * FROM `think_type` WHERE `pid` = '1'  [ RunTime:0.0000s ]
SQL: SELECT * FROM `think_type` WHERE `pid` = '1'  [ RunTime:0.0000s ]
SQL: SELECT * FROM `think_type` WHERE `pid` = '4'  [ RunTime:0.0000s ]
SQL: SELECT * FROM `think_type` WHERE `pid` = '4'  [ RunTime:0.0000s ]
SQL: SELECT * FROM `think_type` WHERE `pid` = '4'  [ RunTime:0.0000s ]
SQL: SELECT * FROM `think_type` WHERE `pid` = '5'  [ RunTime:0.0001s ]
SQL: SELECT * FROM `think_type` WHERE `pid` = '5'  [ RunTime:0.0000s ]
SQL: SELECT * FROM `think_type` WHERE `pid` = '5'  [ RunTime:0.0000s ]
SQL: SELECT * FROM `think_type` WHERE `pid` = '6'  [ RunTime:0.0000s ]
SQL: SELECT * FROM `think_type` WHERE `pid` = '6'  [ RunTime:0.0000s ]
SQL: SELECT * FROM `think_type` WHERE `pid` = '6'  [ RunTime:0.0000s ]
SQL: SELECT * FROM `think_type` WHERE `pid` = '7'  [ RunTime:0.0000s ]
SQL: SELECT * FROM `think_type` WHERE `pid` = '7'  [ RunTime:0.0001s ]
SQL: SELECT * FROM `think_type` WHERE `pid` = '7'  [ RunTime:0.0000s ]
INFO: Run Behavior\ParseTemplateBehavior [ RunTime:0.005282s ]
INFO: [ view_parse ] --END-- [ RunTime:0.005311s ]
INFO: [ view_filter ] --START--
INFO: Run Behavior\WriteHtmlCacheBehavior [ RunTime:0.000127s ]
INFO: [ view_filter ] --END-- [ RunTime:0.000152s ]
SQL: SHOW COLUMNS FROM `think_article` [ RunTime:0.0004s ]
SQL: SELECT * FROM `think_article` WHERE ( style=1 ) ORDER BY id desc LIMIT 4   [ RunTime:0.0002s ]
SQL: SELECT * FROM `think_article`  [ RunTime:0.0005s ]
SQL: SHOW COLUMNS FROM `think_person` [ RunTime:0.0003s ]
SQL: SELECT * FROM `think_person`  [ RunTime:0.0001s ]
SQL: SELECT * FROM `think_article` WHERE ( style=2 ) ORDER BY id desc LIMIT 4   [ RunTime:0.0002s ]
SQL: SELECT * FROM `think_article` ORDER BY click desc LIMIT 5   [ RunTime:0.0002s ]
INFO: Run Behavior\ParseTemplateBehavior [ RunTime:0.010012s ]
INFO: [ view_parse ] --END-- [ RunTime:0.005311s ]
INFO: [ view_filter ] --START--
INFO: Run Behavior\WriteHtmlCacheBehavior [ RunTime:0.000008s ]
INFO: [ view_filter ] --END-- [ RunTime:-0.004581s ]
INFO: [ app_end ] --START--
INFO: Run Behavior\ShowPageTraceBehavior [ RunTime:0.000395s ]
INFO: [ app_end ] --END-- [ RunTime:0.000436s ]

[ 2017-10-26T18:23:02+08:00 ] 122.190.2.36 /index.php?s=/Home/Article/index/aid/59.html
INFO: [ app_init ] --START--
INFO: Run Behavior\BuildLiteBehavior [ RunTime:0.000013s ]
INFO: [ app_init ] --END-- [ RunTime:0.000251s ]
INFO: [ app_begin ] --START--
INFO: Run Behavior\ReadHtmlCacheBehavior [ RunTime:0.000304s ]
INFO: [ app_begin ] --END-- [ RunTime:0.000353s ]
SQL: SHOW COLUMNS FROM `think_article` [ RunTime:0.0006s ]
SQL: UPDATE `think_article` SET `click`=click+3 WHERE ( id='59' ) [ RunTime:0.0002s ]
SQL: SELECT * FROM `think_article` WHERE ( id='59' ) LIMIT 1   [ RunTime:0.0001s ]
INFO: [ view_parse ] --START--
INFO: [ template_filter ] --START--
INFO: Run Behavior\ContentReplaceBehavior [ RunTime:0.000059s ]
INFO: [ template_filter ] --END-- [ RunTime:0.000102s ]
SQL: SHOW COLUMNS FROM `think_type` [ RunTime:0.0005s ]
SQL: SELECT * FROM `think_type` WHERE `pid` = 0  [ RunTime:0.0001s ]
INFO: [ view_parse ] --START--
INFO: [ template_filter ] --START--
INFO: Run Behavior\ContentReplaceBehavior [ RunTime:0.000034s ]
INFO: [ template_filter ] --END-- [ RunTime:-0.003748s ]
SQL: SHOW COLUMNS FROM `think_type` [ RunTime:0.0004s ]
SQL: SELECT * FROM `think_type` WHERE `pid` = '1'  [ RunTime:0.0001s ]
SQL: SELECT * FROM `think_type` WHERE `pid` = '1'  [ RunTime:0.0000s ]
SQL: SELECT * FROM `think_type` WHERE `pid` = '1'  [ RunTime:0.0000s ]
SQL: SELECT * FROM `think_type` WHERE `pid` = '4'  [ RunTime:0.0000s ]
SQL: SELECT * FROM `think_type` WHERE `pid` = '4'  [ RunTime:0.0000s ]
SQL: SELECT * FROM `think_type` WHERE `pid` = '4'  [ RunTime:0.0000s ]
SQL: SELECT * FROM `think_type` WHERE `pid` = '5'  [ RunTime:0.0000s ]
SQL: SELECT * FROM `think_type` WHERE `pid` = '5'  [ RunTime:0.0000s ]
SQL: SELECT * FROM `think_type` WHERE `pid` = '5'  [ RunTime:0.0001s ]
SQL: SELECT * FROM `think_type` WHERE `pid` = '6'  [ RunTime:0.0000s ]
SQL: SELECT * FROM `think_type` WHERE `pid` = '6'  [ RunTime:0.0000s ]
SQL: SELECT * FROM `think_type` WHERE `pid` = '6'  [ RunTime:0.0000s ]
SQL: SELECT * FROM `think_type` WHERE `pid` = '7'  [ RunTime:0.0001s ]
SQL: SELECT * FROM `think_type` WHERE `pid` = '7'  [ RunTime:0.0000s ]
SQL: SELECT * FROM `think_type` WHERE `pid` = '7'  [ RunTime:0.0000s ]
INFO: Run Behavior\ParseTemplateBehavior [ RunTime:0.005219s ]
INFO: [ view_parse ] --END-- [ RunTime:0.005251s ]
INFO: [ view_filter ] --START--
INFO: Run Behavior\WriteHtmlCacheBehavior [ RunTime:0.000147s ]
INFO: [ view_filter ] --END-- [ RunTime:0.000173s ]
SQL: SHOW COLUMNS FROM `think_article` [ RunTime:0.0004s ]
SQL: SELECT * FROM `think_article`  [ RunTime:0.0005s ]
SQL: SHOW COLUMNS FROM `think_person` [ RunTime:0.0003s ]
SQL: SELECT * FROM `think_person`  [ RunTime:0.0001s ]
SQL: SELECT * FROM `think_article` WHERE ( style=2 ) ORDER BY id desc LIMIT 4   [ RunTime:0.0003s ]
SQL: SELECT * FROM `think_article` ORDER BY click desc LIMIT 5   [ RunTime:0.0002s ]
INFO: Run Behavior\ParseTemplateBehavior [ RunTime:0.008854s ]
INFO: [ view_parse ] --END-- [ RunTime:0.005251s ]
INFO: [ view_filter ] --START--
INFO: Run Behavior\WriteHtmlCacheBehavior [ RunTime:0.000008s ]
INFO: [ view_filter ] --END-- [ RunTime:-0.003464s ]
INFO: [ app_end ] --START--
INFO: Run Behavior\ShowPageTraceBehavior [ RunTime:0.000449s ]
INFO: [ app_end ] --END-- [ RunTime:0.000483s ]

[ 2017-10-26T18:24:43+08:00 ] 122.190.2.36 /index.php?s=/Home/Article/lst/id/6.html
INFO: [ app_init ] --START--
INFO: Run Behavior\BuildLiteBehavior [ RunTime:0.000011s ]
INFO: [ app_init ] --END-- [ RunTime:0.000253s ]
INFO: [ app_begin ] --START--
INFO: Run Behavior\ReadHtmlCacheBehavior [ RunTime:0.000290s ]
INFO: [ app_begin ] --END-- [ RunTime:0.000326s ]
SQL: SHOW COLUMNS FROM `think_article` [ RunTime:0.0005s ]
SQL: SELECT COUNT(*) AS tp_count FROM `think_article` WHERE `type` = '6' LIMIT 1   [ RunTime:0.0003s ]
SQL: SELECT * FROM `think_article` WHERE `type` = '6' ORDER BY id desc LIMIT 0,5   [ RunTime:0.0003s ]
SQL: SHOW COLUMNS FROM `think_type` [ RunTime:0.0003s ]
SQL: SELECT * FROM `think_type`  [ RunTime:0.0001s ]
INFO: [ view_parse ] --START--
INFO: [ template_filter ] --START--
INFO: Run Behavior\ContentReplaceBehavior [ RunTime:0.000054s ]
INFO: [ template_filter ] --END-- [ RunTime:0.000090s ]
SQL: SHOW COLUMNS FROM `think_type` [ RunTime:0.0004s ]
SQL: SELECT * FROM `think_type` WHERE `pid` = 0  [ RunTime:0.0001s ]
INFO: [ view_parse ] --START--
INFO: [ template_filter ] --START--
INFO: Run Behavior\ContentReplaceBehavior [ RunTime:0.000034s ]
INFO: [ template_filter ] --END-- [ RunTime:-0.003702s ]
SQL: SELECT * FROM `think_type` WHERE `pid` = '1'  [ RunTime:0.0001s ]
SQL: SELECT * FROM `think_type` WHERE `pid` = '1'  [ RunTime:0.0000s ]
SQL: SELECT * FROM `think_type` WHERE `pid` = '1'  [ RunTime:0.0000s ]
SQL: SELECT * FROM `think_type` WHERE `pid` = '4'  [ RunTime:0.0000s ]
SQL: SELECT * FROM `think_type` WHERE `pid` = '4'  [ RunTime:0.0001s ]
SQL: SELECT * FROM `think_type` WHERE `pid` = '4'  [ RunTime:0.0000s ]
SQL: SELECT * FROM `think_type` WHERE `pid` = '5'  [ RunTime:0.0000s ]
SQL: SELECT * FROM `think_type` WHERE `pid` = '5'  [ RunTime:0.0001s ]
SQL: SELECT * FROM `think_type` WHERE `pid` = '5'  [ RunTime:0.0001s ]
SQL: SELECT * FROM `think_type` WHERE `pid` = '6'  [ RunTime:0.0000s ]
SQL: SELECT * FROM `think_type` WHERE `pid` = '6'  [ RunTime:0.0000s ]
SQL: SELECT * FROM `think_type` WHERE `pid` = '6'  [ RunTime:0.0000s ]
SQL: SELECT * FROM `think_type` WHERE `pid` = '7'  [ RunTime:0.0000s ]
SQL: SELECT * FROM `think_type` WHERE `pid` = '7'  [ RunTime:0.0000s ]
SQL: SELECT * FROM `think_type` WHERE `pid` = '7'  [ RunTime:0.0000s ]
INFO: Run Behavior\ParseTemplateBehavior [ RunTime:0.004929s ]
INFO: [ view_parse ] --END-- [ RunTime:0.004958s ]
INFO: [ view_filter ] --START--
INFO: Run Behavior\WriteHtmlCacheBehavior [ RunTime:0.000119s ]
INFO: [ view_filter ] --END-- [ RunTime:0.000145s ]
SQL: SHOW COLUMNS FROM `think_article` [ RunTime:0.0004s ]
SQL: SELECT * FROM `think_article`  [ RunTime:0.0003s ]
SQL: SHOW COLUMNS FROM `think_person` [ RunTime:0.0003s ]
SQL: SELECT * FROM `think_person`  [ RunTime:0.0001s ]
SQL: SELECT * FROM `think_article` WHERE ( style=2 ) ORDER BY id desc LIMIT 4   [ RunTime:0.0001s ]
SQL: SELECT * FROM `think_article` ORDER BY click desc LIMIT 5   [ RunTime:0.0001s ]
INFO: Run Behavior\ParseTemplateBehavior [ RunTime:0.007870s ]
INFO: [ view_parse ] --END-- [ RunTime:0.004958s ]
INFO: [ view_filter ] --START--
INFO: Run Behavior\WriteHtmlCacheBehavior [ RunTime:0.000007s ]
INFO: [ view_filter ] --END-- [ RunTime:-0.002806s ]
INFO: [ app_end ] --START--
INFO: Run Behavior\ShowPageTraceBehavior [ RunTime:0.000342s ]
INFO: [ app_end ] --END-- [ RunTime:0.000374s ]

[ 2017-10-26T18:24:47+08:00 ] 122.190.2.36 /index.php?s=/Home/Article/lst/id/8.html
INFO: [ app_init ] --START--
INFO: Run Behavior\BuildLiteBehavior [ RunTime:0.000011s ]
INFO: [ app_init ] --END-- [ RunTime:0.000236s ]
INFO: [ app_begin ] --START--
INFO: Run Behavior\ReadHtmlCacheBehavior [ RunTime:0.000309s ]
INFO: [ app_begin ] --END-- [ RunTime:0.000346s ]
SQL: SHOW COLUMNS FROM `think_article` [ RunTime:0.0006s ]
SQL: SELECT COUNT(*) AS tp_count FROM `think_article` WHERE `type` = '8' LIMIT 1   [ RunTime:0.0002s ]
NOTIC: [8] Undefined variable: page_show /www/wwwroot/blog-v2/Application/Home/Common/function.php 第 47 行.
SQL: SELECT * FROM `think_article` WHERE `type` = '8' ORDER BY id desc LIMIT 0,5   [ RunTime:0.0002s ]
SQL: SHOW COLUMNS FROM `think_type` [ RunTime:0.0003s ]
SQL: SELECT * FROM `think_type`  [ RunTime:0.0001s ]
INFO: [ view_parse ] --START--
INFO: [ template_filter ] --START--
INFO: Run Behavior\ContentReplaceBehavior [ RunTime:0.000053s ]
INFO: [ template_filter ] --END-- [ RunTime:0.000089s ]
SQL: SHOW COLUMNS FROM `think_type` [ RunTime:0.0006s ]
SQL: SELECT * FROM `think_type` WHERE `pid` = 0  [ RunTime:0.0001s ]
INFO: [ view_parse ] --START--
INFO: [ template_filter ] --START--
INFO: Run Behavior\ContentReplaceBehavior [ RunTime:0.000027s ]
INFO: [ template_filter ] --END-- [ RunTime:-0.003809s ]
SQL: SELECT * FROM `think_type` WHERE `pid` = '1'  [ RunTime:0.0001s ]
SQL: SELECT * FROM `think_type` WHERE `pid` = '1'  [ RunTime:0.0000s ]
SQL: SELECT * FROM `think_type` WHERE `pid` = '1'  [ RunTime:0.0000s ]
SQL: SELECT * FROM `think_type` WHERE `pid` = '4'  [ RunTime:0.0000s ]
SQL: SELECT * FROM `think_type` WHERE `pid` = '4'  [ RunTime:0.0000s ]
SQL: SELECT * FROM `think_type` WHERE `pid` = '4'  [ RunTime:0.0000s ]
SQL: SELECT * FROM `think_type` WHERE `pid` = '5'  [ RunTime:0.0000s ]
SQL: SELECT * FROM `think_type` WHERE `pid` = '5'  [ RunTime:0.0000s ]
SQL: SELECT * FROM `think_type` WHERE `pid` = '5'  [ RunTime:0.0000s ]
SQL: SELECT * FROM `think_type` WHERE `pid` = '6'  [ RunTime:0.0000s ]
SQL: SELECT * FROM `think_type` WHERE `pid` = '6'  [ RunTime:0.0000s ]
SQL: SELECT * FROM `think_type` WHERE `pid` = '6'  [ RunTime:0.0001s ]
SQL: SELECT * FROM `think_type` WHERE `pid` = '7'  [ RunTime:0.0000s ]
SQL: SELECT * FROM `think_type` WHERE `pid` = '7'  [ RunTime:0.0000s ]
SQL: SELECT * FROM `think_type` WHERE `pid` = '7'  [ RunTime:0.0000s ]
INFO: Run Behavior\ParseTemplateBehavior [ RunTime:0.004770s ]
INFO: [ view_parse ] --END-- [ RunTime:0.004800s ]
INFO: [ view_filter ] --START--
INFO: Run Behavior\WriteHtmlCacheBehavior [ RunTime:0.000116s ]
INFO: [ view_filter ] --END-- [ RunTime:0.000142s ]
SQL: SHOW COLUMNS FROM `think_article` [ RunTime:0.0004s ]
SQL: SELECT * FROM `think_article`  [ RunTime:0.0003s ]
SQL: SHOW COLUMNS FROM `think_person` [ RunTime:0.0003s ]
SQL: SELECT * FROM `think_person`  [ RunTime:0.0001s ]
SQL: SELECT * FROM `think_article` WHERE ( style=2 ) ORDER BY id desc LIMIT 4   [ RunTime:0.0001s ]
SQL: SELECT * FROM `think_article` ORDER BY click desc LIMIT 5   [ RunTime:0.0001s ]
INFO: Run Behavior\ParseTemplateBehavior [ RunTime:0.007588s ]
INFO: [ view_parse ] --END-- [ RunTime:0.004800s ]
INFO: [ view_filter ] --START--
INFO: Run Behavior\WriteHtmlCacheBehavior [ RunTime:0.000008s ]
INFO: [ view_filter ] --END-- [ RunTime:-0.002676s ]
INFO: [ app_end ] --START--
INFO: Run Behavior\ShowPageTraceBehavior [ RunTime:0.000360s ]
INFO: [ app_end ] --END-- [ RunTime:0.000401s ]

[ 2017-10-26T18:24:52+08:00 ] 122.190.2.36 /index.php?s=/Home/Article/lst/id/1.html
INFO: [ app_init ] --START--
INFO: Run Behavior\BuildLiteBehavior [ RunTime:0.000011s ]
INFO: [ app_init ] --END-- [ RunTime:0.000245s ]
INFO: [ app_begin ] --START--
INFO: Run Behavior\ReadHtmlCacheBehavior [ RunTime:0.000311s ]
INFO: [ app_begin ] --END-- [ RunTime:0.000347s ]
SQL: SHOW COLUMNS FROM `think_article` [ RunTime:0.0005s ]
SQL: SELECT COUNT(*) AS tp_count FROM `think_article` WHERE `type` = '1' LIMIT 1   [ RunTime:0.0002s ]
SQL: SELECT * FROM `think_article` WHERE `type` = '1' ORDER BY id desc LIMIT 0,5   [ RunTime:0.0002s ]
SQL: SHOW COLUMNS FROM `think_type` [ RunTime:0.0003s ]
SQL: SELECT * FROM `think_type`  [ RunTime:0.0001s ]
INFO: [ view_parse ] --START--
INFO: [ template_filter ] --START--
INFO: Run Behavior\ContentReplaceBehavior [ RunTime:0.000052s ]
INFO: [ template_filter ] --END-- [ RunTime:0.000086s ]
SQL: SHOW COLUMNS FROM `think_type` [ RunTime:0.0003s ]
SQL: SELECT * FROM `think_type` WHERE `pid` = 0  [ RunTime:0.0000s ]
INFO: [ view_parse ] --START--
INFO: [ template_filter ] --START--
INFO: Run Behavior\ContentReplaceBehavior [ RunTime:0.000027s ]
INFO: [ template_filter ] --END-- [ RunTime:-0.003437s ]
SQL: SELECT * FROM `think_type` WHERE `pid` = '1'  [ RunTime:0.0001s ]
SQL: SELECT * FROM `think_type` WHERE `pid` = '1'  [ RunTime:0.0000s ]
SQL: SELECT * FROM `think_type` WHERE `pid` = '1'  [ RunTime:0.0000s ]
SQL: SELECT * FROM `think_type` WHERE `pid` = '4'  [ RunTime:0.0000s ]
SQL: SELECT * FROM `think_type` WHERE `pid` = '4'  [ RunTime:0.0000s ]
SQL: SELECT * FROM `think_type` WHERE `pid` = '4'  [ RunTime:0.0000s ]
SQL: SELECT * FROM `think_type` WHERE `pid` = '5'  [ RunTime:0.0000s ]
SQL: SELECT * FROM `think_type` WHERE `pid` = '5'  [ RunTime:0.0001s ]
SQL: SELECT * FROM `think_type` WHERE `pid` = '5'  [ RunTime:0.0000s ]
SQL: SELECT * FROM `think_type` WHERE `pid` = '6'  [ RunTime:0.0000s ]
SQL: SELECT * FROM `think_type` WHERE `pid` = '6'  [ RunTime:0.0000s ]
SQL: SELECT * FROM `think_type` WHERE `pid` = '6'  [ RunTime:0.0001s ]
SQL: SELECT * FROM `think_type` WHERE `pid` = '7'  [ RunTime:0.0000s ]
SQL: SELECT * FROM `think_type` WHERE `pid` = '7'  [ RunTime:0.0000s ]
SQL: SELECT * FROM `think_type` WHERE `pid` = '7'  [ RunTime:0.0000s ]
INFO: Run Behavior\ParseTemplateBehavior [ RunTime:0.004566s ]
INFO: [ view_parse ] --END-- [ RunTime:0.004612s ]
INFO: [ view_filter ] --START--
INFO: Run Behavior\WriteHtmlCacheBehavior [ RunTime:0.000116s ]
INFO: [ view_filter ] --END-- [ RunTime:0.000141s ]
SQL: SHOW COLUMNS FROM `think_article` [ RunTime:0.0003s ]
SQL: SELECT * FROM `think_article`  [ RunTime:0.0002s ]
SQL: SHOW COLUMNS FROM `think_person` [ RunTime:0.0003s ]
SQL: SELECT * FROM `think_person`  [ RunTime:0.0001s ]
SQL: SELECT * FROM `think_article` WHERE ( style=2 ) ORDER BY id desc LIMIT 4   [ RunTime:0.0001s ]
SQL: SELECT * FROM `think_article` ORDER BY click desc LIMIT 5   [ RunTime:0.0001s ]
INFO: Run Behavior\ParseTemplateBehavior [ RunTime:0.007491s ]
INFO: [ view_parse ] --END-- [ RunTime:0.004612s ]
INFO: [ view_filter ] --START--
INFO: Run Behavior\WriteHtmlCacheBehavior [ RunTime:0.000006s ]
INFO: [ view_filter ] --END-- [ RunTime:-0.002783s ]
INFO: [ app_end ] --START--
INFO: Run Behavior\ShowPageTraceBehavior [ RunTime:0.000335s ]
INFO: [ app_end ] --END-- [ RunTime:0.000368s ]

[ 2017-10-26T18:24:57+08:00 ] 122.190.2.36 /index.php?s=/Home/Article/lst/id/1/p/2.html
INFO: [ app_init ] --START--
INFO: Run Behavior\BuildLiteBehavior [ RunTime:0.000011s ]
INFO: [ app_init ] --END-- [ RunTime:0.000277s ]
INFO: [ app_begin ] --START--
INFO: Run Behavior\ReadHtmlCacheBehavior [ RunTime:0.000326s ]
INFO: [ app_begin ] --END-- [ RunTime:0.000366s ]
SQL: SHOW COLUMNS FROM `think_article` [ RunTime:0.0005s ]
SQL: SELECT COUNT(*) AS tp_count FROM `think_article` WHERE `type` = '1' LIMIT 1   [ RunTime:0.0001s ]
SQL: SELECT * FROM `think_article` WHERE `type` = '1' ORDER BY id desc LIMIT 5,5   [ RunTime:0.0003s ]
SQL: SHOW COLUMNS FROM `think_type` [ RunTime:0.0003s ]
SQL: SELECT * FROM `think_type`  [ RunTime:0.0000s ]
INFO: [ view_parse ] --START--
INFO: [ template_filter ] --START--
INFO: Run Behavior\ContentReplaceBehavior [ RunTime:0.000062s ]
INFO: [ template_filter ] --END-- [ RunTime:0.000098s ]
SQL: SHOW COLUMNS FROM `think_type` [ RunTime:0.0004s ]
SQL: SELECT * FROM `think_type` WHERE `pid` = 0  [ RunTime:0.0000s ]
INFO: [ view_parse ] --START--
INFO: [ template_filter ] --START--
INFO: Run Behavior\ContentReplaceBehavior [ RunTime:0.000028s ]
INFO: [ template_filter ] --END-- [ RunTime:-0.003760s ]
SQL: SELECT * FROM `think_type` WHERE `pid` = '1'  [ RunTime:0.0001s ]
SQL: SELECT * FROM `think_type` WHERE `pid` = '1'  [ RunTime:0.0000s ]
SQL: SELECT * FROM `think_type` WHERE `pid` = '1'  [ RunTime:0.0000s ]
SQL: SELECT * FROM `think_type` WHERE `pid` = '4'  [ RunTime:0.0001s ]
SQL: SELECT * FROM `think_type` WHERE `pid` = '4'  [ RunTime:0.0000s ]
SQL: SELECT * FROM `think_type` WHERE `pid` = '4'  [ RunTime:0.0000s ]
SQL: SELECT * FROM `think_type` WHERE `pid` = '5'  [ RunTime:0.0000s ]
SQL: SELECT * FROM `think_type` WHERE `pid` = '5'  [ RunTime:0.0000s ]
SQL: SELECT * FROM `think_type` WHERE `pid` = '5'  [ RunTime:0.0000s ]
SQL: SELECT * FROM `think_type` WHERE `pid` = '6'  [ RunTime:0.0000s ]
SQL: SELECT * FROM `think_type` WHERE `pid` = '6'  [ RunTime:0.0000s ]
SQL: SELECT * FROM `think_type` WHERE `pid` = '6'  [ RunTime:0.0000s ]
SQL: SELECT * FROM `think_type` WHERE `pid` = '7'  [ RunTime:0.0000s ]
SQL: SELECT * FROM `think_type` WHERE `pid` = '7'  [ RunTime:0.0000s ]
SQL: SELECT * FROM `think_type` WHERE `pid` = '7'  [ RunTime:0.0000s ]
INFO: Run Behavior\ParseTemplateBehavior [ RunTime:0.004731s ]
INFO: [ view_parse ] --END-- [ RunTime:0.004766s ]
INFO: [ view_filter ] --START--
INFO: Run Behavior\WriteHtmlCacheBehavior [ RunTime:0.000112s ]
INFO: [ view_filter ] --END-- [ RunTime:0.000137s ]
SQL: SHOW COLUMNS FROM `think_article` [ RunTime:0.0004s ]
SQL: SELECT * FROM `think_article`  [ RunTime:0.0002s ]
SQL: SHOW COLUMNS FROM `think_person` [ RunTime:0.0003s ]
SQL: SELECT * FROM `think_person`  [ RunTime:0.0001s ]
SQL: SELECT * FROM `think_article` WHERE ( style=2 ) ORDER BY id desc LIMIT 4   [ RunTime:0.0001s ]
SQL: SELECT * FROM `think_article` ORDER BY click desc LIMIT 5   [ RunTime:0.0001s ]
INFO: Run Behavior\ParseTemplateBehavior [ RunTime:0.007849s ]
INFO: [ view_parse ] --END-- [ RunTime:0.004766s ]
INFO: [ view_filter ] --START--
INFO: Run Behavior\WriteHtmlCacheBehavior [ RunTime:0.000007s ]
INFO: [ view_filter ] --END-- [ RunTime:-0.002979s ]
INFO: [ app_end ] --START--
INFO: Run Behavior\ShowPageTraceBehavior [ RunTime:0.000376s ]
INFO: [ app_end ] --END-- [ RunTime:0.000407s ]

[ 2017-10-26T18:24:59+08:00 ] 122.190.2.36 /index.php?s=/Home/Article/lst/id/1/p/3.html
INFO: [ app_init ] --START--
INFO: Run Behavior\BuildLiteBehavior [ RunTime:0.000011s ]
INFO: [ app_init ] --END-- [ RunTime:0.000273s ]
INFO: [ app_begin ] --START--
INFO: Run Behavior\ReadHtmlCacheBehavior [ RunTime:0.000303s ]
INFO: [ app_begin ] --END-- [ RunTime:0.000339s ]
SQL: SHOW COLUMNS FROM `think_article` [ RunTime:0.0006s ]
SQL: SELECT COUNT(*) AS tp_count FROM `think_article` WHERE `type` = '1' LIMIT 1   [ RunTime:0.0000s ]
SQL: SELECT * FROM `think_article` WHERE `type` = '1' ORDER BY id desc LIMIT 10,5   [ RunTime:0.0003s ]
SQL: SHOW COLUMNS FROM `think_type` [ RunTime:0.0003s ]
SQL: SELECT * FROM `think_type`  [ RunTime:0.0001s ]
INFO: [ view_parse ] --START--
INFO: [ template_filter ] --START--
INFO: Run Behavior\ContentReplaceBehavior [ RunTime:0.000054s ]
INFO: [ template_filter ] --END-- [ RunTime:0.000087s ]
SQL: SHOW COLUMNS FROM `think_type` [ RunTime:0.0003s ]
SQL: SELECT * FROM `think_type` WHERE `pid` = 0  [ RunTime:0.0000s ]
INFO: [ view_parse ] --START--
INFO: [ template_filter ] --START--
INFO: Run Behavior\ContentReplaceBehavior [ RunTime:0.000027s ]
INFO: [ template_filter ] --END-- [ RunTime:-0.003550s ]
SQL: SELECT * FROM `think_type` WHERE `pid` = '1'  [ RunTime:0.0002s ]
SQL: SELECT * FROM `think_type` WHERE `pid` = '1'  [ RunTime:0.0000s ]
SQL: SELECT * FROM `think_type` WHERE `pid` = '1'  [ RunTime:0.0000s ]
SQL: SELECT * FROM `think_type` WHERE `pid` = '4'  [ RunTime:0.0000s ]
SQL: SELECT * FROM `think_type` WHERE `pid` = '4'  [ RunTime:0.0000s ]
SQL: SELECT * FROM `think_type` WHERE `pid` = '4'  [ RunTime:0.0000s ]
SQL: SELECT * FROM `think_type` WHERE `pid` = '5'  [ RunTime:0.0001s ]
SQL: SELECT * FROM `think_type` WHERE `pid` = '5'  [ RunTime:0.0000s ]
SQL: SELECT * FROM `think_type` WHERE `pid` = '5'  [ RunTime:0.0000s ]
SQL: SELECT * FROM `think_type` WHERE `pid` = '6'  [ RunTime:0.0000s ]
SQL: SELECT * FROM `think_type` WHERE `pid` = '6'  [ RunTime:0.0000s ]
SQL: SELECT * FROM `think_type` WHERE `pid` = '6'  [ RunTime:0.0000s ]
SQL: SELECT * FROM `think_type` WHERE `pid` = '7'  [ RunTime:0.0000s ]
SQL: SELECT * FROM `think_type` WHERE `pid` = '7'  [ RunTime:0.0001s ]
SQL: SELECT * FROM `think_type` WHERE `pid` = '7'  [ RunTime:0.0000s ]
INFO: Run Behavior\ParseTemplateBehavior [ RunTime:0.004782s ]
INFO: [ view_parse ] --END-- [ RunTime:0.004809s ]
INFO: [ view_filter ] --START--
INFO: Run Behavior\WriteHtmlCacheBehavior [ RunTime:0.000113s ]
INFO: [ view_filter ] --END-- [ RunTime:0.000138s ]
SQL: SHOW COLUMNS FROM `think_article` [ RunTime:0.0004s ]
SQL: SELECT * FROM `think_article`  [ RunTime:0.0002s ]
SQL: SHOW COLUMNS FROM `think_person` [ RunTime:0.0004s ]
SQL: SELECT * FROM `think_person`  [ RunTime:0.0001s ]
SQL: SELECT * FROM `think_article` WHERE ( style=2 ) ORDER BY id desc LIMIT 4   [ RunTime:0.0001s ]
SQL: SELECT * FROM `think_article` ORDER BY click desc LIMIT 5   [ RunTime:0.0010s ]
INFO: Run Behavior\ParseTemplateBehavior [ RunTime:0.008714s ]
INFO: [ view_parse ] --END-- [ RunTime:0.004809s ]
INFO: [ view_filter ] --START--
INFO: Run Behavior\WriteHtmlCacheBehavior [ RunTime:0.000007s ]
INFO: [ view_filter ] --END-- [ RunTime:-0.003794s ]
INFO: [ app_end ] --START--
INFO: Run Behavior\ShowPageTraceBehavior [ RunTime:0.000349s ]
INFO: [ app_end ] --END-- [ RunTime:0.000380s ]

[ 2017-10-26T18:25:03+08:00 ] 122.190.2.36 /index.php?s=/Home/Article/lst/id/1/p/4.html
INFO: [ app_init ] --START--
INFO: Run Behavior\BuildLiteBehavior [ RunTime:0.000012s ]
INFO: [ app_init ] --END-- [ RunTime:0.000316s ]
INFO: [ app_begin ] --START--
INFO: Run Behavior\ReadHtmlCacheBehavior [ RunTime:0.000385s ]
INFO: [ app_begin ] --END-- [ RunTime:0.000427s ]
SQL: SHOW COLUMNS FROM `think_article` [ RunTime:0.0006s ]
SQL: SELECT COUNT(*) AS tp_count FROM `think_article` WHERE `type` = '1' LIMIT 1   [ RunTime:0.0000s ]
SQL: SELECT * FROM `think_article` WHERE `type` = '1' ORDER BY id desc LIMIT 15,5   [ RunTime:0.0003s ]
SQL: SHOW COLUMNS FROM `think_type` [ RunTime:0.0003s ]
SQL: SELECT * FROM `think_type`  [ RunTime:0.0001s ]
INFO: [ view_parse ] --START--
INFO: [ template_filter ] --START--
INFO: Run Behavior\ContentReplaceBehavior [ RunTime:0.000066s ]
INFO: [ template_filter ] --END-- [ RunTime:0.000116s ]
SQL: SHOW COLUMNS FROM `think_type` [ RunTime:0.0005s ]
SQL: SELECT * FROM `think_type` WHERE `pid` = 0  [ RunTime:0.0001s ]
INFO: [ view_parse ] --START--
INFO: [ template_filter ] --START--
INFO: Run Behavior\ContentReplaceBehavior [ RunTime:0.000033s ]
INFO: [ template_filter ] --END-- [ RunTime:-0.004065s ]
SQL: SELECT * FROM `think_type` WHERE `pid` = '1'  [ RunTime:0.0001s ]
SQL: SELECT * FROM `think_type` WHERE `pid` = '1'  [ RunTime:0.0001s ]
SQL: SELECT * FROM `think_type` WHERE `pid` = '1'  [ RunTime:0.0000s ]
SQL: SELECT * FROM `think_type` WHERE `pid` = '4'  [ RunTime:0.0001s ]
SQL: SELECT * FROM `think_type` WHERE `pid` = '4'  [ RunTime:0.0000s ]
SQL: SELECT * FROM `think_type` WHERE `pid` = '4'  [ RunTime:0.0000s ]
SQL: SELECT * FROM `think_type` WHERE `pid` = '5'  [ RunTime:0.0000s ]
SQL: SELECT * FROM `think_type` WHERE `pid` = '5'  [ RunTime:0.0000s ]
SQL: SELECT * FROM `think_type` WHERE `pid` = '5'  [ RunTime:0.0000s ]
SQL: SELECT * FROM `think_type` WHERE `pid` = '6'  [ RunTime:0.0000s ]
SQL: SELECT * FROM `think_type` WHERE `pid` = '6'  [ RunTime:0.0000s ]
SQL: SELECT * FROM `think_type` WHERE `pid` = '6'  [ RunTime:0.0000s ]
SQL: SELECT * FROM `think_type` WHERE `pid` = '7'  [ RunTime:0.0000s ]
SQL: SELECT * FROM `think_type` WHERE `pid` = '7'  [ RunTime:0.0000s ]
SQL: SELECT * FROM `think_type` WHERE `pid` = '7'  [ RunTime:0.0000s ]
INFO: Run Behavior\ParseTemplateBehavior [ RunTime:0.005155s ]
INFO: [ view_parse ] --END-- [ RunTime:0.005186s ]
INFO: [ view_filter ] --START--
INFO: Run Behavior\WriteHtmlCacheBehavior [ RunTime:0.000134s ]
INFO: [ view_filter ] --END-- [ RunTime:0.000159s ]
SQL: SHOW COLUMNS FROM `think_article` [ RunTime:0.0004s ]
SQL: SELECT * FROM `think_article`  [ RunTime:0.0003s ]
SQL: SHOW COLUMNS FROM `think_person` [ RunTime:0.0003s ]
SQL: SELECT * FROM `think_person`  [ RunTime:0.0002s ]
SQL: SELECT * FROM `think_article` WHERE ( style=2 ) ORDER BY id desc LIMIT 4   [ RunTime:0.0001s ]
SQL: SELECT * FROM `think_article` ORDER BY click desc LIMIT 5   [ RunTime:0.0001s ]
INFO: Run Behavior\ParseTemplateBehavior [ RunTime:0.008592s ]
INFO: [ view_parse ] --END-- [ RunTime:0.005186s ]
INFO: [ view_filter ] --START--
INFO: Run Behavior\WriteHtmlCacheBehavior [ RunTime:0.000007s ]
INFO: [ view_filter ] --END-- [ RunTime:-0.003296s ]
INFO: [ app_end ] --START--
INFO: Run Behavior\ShowPageTraceBehavior [ RunTime:0.000388s ]
INFO: [ app_end ] --END-- [ RunTime:0.000422s ]

[ 2017-10-26T18:25:05+08:00 ] 122.190.2.36 /index.php?s=/Home/Article/lst/id/1/p/5.html
INFO: [ app_init ] --START--
INFO: Run Behavior\BuildLiteBehavior [ RunTime:0.000017s ]
INFO: [ app_init ] --END-- [ RunTime:0.000388s ]
INFO: [ app_begin ] --START--
INFO: Run Behavior\ReadHtmlCacheBehavior [ RunTime:0.000462s ]
INFO: [ app_begin ] --END-- [ RunTime:0.000511s ]
SQL: SHOW COLUMNS FROM `think_article` [ RunTime:0.0006s ]
SQL: SELECT COUNT(*) AS tp_count FROM `think_article` WHERE `type` = '1' LIMIT 1   [ RunTime:0.0000s ]
SQL: SELECT * FROM `think_article` WHERE `type` = '1' ORDER BY id desc LIMIT 20,5   [ RunTime:0.0005s ]
SQL: SHOW COLUMNS FROM `think_type` [ RunTime:0.0004s ]
SQL: SELECT * FROM `think_type`  [ RunTime:0.0001s ]
INFO: [ view_parse ] --START--
INFO: [ template_filter ] --START--
INFO: Run Behavior\ContentReplaceBehavior [ RunTime:0.000058s ]
INFO: [ template_filter ] --END-- [ RunTime:0.000103s ]
SQL: SHOW COLUMNS FROM `think_type` [ RunTime:0.0006s ]
SQL: SELECT * FROM `think_type` WHERE `pid` = 0  [ RunTime:0.0001s ]
INFO: [ view_parse ] --START--
INFO: [ template_filter ] --START--
INFO: Run Behavior\ContentReplaceBehavior [ RunTime:0.000046s ]
INFO: [ template_filter ] --END-- [ RunTime:-0.005898s ]
SQL: SELECT * FROM `think_type` WHERE `pid` = '1'  [ RunTime:0.0001s ]
SQL: SELECT * FROM `think_type` WHERE `pid` = '1'  [ RunTime:0.0001s ]
SQL: SELECT * FROM `think_type` WHERE `pid` = '1'  [ RunTime:0.0000s ]
SQL: SELECT * FROM `think_type` WHERE `pid` = '4'  [ RunTime:0.0000s ]
SQL: SELECT * FROM `think_type` WHERE `pid` = '4'  [ RunTime:0.0000s ]
SQL: SELECT * FROM `think_type` WHERE `pid` = '4'  [ RunTime:0.0000s ]
SQL: SELECT * FROM `think_type` WHERE `pid` = '5'  [ RunTime:0.0000s ]
SQL: SELECT * FROM `think_type` WHERE `pid` = '5'  [ RunTime:0.0000s ]
SQL: SELECT * FROM `think_type` WHERE `pid` = '5'  [ RunTime:0.0000s ]
SQL: SELECT * FROM `think_type` WHERE `pid` = '6'  [ RunTime:0.0000s ]
SQL: SELECT * FROM `think_type` WHERE `pid` = '6'  [ RunTime:0.0000s ]
SQL: SELECT * FROM `think_type` WHERE `pid` = '6'  [ RunTime:0.0000s ]
SQL: SELECT * FROM `think_type` WHERE `pid` = '7'  [ RunTime:0.0000s ]
SQL: SELECT * FROM `think_type` WHERE `pid` = '7'  [ RunTime:0.0000s ]
SQL: SELECT * FROM `think_type` WHERE `pid` = '7'  [ RunTime:0.0000s ]
INFO: Run Behavior\ParseTemplateBehavior [ RunTime:0.006501s ]
INFO: [ view_parse ] --END-- [ RunTime:0.006552s ]
INFO: [ view_filter ] --START--
INFO: Run Behavior\WriteHtmlCacheBehavior [ RunTime:0.000135s ]
INFO: [ view_filter ] --END-- [ RunTime:0.000161s ]
SQL: SHOW COLUMNS FROM `think_article` [ RunTime:0.0005s ]
SQL: SELECT * FROM `think_article`  [ RunTime:0.0003s ]
SQL: SHOW COLUMNS FROM `think_person` [ RunTime:0.0004s ]
SQL: SELECT * FROM `think_person`  [ RunTime:0.0001s ]
SQL: SELECT * FROM `think_article` WHERE ( style=2 ) ORDER BY id desc LIMIT 4   [ RunTime:0.0001s ]
SQL: SELECT * FROM `think_article` ORDER BY click desc LIMIT 5   [ RunTime:0.0001s ]
INFO: Run Behavior\ParseTemplateBehavior [ RunTime:0.009893s ]
INFO: [ view_parse ] --END-- [ RunTime:0.006552s ]
INFO: [ view_filter ] --START--
INFO: Run Behavior\WriteHtmlCacheBehavior [ RunTime:0.000007s ]
INFO: [ view_filter ] --END-- [ RunTime:-0.003212s ]
INFO: [ app_end ] --START--
INFO: Run Behavior\ShowPageTraceBehavior [ RunTime:0.000468s ]
INFO: [ app_end ] --END-- [ RunTime:0.000533s ]

[ 2017-10-26T18:25:07+08:00 ] 122.190.2.36 /index.php?s=/Home/Article/lst/id/1/p/6.html
INFO: [ app_init ] --START--
INFO: Run Behavior\BuildLiteBehavior [ RunTime:0.000013s ]
INFO: [ app_init ] --END-- [ RunTime:0.000248s ]
INFO: [ app_begin ] --START--
INFO: Run Behavior\ReadHtmlCacheBehavior [ RunTime:0.000316s ]
INFO: [ app_begin ] --END-- [ RunTime:0.000352s ]
SQL: SHOW COLUMNS FROM `think_article` [ RunTime:0.0006s ]
SQL: SELECT COUNT(*) AS tp_count FROM `think_article` WHERE `type` = '1' LIMIT 1   [ RunTime:0.0001s ]
SQL: SELECT * FROM `think_article` WHERE `type` = '1' ORDER BY id desc LIMIT 25,5   [ RunTime:0.0003s ]
SQL: SHOW COLUMNS FROM `think_type` [ RunTime:0.0003s ]
SQL: SELECT * FROM `think_type`  [ RunTime:0.0001s ]
INFO: [ view_parse ] --START--
INFO: [ template_filter ] --START--
INFO: Run Behavior\ContentReplaceBehavior [ RunTime:0.000057s ]
INFO: [ template_filter ] --END-- [ RunTime:0.000106s ]
SQL: SHOW COLUMNS FROM `think_type` [ RunTime:0.0005s ]
SQL: SELECT * FROM `think_type` WHERE `pid` = 0  [ RunTime:0.0001s ]
INFO: [ view_parse ] --START--
INFO: [ template_filter ] --START--
INFO: Run Behavior\ContentReplaceBehavior [ RunTime:0.000031s ]
INFO: [ template_filter ] --END-- [ RunTime:-0.003727s ]
SQL: SELECT * FROM `think_type` WHERE `pid` = '1'  [ RunTime:0.0001s ]
SQL: SELECT * FROM `think_type` WHERE `pid` = '1'  [ RunTime:0.0000s ]
SQL: SELECT * FROM `think_type` WHERE `pid` = '1'  [ RunTime:0.0000s ]
SQL: SELECT * FROM `think_type` WHERE `pid` = '4'  [ RunTime:0.0000s ]
SQL: SELECT * FROM `think_type` WHERE `pid` = '4'  [ RunTime:0.0000s ]
SQL: SELECT * FROM `think_type` WHERE `pid` = '4'  [ RunTime:0.0000s ]
SQL: SELECT * FROM `think_type` WHERE `pid` = '5'  [ RunTime:0.0001s ]
SQL: SELECT * FROM `think_type` WHERE `pid` = '5'  [ RunTime:0.0000s ]
SQL: SELECT * FROM `think_type` WHERE `pid` = '5'  [ RunTime:0.0000s ]
SQL: SELECT * FROM `think_type` WHERE `pid` = '6'  [ RunTime:0.0000s ]
SQL: SELECT * FROM `think_type` WHERE `pid` = '6'  [ RunTime:0.0000s ]
SQL: SELECT * FROM `think_type` WHERE `pid` = '6'  [ RunTime:0.0000s ]
SQL: SELECT * FROM `think_type` WHERE `pid` = '7'  [ RunTime:0.0000s ]
SQL: SELECT * FROM `think_type` WHERE `pid` = '7'  [ RunTime:0.0000s ]
SQL: SELECT * FROM `think_type` WHERE `pid` = '7'  [ RunTime:0.0000s ]
INFO: Run Behavior\ParseTemplateBehavior [ RunTime:0.004703s ]
INFO: [ view_parse ] --END-- [ RunTime:0.004735s ]
INFO: [ view_filter ] --START--
INFO: Run Behavior\WriteHtmlCacheBehavior [ RunTime:0.000129s ]
INFO: [ view_filter ] --END-- [ RunTime:0.000154s ]
SQL: SHOW COLUMNS FROM `think_article` [ RunTime:0.0004s ]
SQL: SELECT * FROM `think_article`  [ RunTime:0.0003s ]
SQL: SHOW COLUMNS FROM `think_person` [ RunTime:0.0003s ]
SQL: SELECT * FROM `think_person`  [ RunTime:0.0001s ]
SQL: SELECT * FROM `think_article` WHERE ( style=2 ) ORDER BY id desc LIMIT 4   [ RunTime:0.0001s ]
SQL: SELECT * FROM `think_article` ORDER BY click desc LIMIT 5   [ RunTime:0.0001s ]
INFO: Run Behavior\ParseTemplateBehavior [ RunTime:0.007633s ]
INFO: [ view_parse ] --END-- [ RunTime:0.004735s ]
INFO: [ view_filter ] --START--
INFO: Run Behavior\WriteHtmlCacheBehavior [ RunTime:0.000007s ]
INFO: [ view_filter ] --END-- [ RunTime:-0.002774s ]
INFO: [ app_end ] --START--
INFO: Run Behavior\ShowPageTraceBehavior [ RunTime:0.000395s ]
INFO: [ app_end ] --END-- [ RunTime:0.000426s ]

[ 2017-10-26T18:25:09+08:00 ] 122.190.2.36 /index.php?s=/Home/Article/lst/id/1/p/5.html
INFO: [ app_init ] --START--
INFO: Run Behavior\BuildLiteBehavior [ RunTime:0.000011s ]
INFO: [ app_init ] --END-- [ RunTime:0.000243s ]
INFO: [ app_begin ] --START--
INFO: Run Behavior\ReadHtmlCacheBehavior [ RunTime:0.000333s ]
INFO: [ app_begin ] --END-- [ RunTime:0.000369s ]
SQL: SHOW COLUMNS FROM `think_article` [ RunTime:0.0006s ]
SQL: SELECT COUNT(*) AS tp_count FROM `think_article` WHERE `type` = '1' LIMIT 1   [ RunTime:0.0001s ]
SQL: SELECT * FROM `think_article` WHERE `type` = '1' ORDER BY id desc LIMIT 20,5   [ RunTime:0.0002s ]
SQL: SHOW COLUMNS FROM `think_type` [ RunTime:0.0003s ]
SQL: SELECT * FROM `think_type`  [ RunTime:0.0000s ]
INFO: [ view_parse ] --START--
INFO: [ template_filter ] --START--
INFO: Run Behavior\ContentReplaceBehavior [ RunTime:0.000054s ]
INFO: [ template_filter ] --END-- [ RunTime:0.000090s ]
SQL: SHOW COLUMNS FROM `think_type` [ RunTime:0.0004s ]
SQL: SELECT * FROM `think_type` WHERE `pid` = 0  [ RunTime:0.0001s ]
INFO: [ view_parse ] --START--
INFO: [ template_filter ] --START--
INFO: Run Behavior\ContentReplaceBehavior [ RunTime:0.000031s ]
INFO: [ template_filter ] --END-- [ RunTime:-0.003693s ]
SQL: SELECT * FROM `think_type` WHERE `pid` = '1'  [ RunTime:0.0001s ]
SQL: SELECT * FROM `think_type` WHERE `pid` = '1'  [ RunTime:0.0000s ]
SQL: SELECT * FROM `think_type` WHERE `pid` = '1'  [ RunTime:0.0000s ]
SQL: SELECT * FROM `think_type` WHERE `pid` = '4'  [ RunTime:0.0000s ]
SQL: SELECT * FROM `think_type` WHERE `pid` = '4'  [ RunTime:0.0000s ]
SQL: SELECT * FROM `think_type` WHERE `pid` = '4'  [ RunTime:0.0000s ]
SQL: SELECT * FROM `think_type` WHERE `pid` = '5'  [ RunTime:0.0000s ]
SQL: SELECT * FROM `think_type` WHERE `pid` = '5'  [ RunTime:0.0000s ]
SQL: SELECT * FROM `think_type` WHERE `pid` = '5'  [ RunTime:0.0000s ]
SQL: SELECT * FROM `think_type` WHERE `pid` = '6'  [ RunTime:0.0000s ]
SQL: SELECT * FROM `think_type` WHERE `pid` = '6'  [ RunTime:0.0000s ]
SQL: SELECT * FROM `think_type` WHERE `pid` = '6'  [ RunTime:0.0000s ]
SQL: SELECT * FROM `think_type` WHERE `pid` = '7'  [ RunTime:0.0001s ]
SQL: SELECT * FROM `think_type` WHERE `pid` = '7'  [ RunTime:0.0000s ]
SQL: SELECT * FROM `think_type` WHERE `pid` = '7'  [ RunTime:0.0000s ]
INFO: Run Behavior\ParseTemplateBehavior [ RunTime:0.004849s ]
INFO: [ view_parse ] --END-- [ RunTime:0.004878s ]
INFO: [ view_filter ] --START--
INFO: Run Behavior\WriteHtmlCacheBehavior [ RunTime:0.000168s ]
INFO: [ view_filter ] --END-- [ RunTime:0.000195s ]
SQL: SHOW COLUMNS FROM `think_article` [ RunTime:0.0004s ]
SQL: SELECT * FROM `think_article`  [ RunTime:0.0003s ]
SQL: SHOW COLUMNS FROM `think_person` [ RunTime:0.0003s ]
SQL: SELECT * FROM `think_person`  [ RunTime:0.0001s ]
SQL: SELECT * FROM `think_article` WHERE ( style=2 ) ORDER BY id desc LIMIT 4   [ RunTime:0.0001s ]
SQL: SELECT * FROM `think_article` ORDER BY click desc LIMIT 5   [ RunTime:0.0001s ]
INFO: Run Behavior\ParseTemplateBehavior [ RunTime:0.008164s ]
INFO: [ view_parse ] --END-- [ RunTime:0.004878s ]
INFO: [ view_filter ] --START--
INFO: Run Behavior\WriteHtmlCacheBehavior [ RunTime:0.000008s ]
INFO: [ view_filter ] --END-- [ RunTime:-0.003141s ]
INFO: [ app_end ] --START--
INFO: Run Behavior\ShowPageTraceBehavior [ RunTime:0.000355s ]
INFO: [ app_end ] --END-- [ RunTime:0.000388s ]

[ 2017-10-26T18:25:11+08:00 ] 122.190.2.36 /index.php?s=/Home/Article/lst/id/1/p/4.html
INFO: [ app_init ] --START--
INFO: Run Behavior\BuildLiteBehavior [ RunTime:0.000017s ]
INFO: [ app_init ] --END-- [ RunTime:0.000388s ]
INFO: [ app_begin ] --START--
INFO: Run Behavior\ReadHtmlCacheBehavior [ RunTime:0.000487s ]
INFO: [ app_begin ] --END-- [ RunTime:0.000540s ]
SQL: SHOW COLUMNS FROM `think_article` [ RunTime:0.0006s ]
SQL: SELECT COUNT(*) AS tp_count FROM `think_article` WHERE `type` = '1' LIMIT 1   [ RunTime:0.0001s ]
SQL: SELECT * FROM `think_article` WHERE `type` = '1' ORDER BY id desc LIMIT 15,5   [ RunTime:0.0001s ]
SQL: SHOW COLUMNS FROM `think_type` [ RunTime:0.0003s ]
SQL: SELECT * FROM `think_type`  [ RunTime:0.0000s ]
INFO: [ view_parse ] --START--
INFO: [ template_filter ] --START--
INFO: Run Behavior\ContentReplaceBehavior [ RunTime:0.000059s ]
INFO: [ template_filter ] --END-- [ RunTime:0.000107s ]
SQL: SHOW COLUMNS FROM `think_type` [ RunTime:0.0004s ]
SQL: SELECT * FROM `think_type` WHERE `pid` = 0  [ RunTime:0.0001s ]
INFO: [ view_parse ] --START--
INFO: [ template_filter ] --START--
INFO: Run Behavior\ContentReplaceBehavior [ RunTime:0.000033s ]
INFO: [ template_filter ] --END-- [ RunTime:-0.003731s ]
SQL: SELECT * FROM `think_type` WHERE `pid` = '1'  [ RunTime:0.0001s ]
SQL: SELECT * FROM `think_type` WHERE `pid` = '1'  [ RunTime:0.0001s ]
SQL: SELECT * FROM `think_type` WHERE `pid` = '1'  [ RunTime:0.0000s ]
SQL: SELECT * FROM `think_type` WHERE `pid` = '4'  [ RunTime:0.0000s ]
SQL: SELECT * FROM `think_type` WHERE `pid` = '4'  [ RunTime:0.0001s ]
SQL: SELECT * FROM `think_type` WHERE `pid` = '4'  [ RunTime:0.0001s ]
SQL: SELECT * FROM `think_type` WHERE `pid` = '5'  [ RunTime:0.0001s ]
SQL: SELECT * FROM `think_type` WHERE `pid` = '5'  [ RunTime:0.0001s ]
SQL: SELECT * FROM `think_type` WHERE `pid` = '5'  [ RunTime:0.0001s ]
SQL: SELECT * FROM `think_type` WHERE `pid` = '6'  [ RunTime:0.0001s ]
SQL: SELECT * FROM `think_type` WHERE `pid` = '6'  [ RunTime:0.0001s ]
SQL: SELECT * FROM `think_type` WHERE `pid` = '6'  [ RunTime:0.0001s ]
SQL: SELECT * FROM `think_type` WHERE `pid` = '7'  [ RunTime:0.0001s ]
SQL: SELECT * FROM `think_type` WHERE `pid` = '7'  [ RunTime:0.0001s ]
SQL: SELECT * FROM `think_type` WHERE `pid` = '7'  [ RunTime:0.0001s ]
INFO: Run Behavior\ParseTemplateBehavior [ RunTime:0.005959s ]
INFO: [ view_parse ] --END-- [ RunTime:0.006001s ]
INFO: [ view_filter ] --START--
INFO: Run Behavior\WriteHtmlCacheBehavior [ RunTime:0.000152s ]
INFO: [ view_filter ] --END-- [ RunTime:0.000185s ]
SQL: SHOW COLUMNS FROM `think_article` [ RunTime:0.0005s ]
SQL: SELECT * FROM `think_article`  [ RunTime:0.0003s ]
SQL: SHOW COLUMNS FROM `think_person` [ RunTime:0.0005s ]
SQL: SELECT * FROM `think_person`  [ RunTime:0.0002s ]
SQL: SELECT * FROM `think_article` WHERE ( style=2 ) ORDER BY id desc LIMIT 4   [ RunTime:0.0001s ]
SQL: SELECT * FROM `think_article` ORDER BY click desc LIMIT 5   [ RunTime:0.0001s ]
INFO: Run Behavior\ParseTemplateBehavior [ RunTime:0.009936s ]
INFO: [ view_parse ] --END-- [ RunTime:0.006001s ]
INFO: [ view_filter ] --START--
INFO: Run Behavior\WriteHtmlCacheBehavior [ RunTime:0.000012s ]
INFO: [ view_filter ] --END-- [ RunTime:-0.003788s ]
INFO: [ app_end ] --START--
INFO: Run Behavior\ShowPageTraceBehavior [ RunTime:0.000552s ]
INFO: [ app_end ] --END-- [ RunTime:0.000604s ]

[ 2017-10-26T18:25:14+08:00 ] 122.190.2.36 /index.php?s=/Home/Article/lst/id/1/p/3.html
INFO: [ app_init ] --START--
INFO: Run Behavior\BuildLiteBehavior [ RunTime:0.000011s ]
INFO: [ app_init ] --END-- [ RunTime:0.000249s ]
INFO: [ app_begin ] --START--
INFO: Run Behavior\ReadHtmlCacheBehavior [ RunTime:0.000312s ]
INFO: [ app_begin ] --END-- [ RunTime:0.000349s ]
SQL: SHOW COLUMNS FROM `think_article` [ RunTime:0.0006s ]
SQL: SELECT COUNT(*) AS tp_count FROM `think_article` WHERE `type` = '1' LIMIT 1   [ RunTime:0.0001s ]
SQL: SELECT * FROM `think_article` WHERE `type` = '1' ORDER BY id desc LIMIT 10,5   [ RunTime:0.0001s ]
SQL: SHOW COLUMNS FROM `think_type` [ RunTime:0.0006s ]
SQL: SELECT * FROM `think_type`  [ RunTime:0.0001s ]
INFO: [ view_parse ] --START--
INFO: [ template_filter ] --START--
INFO: Run Behavior\ContentReplaceBehavior [ RunTime:0.000054s ]
INFO: [ template_filter ] --END-- [ RunTime:0.000091s ]
SQL: SHOW COLUMNS FROM `think_type` [ RunTime:0.0004s ]
SQL: SELECT * FROM `think_type` WHERE `pid` = 0  [ RunTime:0.0001s ]
INFO: [ view_parse ] --START--
INFO: [ template_filter ] --START--
INFO: Run Behavior\ContentReplaceBehavior [ RunTime:0.000028s ]
INFO: [ template_filter ] --END-- [ RunTime:-0.003538s ]
SQL: SELECT * FROM `think_type` WHERE `pid` = '1'  [ RunTime:0.0001s ]
SQL: SELECT * FROM `think_type` WHERE `pid` = '1'  [ RunTime:0.0000s ]
SQL: SELECT * FROM `think_type` WHERE `pid` = '1'  [ RunTime:0.0001s ]
SQL: SELECT * FROM `think_type` WHERE `pid` = '4'  [ RunTime:0.0000s ]
SQL: SELECT * FROM `think_type` WHERE `pid` = '4'  [ RunTime:0.0000s ]
SQL: SELECT * FROM `think_type` WHERE `pid` = '4'  [ RunTime:0.0000s ]
SQL: SELECT * FROM `think_type` WHERE `pid` = '5'  [ RunTime:0.0000s ]
SQL: SELECT * FROM `think_type` WHERE `pid` = '5'  [ RunTime:0.0000s ]
SQL: SELECT * FROM `think_type` WHERE `pid` = '5'  [ RunTime:0.0000s ]
SQL: SELECT * FROM `think_type` WHERE `pid` = '6'  [ RunTime:0.0001s ]
SQL: SELECT * FROM `think_type` WHERE `pid` = '6'  [ RunTime:0.0000s ]
SQL: SELECT * FROM `think_type` WHERE `pid` = '6'  [ RunTime:0.0000s ]
SQL: SELECT * FROM `think_type` WHERE `pid` = '7'  [ RunTime:0.0000s ]
SQL: SELECT * FROM `think_type` WHERE `pid` = '7'  [ RunTime:0.0001s ]
SQL: SELECT * FROM `think_type` WHERE `pid` = '7'  [ RunTime:0.0000s ]
INFO: Run Behavior\ParseTemplateBehavior [ RunTime:0.004586s ]
INFO: [ view_parse ] --END-- [ RunTime:0.004615s ]
INFO: [ view_filter ] --START--
INFO: Run Behavior\WriteHtmlCacheBehavior [ RunTime:0.000140s ]
INFO: [ view_filter ] --END-- [ RunTime:0.000166s ]
SQL: SHOW COLUMNS FROM `think_article` [ RunTime:0.0004s ]
SQL: SELECT * FROM `think_article`  [ RunTime:0.0003s ]
SQL: SHOW COLUMNS FROM `think_person` [ RunTime:0.0003s ]
SQL: SELECT * FROM `think_person`  [ RunTime:0.0001s ]
SQL: SELECT * FROM `think_article` WHERE ( style=2 ) ORDER BY id desc LIMIT 4   [ RunTime:0.0001s ]
SQL: SELECT * FROM `think_article` ORDER BY click desc LIMIT 5   [ RunTime:0.0001s ]
INFO: Run Behavior\ParseTemplateBehavior [ RunTime:0.007567s ]
INFO: [ view_parse ] --END-- [ RunTime:0.004615s ]
INFO: [ view_filter ] --START--
INFO: Run Behavior\WriteHtmlCacheBehavior [ RunTime:0.000007s ]
INFO: [ view_filter ] --END-- [ RunTime:-0.002815s ]
INFO: [ app_end ] --START--
INFO: Run Behavior\ShowPageTraceBehavior [ RunTime:0.000357s ]
INFO: [ app_end ] --END-- [ RunTime:0.000389s ]

[ 2017-10-26T18:25:16+08:00 ] 122.190.2.36 /index.php?s=/Home/Article/lst/id/1/p/2.html
INFO: [ app_init ] --START--
INFO: Run Behavior\BuildLiteBehavior [ RunTime:0.000013s ]
INFO: [ app_init ] --END-- [ RunTime:0.000262s ]
INFO: [ app_begin ] --START--
INFO: Run Behavior\ReadHtmlCacheBehavior [ RunTime:0.000306s ]
INFO: [ app_begin ] --END-- [ RunTime:0.000345s ]
SQL: SHOW COLUMNS FROM `think_article` [ RunTime:0.0006s ]
SQL: SELECT COUNT(*) AS tp_count FROM `think_article` WHERE `type` = '1' LIMIT 1   [ RunTime:0.0001s ]
SQL: SELECT * FROM `think_article` WHERE `type` = '1' ORDER BY id desc LIMIT 5,5   [ RunTime:0.0001s ]
SQL: SHOW COLUMNS FROM `think_type` [ RunTime:0.0003s ]
SQL: SELECT * FROM `think_type`  [ RunTime:0.0000s ]
INFO: [ view_parse ] --START--
INFO: [ template_filter ] --START--
INFO: Run Behavior\ContentReplaceBehavior [ RunTime:0.000055s ]
INFO: [ template_filter ] --END-- [ RunTime:0.000093s ]
SQL: SHOW COLUMNS FROM `think_type` [ RunTime:0.0003s ]
SQL: SELECT * FROM `think_type` WHERE `pid` = 0  [ RunTime:0.0001s ]
INFO: [ view_parse ] --START--
INFO: [ template_filter ] --START--
INFO: Run Behavior\ContentReplaceBehavior [ RunTime:0.000032s ]
INFO: [ template_filter ] --END-- [ RunTime:-0.003840s ]
SQL: SELECT * FROM `think_type` WHERE `pid` = '1'  [ RunTime:0.0001s ]
SQL: SELECT * FROM `think_type` WHERE `pid` = '1'  [ RunTime:0.0000s ]
SQL: SELECT * FROM `think_type` WHERE `pid` = '1'  [ RunTime:0.0001s ]
SQL: SELECT * FROM `think_type` WHERE `pid` = '4'  [ RunTime:0.0000s ]
SQL: SELECT * FROM `think_type` WHERE `pid` = '4'  [ RunTime:0.0000s ]
SQL: SELECT * FROM `think_type` WHERE `pid` = '4'  [ RunTime:0.0000s ]
SQL: SELECT * FROM `think_type` WHERE `pid` = '5'  [ RunTime:0.0000s ]
SQL: SELECT * FROM `think_type` WHERE `pid` = '5'  [ RunTime:0.0000s ]
SQL: SELECT * FROM `think_type` WHERE `pid` = '5'  [ RunTime:0.0000s ]
SQL: SELECT * FROM `think_type` WHERE `pid` = '6'  [ RunTime:0.0001s ]
SQL: SELECT * FROM `think_type` WHERE `pid` = '6'  [ RunTime:0.0000s ]
SQL: SELECT * FROM `think_type` WHERE `pid` = '6'  [ RunTime:0.0000s ]
SQL: SELECT * FROM `think_type` WHERE `pid` = '7'  [ RunTime:0.0000s ]
SQL: SELECT * FROM `think_type` WHERE `pid` = '7'  [ RunTime:0.0000s ]
SQL: SELECT * FROM `think_type` WHERE `pid` = '7'  [ RunTime:0.0000s ]
INFO: Run Behavior\ParseTemplateBehavior [ RunTime:0.004705s ]
INFO: [ view_parse ] --END-- [ RunTime:0.004734s ]
INFO: [ view_filter ] --START--
INFO: Run Behavior\WriteHtmlCacheBehavior [ RunTime:0.000136s ]
INFO: [ view_filter ] --END-- [ RunTime:0.000179s ]
SQL: SHOW COLUMNS FROM `think_article` [ RunTime:0.0004s ]
SQL: SELECT * FROM `think_article`  [ RunTime:0.0003s ]
SQL: SHOW COLUMNS FROM `think_person` [ RunTime:0.0003s ]
SQL: SELECT * FROM `think_person`  [ RunTime:0.0001s ]
SQL: SELECT * FROM `think_article` WHERE ( style=2 ) ORDER BY id desc LIMIT 4   [ RunTime:0.0001s ]
SQL: SELECT * FROM `think_article` ORDER BY click desc LIMIT 5   [ RunTime:0.0001s ]
INFO: Run Behavior\ParseTemplateBehavior [ RunTime:0.007751s ]
INFO: [ view_parse ] --END-- [ RunTime:0.004734s ]
INFO: [ view_filter ] --START--
INFO: Run Behavior\WriteHtmlCacheBehavior [ RunTime:0.000007s ]
INFO: [ view_filter ] --END-- [ RunTime:-0.002865s ]
INFO: [ app_end ] --START--
INFO: Run Behavior\ShowPageTraceBehavior [ RunTime:0.000372s ]
INFO: [ app_end ] --END-- [ RunTime:0.000405s ]

[ 2017-10-26T18:25:17+08:00 ] 122.190.2.36 /index.php?s=/Home/Article/lst/id/1/p/1.html
INFO: [ app_init ] --START--
INFO: Run Behavior\BuildLiteBehavior [ RunTime:0.000012s ]
INFO: [ app_init ] --END-- [ RunTime:0.000247s ]
INFO: [ app_begin ] --START--
INFO: Run Behavior\ReadHtmlCacheBehavior [ RunTime:0.000321s ]
INFO: [ app_begin ] --END-- [ RunTime:0.000357s ]
SQL: SHOW COLUMNS FROM `think_article` [ RunTime:0.0005s ]
SQL: SELECT COUNT(*) AS tp_count FROM `think_article` WHERE `type` = '1' LIMIT 1   [ RunTime:0.0001s ]
SQL: SELECT * FROM `think_article` WHERE `type` = '1' ORDER BY id desc LIMIT 0,5   [ RunTime:0.0001s ]
SQL: SHOW COLUMNS FROM `think_type` [ RunTime:0.0003s ]
SQL: SELECT * FROM `think_type`  [ RunTime:0.0000s ]
INFO: [ view_parse ] --START--
INFO: [ template_filter ] --START--
INFO: Run Behavior\ContentReplaceBehavior [ RunTime:0.000054s ]
INFO: [ template_filter ] --END-- [ RunTime:0.000089s ]
SQL: SHOW COLUMNS FROM `think_type` [ RunTime:0.0004s ]
SQL: SELECT * FROM `think_type` WHERE `pid` = 0  [ RunTime:0.0000s ]
INFO: [ view_parse ] --START--
INFO: [ template_filter ] --START--
INFO: Run Behavior\ContentReplaceBehavior [ RunTime:0.000029s ]
INFO: [ template_filter ] --END-- [ RunTime:-0.003578s ]
SQL: SELECT * FROM `think_type` WHERE `pid` = '1'  [ RunTime:0.0001s ]
SQL: SELECT * FROM `think_type` WHERE `pid` = '1'  [ RunTime:0.0000s ]
SQL: SELECT * FROM `think_type` WHERE `pid` = '1'  [ RunTime:0.0000s ]
SQL: SELECT * FROM `think_type` WHERE `pid` = '4'  [ RunTime:0.0001s ]
SQL: SELECT * FROM `think_type` WHERE `pid` = '4'  [ RunTime:0.0000s ]
SQL: SELECT * FROM `think_type` WHERE `pid` = '4'  [ RunTime:0.0000s ]
SQL: SELECT * FROM `think_type` WHERE `pid` = '5'  [ RunTime:0.0001s ]
SQL: SELECT * FROM `think_type` WHERE `pid` = '5'  [ RunTime:0.0000s ]
SQL: SELECT * FROM `think_type` WHERE `pid` = '5'  [ RunTime:0.0000s ]
SQL: SELECT * FROM `think_type` WHERE `pid` = '6'  [ RunTime:0.0000s ]
SQL: SELECT * FROM `think_type` WHERE `pid` = '6'  [ RunTime:0.0000s ]
SQL: SELECT * FROM `think_type` WHERE `pid` = '6'  [ RunTime:0.0000s ]
SQL: SELECT * FROM `think_type` WHERE `pid` = '7'  [ RunTime:0.0000s ]
SQL: SELECT * FROM `think_type` WHERE `pid` = '7'  [ RunTime:0.0000s ]
SQL: SELECT * FROM `think_type` WHERE `pid` = '7'  [ RunTime:0.0000s ]
INFO: Run Behavior\ParseTemplateBehavior [ RunTime:0.004603s ]
INFO: [ view_parse ] --END-- [ RunTime:0.004631s ]
INFO: [ view_filter ] --START--
INFO: Run Behavior\WriteHtmlCacheBehavior [ RunTime:0.000117s ]
INFO: [ view_filter ] --END-- [ RunTime:0.000142s ]
SQL: SHOW COLUMNS FROM `think_article` [ RunTime:0.0004s ]
SQL: SELECT * FROM `think_article`  [ RunTime:0.0002s ]
SQL: SHOW COLUMNS FROM `think_person` [ RunTime:0.0003s ]
SQL: SELECT * FROM `think_person`  [ RunTime:0.0001s ]
SQL: SELECT * FROM `think_article` WHERE ( style=2 ) ORDER BY id desc LIMIT 4   [ RunTime:0.0001s ]
SQL: SELECT * FROM `think_article` ORDER BY click desc LIMIT 5   [ RunTime:0.0001s ]
INFO: Run Behavior\ParseTemplateBehavior [ RunTime:0.007615s ]
INFO: [ view_parse ] --END-- [ RunTime:0.004631s ]
INFO: [ view_filter ] --START--
INFO: Run Behavior\WriteHtmlCacheBehavior [ RunTime:0.000007s ]
INFO: [ view_filter ] --END-- [ RunTime:-0.002869s ]
INFO: [ app_end ] --START--
INFO: Run Behavior\ShowPageTraceBehavior [ RunTime:0.000388s ]
INFO: [ app_end ] --END-- [ RunTime:0.000421s ]

