[ 2017-10-20T17:04:47+08:00 ] 125.39.239.60 /index.php
INFO: [ app_init ] --START--
INFO: Run Behavior\BuildLiteBehavior [ RunTime:0.000011s ]
INFO: [ app_init ] --END-- [ RunTime:0.000250s ]
INFO: [ app_begin ] --START--
INFO: Run Behavior\ReadHtmlCacheBehavior [ RunTime:0.000326s ]
INFO: [ app_begin ] --END-- [ RunTime:0.000363s ]
SQL: SHOW COLUMNS FROM `think_article` [ RunTime:0.0004s ]
SQL: SELECT COUNT(*) AS tp_count FROM `think_article` LIMIT 1   [ RunTime:0.0005s ]
SQL: SELECT * FROM `think_article` ORDER BY id desc LIMIT 0,15   [ RunTime:0.0105s ]
SQL: SHOW COLUMNS FROM `think_banner` [ RunTime:0.0003s ]
SQL: SELECT * FROM `think_banner`  [ RunTime:0.0001s ]
INFO: [ view_parse ] --START--
INFO: [ template_filter ] --START--
INFO: Run Behavior\ContentReplaceBehavior [ RunTime:0.000065s ]
INFO: [ template_filter ] --END-- [ RunTime:0.000116s ]
SQL: SHOW COLUMNS FROM `think_type` [ RunTime:0.0039s ]
SQL: SELECT * FROM `think_type` WHERE `pid` = 0  [ RunTime:0.0001s ]
INFO: [ view_parse ] --START--
INFO: [ template_filter ] --START--
INFO: Run Behavior\ContentReplaceBehavior [ RunTime:0.000027s ]
INFO: [ template_filter ] --END-- [ RunTime:-0.007606s ]
SQL: SHOW COLUMNS FROM `think_type` [ RunTime:0.0006s ]
SQL: SELECT * FROM `think_type` WHERE `pid` = '1'  [ RunTime:0.0002s ]
SQL: SELECT * FROM `think_type` WHERE `pid` = '1'  [ RunTime:0.0002s ]
SQL: SELECT * FROM `think_type` WHERE `pid` = '1'  [ RunTime:0.0002s ]
SQL: SELECT * FROM `think_type` WHERE `pid` = '4'  [ RunTime:0.0002s ]
SQL: SELECT * FROM `think_type` WHERE `pid` = '4'  [ RunTime:0.0002s ]
SQL: SELECT * FROM `think_type` WHERE `pid` = '4'  [ RunTime:0.0002s ]
SQL: SELECT * FROM `think_type` WHERE `pid` = '5'  [ RunTime:0.0002s ]
SQL: SELECT * FROM `think_type` WHERE `pid` = '5'  [ RunTime:0.0003s ]
SQL: SELECT * FROM `think_type` WHERE `pid` = '5'  [ RunTime:0.0002s ]
SQL: SELECT * FROM `think_type` WHERE `pid` = '6'  [ RunTime:0.0002s ]
SQL: SELECT * FROM `think_type` WHERE `pid` = '6'  [ RunTime:0.0002s ]
SQL: SELECT * FROM `think_type` WHERE `pid` = '6'  [ RunTime:0.0002s ]
SQL: SELECT * FROM `think_type` WHERE `pid` = '7'  [ RunTime:0.0002s ]
SQL: SELECT * FROM `think_type` WHERE `pid` = '7'  [ RunTime:0.0008s ]
SQL: SELECT * FROM `think_type` WHERE `pid` = '7'  [ RunTime:0.0000s ]
INFO: Run Behavior\ParseTemplateBehavior [ RunTime:0.008027s ]
INFO: [ view_parse ] --END-- [ RunTime:0.008057s ]
INFO: [ view_filter ] --START--
INFO: Run Behavior\WriteHtmlCacheBehavior [ RunTime:0.000121s ]
INFO: [ view_filter ] --END-- [ RunTime:0.000145s ]
SQL: SHOW COLUMNS FROM `think_article` [ RunTime:0.0009s ]
SQL: SELECT * FROM `think_article` WHERE ( style=1 ) ORDER BY id desc LIMIT 4   [ RunTime:0.0022s ]
SQL: SELECT * FROM `think_article`  [ RunTime:0.0002s ]
SQL: SHOW COLUMNS FROM `think_person` [ RunTime:0.0003s ]
SQL: SELECT * FROM `think_person`  [ RunTime:0.0009s ]
SQL: SELECT * FROM `think_article` WHERE ( style=2 ) ORDER BY id desc LIMIT 4   [ RunTime:0.0010s ]
SQL: SELECT * FROM `think_article` ORDER BY click desc LIMIT 5   [ RunTime:0.0002s ]
INFO: Run Behavior\ParseTemplateBehavior [ RunTime:0.016403s ]
INFO: [ view_parse ] --END-- [ RunTime:0.008057s ]
INFO: [ view_filter ] --START--
INFO: Run Behavior\WriteHtmlCacheBehavior [ RunTime:0.000009s ]
INFO: [ view_filter ] --END-- [ RunTime:-0.008239s ]
INFO: [ app_end ] --START--
INFO: Run Behavior\ShowPageTraceBehavior [ RunTime:0.000399s ]
INFO: [ app_end ] --END-- [ RunTime:0.000432s ]

[ 2017-10-20T17:04:47+08:00 ] 125.39.239.54 /
INFO: [ app_init ] --START--
INFO: Run Behavior\BuildLiteBehavior [ RunTime:0.000011s ]
INFO: [ app_init ] --END-- [ RunTime:0.000232s ]
INFO: [ app_begin ] --START--
INFO: Run Behavior\ReadHtmlCacheBehavior [ RunTime:0.000283s ]
INFO: [ app_begin ] --END-- [ RunTime:0.000319s ]
SQL: SHOW COLUMNS FROM `think_article` [ RunTime:0.0006s ]
SQL: SELECT COUNT(*) AS tp_count FROM `think_article` LIMIT 1   [ RunTime:0.0000s ]
SQL: SELECT * FROM `think_article` ORDER BY id desc LIMIT 0,15   [ RunTime:0.0010s ]
SQL: SHOW COLUMNS FROM `think_banner` [ RunTime:0.0009s ]
SQL: SELECT * FROM `think_banner`  [ RunTime:0.0001s ]
INFO: [ view_parse ] --START--
INFO: [ template_filter ] --START--
INFO: Run Behavior\ContentReplaceBehavior [ RunTime:0.000064s ]
INFO: [ template_filter ] --END-- [ RunTime:0.000107s ]
SQL: SHOW COLUMNS FROM `think_type` [ RunTime:0.0111s ]
SQL: SELECT * FROM `think_type` WHERE `pid` = 0  [ RunTime:0.0001s ]
INFO: [ view_parse ] --START--
INFO: [ template_filter ] --START--
INFO: Run Behavior\ContentReplaceBehavior [ RunTime:0.000031s ]
INFO: [ template_filter ] --END-- [ RunTime:-0.014964s ]
SQL: SHOW COLUMNS FROM `think_type` [ RunTime:0.0034s ]
SQL: SELECT * FROM `think_type` WHERE `pid` = '1'  [ RunTime:0.0001s ]
SQL: SELECT * FROM `think_type` WHERE `pid` = '1'  [ RunTime:0.0002s ]
SQL: SELECT * FROM `think_type` WHERE `pid` = '1'  [ RunTime:0.0002s ]
SQL: SELECT * FROM `think_type` WHERE `pid` = '4'  [ RunTime:0.0002s ]
SQL: SELECT * FROM `think_type` WHERE `pid` = '4'  [ RunTime:0.0002s ]
SQL: SELECT * FROM `think_type` WHERE `pid` = '4'  [ RunTime:0.0002s ]
SQL: SELECT * FROM `think_type` WHERE `pid` = '5'  [ RunTime:0.0002s ]
SQL: SELECT * FROM `think_type` WHERE `pid` = '5'  [ RunTime:0.0002s ]
SQL: SELECT * FROM `think_type` WHERE `pid` = '5'  [ RunTime:0.0002s ]
SQL: SELECT * FROM `think_type` WHERE `pid` = '6'  [ RunTime:0.0002s ]
SQL: SELECT * FROM `think_type` WHERE `pid` = '6'  [ RunTime:0.0002s ]
SQL: SELECT * FROM `think_type` WHERE `pid` = '6'  [ RunTime:0.0002s ]
SQL: SELECT * FROM `think_type` WHERE `pid` = '7'  [ RunTime:0.0002s ]
SQL: SELECT * FROM `think_type` WHERE `pid` = '7'  [ RunTime:0.0002s ]
SQL: SELECT * FROM `think_type` WHERE `pid` = '7'  [ RunTime:0.0002s ]
INFO: Run Behavior\ParseTemplateBehavior [ RunTime:0.010493s ]
INFO: [ view_parse ] --END-- [ RunTime:0.010523s ]
INFO: [ view_filter ] --START--
INFO: Run Behavior\WriteHtmlCacheBehavior [ RunTime:0.000136s ]
INFO: [ view_filter ] --END-- [ RunTime:0.000180s ]
SQL: SHOW COLUMNS FROM `think_article` [ RunTime:0.0013s ]
SQL: SELECT * FROM `think_article` WHERE ( style=1 ) ORDER BY id desc LIMIT 4   [ RunTime:0.0006s ]
SQL: SELECT * FROM `think_article`  [ RunTime:0.0027s ]
SQL: SHOW COLUMNS FROM `think_person` [ RunTime:0.0011s ]
SQL: SELECT * FROM `think_person`  [ RunTime:0.0001s ]
SQL: SELECT * FROM `think_article` WHERE ( style=2 ) ORDER BY id desc LIMIT 4   [ RunTime:0.0035s ]
SQL: SELECT * FROM `think_article` ORDER BY click desc LIMIT 5   [ RunTime:0.0001s ]
INFO: Run Behavior\ParseTemplateBehavior [ RunTime:0.023113s ]
INFO: [ view_parse ] --END-- [ RunTime:0.010523s ]
INFO: [ view_filter ] --START--
INFO: Run Behavior\WriteHtmlCacheBehavior [ RunTime:0.000009s ]
INFO: [ view_filter ] --END-- [ RunTime:-0.012502s ]
INFO: [ app_end ] --START--
INFO: Run Behavior\ShowPageTraceBehavior [ RunTime:0.000406s ]
INFO: [ app_end ] --END-- [ RunTime:0.000439s ]

