[ 2017-10-23T09:10:15+08:00 ] 172.68.47.248 /Uploads/admin/article/59ed40fde150d.png
INFO: [ app_init ] --START--
INFO: Run Behavior\BuildLiteBehavior [ RunTime:0.000012s ]
INFO: [ app_init ] --END-- [ RunTime:0.000335s ]
ERR: 无法加载模块:Uploads

[ 2017-10-23T09:10:15+08:00 ] 172.68.46.223 /Uploads/admin/article/59eb45518185e.jpg
INFO: [ app_init ] --START--
INFO: Run Behavior\BuildLiteBehavior [ RunTime:0.000011s ]
INFO: [ app_init ] --END-- [ RunTime:0.000295s ]
ERR: 无法加载模块:Uploads

[ 2017-10-23T09:10:16+08:00 ] 172.68.47.80 /Uploads/admin/article/59eb117b28f2a.png
INFO: [ app_init ] --START--
INFO: Run Behavior\BuildLiteBehavior [ RunTime:0.000012s ]
INFO: [ app_init ] --END-- [ RunTime:0.000239s ]
ERR: 无法加载模块:Uploads

[ 2017-10-23T09:10:16+08:00 ] 172.68.141.42 /Uploads/admin/article/59e4a6d11c3b2.jpg
INFO: [ app_init ] --START--
INFO: Run Behavior\BuildLiteBehavior [ RunTime:0.000011s ]
INFO: [ app_init ] --END-- [ RunTime:0.000309s ]
ERR: 无法加载模块:Uploads

[ 2017-10-23T09:10:16+08:00 ] 173.245.48.95 /Uploads/admin/article/59e8a7260b5db.jpg
INFO: [ app_init ] --START--
INFO: Run Behavior\BuildLiteBehavior [ RunTime:0.000012s ]
INFO: [ app_init ] --END-- [ RunTime:0.000247s ]
ERR: 无法加载模块:Uploads

[ 2017-10-23T09:12:46+08:00 ] 172.68.47.188 /favicon.ico
INFO: [ app_init ] --START--
INFO: Run Behavior\BuildLiteBehavior [ RunTime:0.000012s ]
INFO: [ app_init ] --END-- [ RunTime:0.000239s ]
ERR: 无法加载模块:Favicon

[ 2017-10-23T12:12:33+08:00 ] 122.190.2.42 /Uploads/admin/banner/59d8d5539f689.png
INFO: [ app_init ] --START--
INFO: Run Behavior\BuildLiteBehavior [ RunTime:0.000015s ]
INFO: [ app_init ] --END-- [ RunTime:0.000386s ]
ERR: 无法加载模块:Uploads

[ 2017-10-23T12:12:33+08:00 ] 122.190.2.78 /Uploads/admin/banner/59d8d56760b22.png
INFO: [ app_init ] --START--
INFO: Run Behavior\BuildLiteBehavior [ RunTime:0.000017s ]
INFO: [ app_init ] --END-- [ RunTime:0.000390s ]
ERR: 无法加载模块:Uploads

