[ 2017-10-22T21:31:13+08:00 ] 58.211.2.78 /Uploads/admin/article/59eb45518185e.jpg
INFO: [ app_init ] --START--
INFO: Run Behavior\BuildLiteBehavior [ RunTime:0.000011s ]
INFO: [ app_init ] --END-- [ RunTime:0.000286s ]
ERR: 无法加载模块:Uploads

[ 2017-10-22T21:31:14+08:00 ] 58.211.2.60 /Uploads/admin/article/59eb117b28f2a.png
INFO: [ app_init ] --START--
INFO: Run Behavior\BuildLiteBehavior [ RunTime:0.000010s ]
INFO: [ app_init ] --END-- [ RunTime:0.000238s ]
ERR: 无法加载模块:Uploads

[ 2017-10-22T21:31:14+08:00 ] 58.211.2.6 /Uploads/admin/article/59e8a7260b5db.jpg
INFO: [ app_init ] --START--
INFO: Run Behavior\BuildLiteBehavior [ RunTime:0.000012s ]
INFO: [ app_init ] --END-- [ RunTime:0.000282s ]
ERR: 无法加载模块:Uploads

[ 2017-10-22T21:31:14+08:00 ] 58.211.2.66 /Uploads/admin/article/59e4a6d11c3b2.jpg
INFO: [ app_init ] --START--
INFO: Run Behavior\BuildLiteBehavior [ RunTime:0.000016s ]
INFO: [ app_init ] --END-- [ RunTime:0.000339s ]
ERR: 无法加载模块:Uploads

[ 2017-10-22T21:32:29+08:00 ] 113.207.101.12 /Uploads/admin/article/59eb45518185e.jpg
INFO: [ app_init ] --START--
INFO: Run Behavior\BuildLiteBehavior [ RunTime:0.000014s ]
INFO: [ app_init ] --END-- [ RunTime:0.000309s ]
ERR: 无法加载模块:Uploads

[ 2017-10-22T21:32:30+08:00 ] 113.207.101.36 /Uploads/admin/article/59eb117b28f2a.png
INFO: [ app_init ] --START--
INFO: Run Behavior\BuildLiteBehavior [ RunTime:0.000012s ]
INFO: [ app_init ] --END-- [ RunTime:0.000245s ]
ERR: 无法加载模块:Uploads

[ 2017-10-22T21:32:30+08:00 ] 113.207.101.12 /Uploads/admin/article/59e8a7260b5db.jpg
INFO: [ app_init ] --START--
INFO: Run Behavior\BuildLiteBehavior [ RunTime:0.000011s ]
INFO: [ app_init ] --END-- [ RunTime:0.000243s ]
ERR: 无法加载模块:Uploads

[ 2017-10-22T21:32:30+08:00 ] 113.207.101.30 /Uploads/admin/article/59e4a6d11c3b2.jpg
INFO: [ app_init ] --START--
INFO: Run Behavior\BuildLiteBehavior [ RunTime:0.000013s ]
INFO: [ app_init ] --END-- [ RunTime:0.000250s ]
ERR: 无法加载模块:Uploads

[ 2017-10-22T21:32:50+08:00 ] 113.207.101.12 /ueditor/php/upload/image/20171021/1508576727192100.png
INFO: [ app_init ] --START--
INFO: Run Behavior\BuildLiteBehavior [ RunTime:0.000013s ]
INFO: [ app_init ] --END-- [ RunTime:0.000271s ]
ERR: 无法加载模块:Ueditor

[ 2017-10-22T21:32:50+08:00 ] 113.207.101.18 /ueditor/php/upload/image/20171021/1508576893925572.png
INFO: [ app_init ] --START--
INFO: Run Behavior\BuildLiteBehavior [ RunTime:0.000012s ]
INFO: [ app_init ] --END-- [ RunTime:0.000268s ]
ERR: 无法加载模块:Ueditor

[ 2017-10-22T21:32:50+08:00 ] 113.207.101.36 /ueditor/php/upload/image/20171021/1508576784755186.png
INFO: [ app_init ] --START--
INFO: Run Behavior\BuildLiteBehavior [ RunTime:0.000012s ]
INFO: [ app_init ] --END-- [ RunTime:0.000254s ]
ERR: 无法加载模块:Ueditor

[ 2017-10-22T21:32:50+08:00 ] 113.207.101.12 /ueditor/php/upload/image/20171021/1508576975627428.png
INFO: [ app_init ] --START--
INFO: Run Behavior\BuildLiteBehavior [ RunTime:0.000012s ]
INFO: [ app_init ] --END-- [ RunTime:0.000260s ]
ERR: 无法加载模块:Ueditor

[ 2017-10-22T21:32:50+08:00 ] 113.207.101.24 /ueditor/php/upload/image/20171021/1508577405957025.png
INFO: [ app_init ] --START--
INFO: Run Behavior\BuildLiteBehavior [ RunTime:0.000013s ]
INFO: [ app_init ] --END-- [ RunTime:0.000276s ]
ERR: 无法加载模块:Ueditor

[ 2017-10-22T21:32:50+08:00 ] 113.207.101.30 /ueditor/php/upload/image/20171021/1508577299752259.png
INFO: [ app_init ] --START--
INFO: Run Behavior\BuildLiteBehavior [ RunTime:0.000013s ]
INFO: [ app_init ] --END-- [ RunTime:0.000259s ]
ERR: 无法加载模块:Ueditor

