[ 2017-10-19T00:05:55+08:00 ] 141.101.69.41 /wp/wp-login.php
INFO: [ app_init ] --START--
INFO: Run Behavior\BuildLiteBehavior [ RunTime:0.000012s ]
INFO: [ app_init ] --END-- [ RunTime:0.000251s ]
ERR: 无法加载模块:Wp

[ 2017-10-19T00:23:38+08:00 ] 141.101.69.41 /new/wp-login.php
INFO: [ app_init ] --START--
INFO: Run Behavior\BuildLiteBehavior [ RunTime:0.000011s ]
INFO: [ app_init ] --END-- [ RunTime:0.000253s ]
ERR: 无法加载模块:New

[ 2017-10-19T00:43:39+08:00 ] 141.101.69.41 /blogs/wp-login.php
INFO: [ app_init ] --START--
INFO: Run Behavior\BuildLiteBehavior [ RunTime:0.000011s ]
INFO: [ app_init ] --END-- [ RunTime:0.000254s ]
ERR: 无法加载模块:Blogs

[ 2017-10-19T00:46:57+08:00 ] 141.101.69.41 /wp-login.php
INFO: [ app_init ] --START--
INFO: Run Behavior\BuildLiteBehavior [ RunTime:0.000019s ]
INFO: [ app_init ] --END-- [ RunTime:0.000429s ]
ERR: 无法加载模块:Wp-login

[ 2017-10-19T01:14:21+08:00 ] 141.101.69.41 /web/wp-login.php
INFO: [ app_init ] --START--
INFO: Run Behavior\BuildLiteBehavior [ RunTime:0.000011s ]
INFO: [ app_init ] --END-- [ RunTime:0.000234s ]
ERR: 无法加载模块:Web

[ 2017-10-19T01:54:07+08:00 ] 141.101.69.41 /site/wp-login.php
INFO: [ app_init ] --START--
INFO: Run Behavior\BuildLiteBehavior [ RunTime:0.000012s ]
INFO: [ app_init ] --END-- [ RunTime:0.000301s ]
ERR: 无法加载模块:Site

[ 2017-10-19T01:58:03+08:00 ] 141.101.69.41 /wordpress/wp-login.php
INFO: [ app_init ] --START--
INFO: Run Behavior\BuildLiteBehavior [ RunTime:0.000011s ]
INFO: [ app_init ] --END-- [ RunTime:0.000263s ]
ERR: 无法加载模块:Wordpress

[ 2017-10-19T02:17:26+08:00 ] 141.101.69.41 /news/wp-login.php
INFO: [ app_init ] --START--
INFO: Run Behavior\BuildLiteBehavior [ RunTime:0.000022s ]
INFO: [ app_init ] --END-- [ RunTime:0.000250s ]
ERR: 无法加载模块:News

[ 2017-10-19T03:46:55+08:00 ] 108.162.229.192 /cms/wp-login.php
INFO: [ app_init ] --START--
INFO: Run Behavior\BuildLiteBehavior [ RunTime:0.000012s ]
INFO: [ app_init ] --END-- [ RunTime:0.000234s ]
ERR: 无法加载模块:Cms

[ 2017-10-19T03:47:50+08:00 ] 141.101.88.174 /blog/wp-login.php
INFO: [ app_init ] --START--
INFO: Run Behavior\BuildLiteBehavior [ RunTime:0.000012s ]
INFO: [ app_init ] --END-- [ RunTime:0.000267s ]
ERR: 无法加载模块:Blog

[ 2017-10-19T04:16:13+08:00 ] 141.101.69.41 /test/wp-login.php
INFO: [ app_init ] --START--
INFO: Run Behavior\BuildLiteBehavior [ RunTime:0.000011s ]
INFO: [ app_init ] --END-- [ RunTime:0.000246s ]
ERR: 无法加载模块:Test

[ 2017-10-19T04:23:48+08:00 ] 141.101.69.41 /main/wp-login.php
INFO: [ app_init ] --START--
INFO: Run Behavior\BuildLiteBehavior [ RunTime:0.000017s ]
INFO: [ app_init ] --END-- [ RunTime:0.000403s ]
ERR: 无法加载模块:Main

[ 2017-10-19T21:23:56+08:00 ] 172.68.141.42 /Uploads/admin/article/59e4a6d11c3b2.jpg
INFO: [ app_init ] --START--
INFO: Run Behavior\BuildLiteBehavior [ RunTime:0.000013s ]
INFO: [ app_init ] --END-- [ RunTime:0.000249s ]
ERR: 无法加载模块:Uploads

[ 2017-10-19T21:23:57+08:00 ] 172.68.141.234 /Uploads/admin/article/59e8a7260b5db.jpg
INFO: [ app_init ] --START--
INFO: Run Behavior\BuildLiteBehavior [ RunTime:0.000011s ]
INFO: [ app_init ] --END-- [ RunTime:0.000292s ]
ERR: 无法加载模块:Uploads

[ 2017-10-19T21:24:30+08:00 ] 172.68.143.38 /favicon.ico
INFO: [ app_init ] --START--
INFO: Run Behavior\BuildLiteBehavior [ RunTime:0.000014s ]
INFO: [ app_init ] --END-- [ RunTime:0.000272s ]
ERR: 无法加载模块:Favicon

[ 2017-10-19T21:25:34+08:00 ] 122.190.2.30 /favicon.ico
INFO: [ app_init ] --START--
INFO: Run Behavior\BuildLiteBehavior [ RunTime:0.000013s ]
INFO: [ app_init ] --END-- [ RunTime:0.000268s ]
ERR: 无法加载模块:Favicon

[ 2017-10-19T21:26:17+08:00 ] 172.68.141.66 /ueditor/php/upload/image/20171019/1508418489439750.png
INFO: [ app_init ] --START--
INFO: Run Behavior\BuildLiteBehavior [ RunTime:0.000013s ]
INFO: [ app_init ] --END-- [ RunTime:0.000251s ]
ERR: 无法加载模块:Ueditor

[ 2017-10-19T21:26:57+08:00 ] 172.68.141.42 /Uploads/admin/article/59e4a6d11c3b2.jpg
INFO: [ app_init ] --START--
INFO: Run Behavior\BuildLiteBehavior [ RunTime:0.000018s ]
INFO: [ app_init ] --END-- [ RunTime:0.000378s ]
ERR: 无法加载模块:Uploads

[ 2017-10-19T21:26:58+08:00 ] 173.245.48.95 /Uploads/admin/article/59e8a7260b5db.jpg
INFO: [ app_init ] --START--
INFO: Run Behavior\BuildLiteBehavior [ RunTime:0.000012s ]
INFO: [ app_init ] --END-- [ RunTime:0.000280s ]
ERR: 无法加载模块:Uploads

[ 2017-10-19T21:27:07+08:00 ] 172.68.142.205 /ueditor/php/upload/image/20171016/1508156794263600.jpg
INFO: [ app_init ] --START--
INFO: Run Behavior\BuildLiteBehavior [ RunTime:0.000011s ]
INFO: [ app_init ] --END-- [ RunTime:0.000254s ]
ERR: 无法加载模块:Ueditor

[ 2017-10-19T21:27:10+08:00 ] 172.68.46.115 /ueditor/php/upload/image/20171016/1508156812243383.png
INFO: [ app_init ] --START--
INFO: Run Behavior\BuildLiteBehavior [ RunTime:0.000013s ]
INFO: [ app_init ] --END-- [ RunTime:0.000243s ]
ERR: 无法加载模块:Ueditor

[ 2017-10-19T21:27:32+08:00 ] 172.68.141.234 /Uploads/admin/article/59e8a7260b5db.jpg
INFO: [ app_init ] --START--
INFO: Run Behavior\BuildLiteBehavior [ RunTime:0.000013s ]
INFO: [ app_init ] --END-- [ RunTime:0.000254s ]
ERR: 无法加载模块:Uploads

[ 2017-10-19T21:27:45+08:00 ] 108.162.215.132 /Uploads/admin/article/59e4a6d11c3b2.jpg
INFO: [ app_init ] --START--
INFO: Run Behavior\BuildLiteBehavior [ RunTime:0.000013s ]
INFO: [ app_init ] --END-- [ RunTime:0.000280s ]
ERR: 无法加载模块:Uploads

