[ 2017-10-28T09:24:40+08:00 ] 125.39.239.120 /Uploads/admin/banner/59d8d56760b22.png
INFO: [ app_init ] --START--
INFO: Run Behavior\BuildLiteBehavior [ RunTime:0.000012s ]
INFO: [ app_init ] --END-- [ RunTime:0.000257s ]
ERR: 无法加载模块:Uploads

[ 2017-10-28T09:25:29+08:00 ] 125.39.239.96 /Uploads/admin/banner/59d8d5539f689.png
INFO: [ app_init ] --START--
INFO: Run Behavior\BuildLiteBehavior [ RunTime:0.000015s ]
INFO: [ app_init ] --END-- [ RunTime:0.000265s ]
ERR: 无法加载模块:Uploads

[ 2017-10-28T20:00:42+08:00 ] 113.207.101.18 /Uploads/admin/banner/59d8d5539f689.png
INFO: [ app_init ] --START--
INFO: Run Behavior\BuildLiteBehavior [ RunTime:0.000016s ]
INFO: [ app_init ] --END-- [ RunTime:0.000261s ]
ERR: 无法加载模块:Uploads

[ 2017-10-28T20:00:43+08:00 ] 113.207.101.30 /Uploads/admin/banner/59d8d56760b22.png
INFO: [ app_init ] --START--
INFO: Run Behavior\BuildLiteBehavior [ RunTime:0.000011s ]
INFO: [ app_init ] --END-- [ RunTime:0.000308s ]
ERR: 无法加载模块:Uploads

