[ 2017-10-27T09:21:06+08:00 ] 125.39.239.120 /Uploads/admin/banner/59d8d56760b22.png
INFO: [ app_init ] --START--
INFO: Run Behavior\BuildLiteBehavior [ RunTime:0.000010s ]
INFO: [ app_init ] --END-- [ RunTime:0.000244s ]
ERR: 无法加载模块:Uploads

[ 2017-10-27T09:21:57+08:00 ] 125.39.239.96 /Uploads/admin/banner/59d8d5539f689.png
INFO: [ app_init ] --START--
INFO: Run Behavior\BuildLiteBehavior [ RunTime:0.000011s ]
INFO: [ app_init ] --END-- [ RunTime:0.000259s ]
ERR: 无法加载模块:Uploads

[ 2017-10-27T11:45:13+08:00 ] 58.211.2.102 /Uploads/admin/banner/59d8d5539f689.png
INFO: [ app_init ] --START--
INFO: Run Behavior\BuildLiteBehavior [ RunTime:0.000011s ]
INFO: [ app_init ] --END-- [ RunTime:0.000250s ]
ERR: 无法加载模块:Uploads

[ 2017-10-27T11:45:13+08:00 ] 58.211.2.126 /Uploads/admin/banner/59d8d56760b22.png
INFO: [ app_init ] --START--
INFO: Run Behavior\BuildLiteBehavior [ RunTime:0.000012s ]
INFO: [ app_init ] --END-- [ RunTime:0.000242s ]
ERR: 无法加载模块:Uploads

[ 2017-10-27T23:00:01+08:00 ] 58.211.2.102 /Uploads/admin/banner/59d8d5539f689.png
INFO: [ app_init ] --START--
INFO: Run Behavior\BuildLiteBehavior [ RunTime:0.000015s ]
INFO: [ app_init ] --END-- [ RunTime:0.000283s ]
ERR: 无法加载模块:Uploads

[ 2017-10-27T23:00:01+08:00 ] 58.211.2.126 /Uploads/admin/banner/59d8d56760b22.png
INFO: [ app_init ] --START--
INFO: Run Behavior\BuildLiteBehavior [ RunTime:0.000017s ]
INFO: [ app_init ] --END-- [ RunTime:0.000300s ]
ERR: 无法加载模块:Uploads

[ 2017-10-27T23:03:21+08:00 ] 58.211.2.102 /Uploads/admin/banner/59d8d5539f689.png
INFO: [ app_init ] --START--
INFO: Run Behavior\BuildLiteBehavior [ RunTime:0.000010s ]
INFO: [ app_init ] --END-- [ RunTime:0.000243s ]
ERR: 无法加载模块:Uploads

[ 2017-10-27T23:03:21+08:00 ] 58.211.2.126 /Uploads/admin/banner/59d8d56760b22.png
INFO: [ app_init ] --START--
INFO: Run Behavior\BuildLiteBehavior [ RunTime:0.000011s ]
INFO: [ app_init ] --END-- [ RunTime:0.000237s ]
ERR: 无法加载模块:Uploads

[ 2017-10-27T23:03:32+08:00 ] 58.211.2.138 /thread/3.html
INFO: [ app_init ] --START--
INFO: Run Behavior\BuildLiteBehavior [ RunTime:0.000011s ]
INFO: [ app_init ] --END-- [ RunTime:0.000251s ]
ERR: 无法加载模块:Thread

[ 2017-10-27T23:03:33+08:00 ] 58.211.2.102 /favicon.ico
INFO: [ app_init ] --START--
INFO: Run Behavior\BuildLiteBehavior [ RunTime:0.000011s ]
INFO: [ app_init ] --END-- [ RunTime:0.000246s ]
ERR: 无法加载模块:Favicon

[ 2017-10-27T23:03:42+08:00 ] 58.211.2.96 /thread/3.html
INFO: [ app_init ] --START--
INFO: Run Behavior\BuildLiteBehavior [ RunTime:0.000011s ]
INFO: [ app_init ] --END-- [ RunTime:0.000261s ]
ERR: 无法加载模块:Thread

[ 2017-10-27T23:07:36+08:00 ] 58.211.2.60 /thread/3.html
INFO: [ app_init ] --START--
INFO: Run Behavior\BuildLiteBehavior [ RunTime:0.000010s ]
INFO: [ app_init ] --END-- [ RunTime:0.000246s ]
ERR: 无法加载模块:Thread

